#
# A fatal error has been detected by the Java Runtime Environment:
#
#  EXCEPTION_ACCESS_VIOLATION (0xc0000005) at pc=0x00007ffb84d7b661, pid=16728, tid=2788
#
# JRE version: Java(TM) SE Runtime Environment (24.0+36) (build 24+36-3646)
# Java VM: Java HotSpot(TM) 64-Bit Server VM (24+36-3646, mixed mode, sharing, tiered, compressed oops, compressed class ptrs, g1 gc, windows-amd64)
# Problematic frame:
# C  [awt.dll+0xdb661]
#
# No core dump will be written. Minidumps are not enabled by default on client versions of Windows
#
# If you would like to submit a bug report, please visit:
#   https://bugreport.java.com/bugreport/crash.jsp
# The crash happened outside the Java Virtual Machine in native code.
# See problematic frame for where to report the bug.
#

---------------  S U M M A R Y ------------

Command Line: com.mycompany.pantallapricipal.Pantallapricipal

Host: Intel(R) Core(TM) i5-5300U CPU @ 2.30GHz, 4 cores, 7G,  Windows 11 , 64 bit Build 26100 (10.0.26100.4202)
Time: Wed Jul 16 20:37:15 2025 Central Standard Time (Mexico) elapsed time: 25090.991921 seconds (0d 6h 58m 10s)

---------------  T H R E A D  ---------------

Current thread (0x0000026593a4ff90):  JavaThread "AWT-Windows" daemon [_thread_in_native, id=2788, stack(0x000000bb6dd00000,0x000000bb6de00000) (1024K)]

Stack: [0x000000bb6dd00000,0x000000bb6de00000],  sp=0x000000bb6ddfe920,  free space=1018k
Native frames: (J=compiled Java code, j=interpreted, Vv=VM code, C=native code)
C  [awt.dll+0xdb661]  (no source info available)
C  [awt.dll+0x975ac]  (no source info available)
C  [awt.dll+0x97656]  (no source info available)
C  [awt.dll+0x94a26]  (no source info available)
C  [awt.dll+0xdfa4c]  (no source info available)
C  [awt.dll+0xb0a7d]  (no source info available)
C  [awt.dll+0x97b8d]  (no source info available)
C  [USER32.dll+0xd159]  (no source info available)
C  [USER32.dll+0xcc6f]  (no source info available)
C  [awt.dll+0x161c3]  (no source info available)
C  [COMCTL32.dll+0x23a08]  (no source info available)
C  [COMCTL32.dll+0x237df]  (no source info available)
C  [USER32.dll+0xd159]  (no source info available)
C  [USER32.dll+0xb152]  (no source info available)
C  [awt.dll+0xd4cae]  (no source info available)
C  [awt.dll+0xd6aa2]  (no source info available)
C  0x000002658753ce20  (no source info available)

The last pc belongs to native method entry point (kind = native) (printed below).
Java frames: (J=compiled Java code, j=interpreted, Vv=VM code)
j  sun.awt.windows.WToolkit.eventLoop()V+0 java.desktop@24
j  sun.awt.windows.WToolkit.run()V+56 java.desktop@24
j  java.lang.Thread.runWith(Ljava/lang/Object;Ljava/lang/Runnable;)V+5 java.base@24
j  java.lang.Thread.run()V+19 java.base@24
v  ~StubRoutines::call_stub 0x0000026587530fcd

siginfo: EXCEPTION_ACCESS_VIOLATION (0xc0000005), reading address 0xffffffffffffffff


Registers:
RAX=0x003065766f6d6572, RBX=0x0000026593f5aad0, RCX=0x0000000000000000, RDX=0x0000000000000000
RSP=0x000000bb6ddfe920, RBP=0x000000bb6ddfea29, RSI=0x0000000024010103, RDI=0x0000000000000000
R8 =0x0000000000000001, R9 =0x000000bb6c49f000, R10=0x0000000000000000, R11=0x0000000000000246
R12=0x0000000000000000, R13=0x0000000000000310, R14=0x0000000000000000, R15=0x0000000000000000
RIP=0x00007ffb84d7b661, EFLAGS=0x0000000000010246

XMM[0]=0x0000000000000000 0x0000000000000000
XMM[1]=0x0000000000000000 0x0000000000000000
XMM[2]=0x0000000000000000 0x0000000000000000
XMM[3]=0x0000000000000000 0x0000000000000000
XMM[4]=0x0000000000000000 0x0000000000000000
XMM[5]=0x0000000000000000 0x0000000000000000
XMM[6]=0x0000000000000000 0x0000000000000000
XMM[7]=0x0000000000000000 0x0000000000000000
XMM[8]=0x0000000000000000 0x0000000000000000
XMM[9]=0x0000000000000000 0x0000000000000000
XMM[10]=0x0000000000000000 0x0000000000000000
XMM[11]=0x0000000000000000 0x0000000000000000
XMM[12]=0x0000000000000000 0x0000000000000000
XMM[13]=0x0000000000000000 0x0000000000000000
XMM[14]=0x0000000000000000 0x0000000000000000
XMM[15]=0x0000000000000000 0x0000000000000000
  MXCSR=0x00001fa0


Register to memory mapping:

RAX=0x003065766f6d6572 is an unknown value
RBX=0x0000026593f5aad0 points into unknown readable memory: 0x0000026593b6ec80 | 80 ec b6 93 65 02 00 00
RCX=0x0 is null
RDX=0x0 is null
RSP=0x000000bb6ddfe920 is pointing into the stack for thread: 0x0000026593a4ff90
RBP=0x000000bb6ddfea29 is pointing into the stack for thread: 0x0000026593a4ff90
RSI=0x0000000024010103 is an unknown value
RDI=0x0 is null
R8 =0x0000000000000001 is an unknown value
R9 =0x000000bb6c49f000 points into unknown readable memory: 0x0000000000000000 | 00 00 00 00 00 00 00 00
R10=0x0 is null
R11=0x0000000000000246 is an unknown value
R12=0x0 is null
R13=0x0000000000000310 is an unknown value
R14=0x0 is null
R15=0x0 is null

Top of Stack: (sp=0x000000bb6ddfe920)
0x000000bb6ddfe920:   00007ffb84dd7838 0000000024010103   8x.........$....
0x000000bb6ddfe930:   0000000000000000 0000000000000000   ................
0x000000bb6ddfe940:   0000000000000000 00007ffb84d375ac   .........u......
0x000000bb6ddfe950:   0000000024010103 00000265939ff100   ...$........e...
0x000000bb6ddfe960:   0000026593f5aad0 0000000000000000   ....e...........
0x000000bb6ddfe970:   0000000000000000 00007ffb84d37656   ........Vv......
0x000000bb6ddfe980:   00000265939ff100 00007ffb84ca0000   ....e...........
0x000000bb6ddfe990:   000000bb6ddfea88 00007ffb9dab3a08   ...m.....:......
0x000000bb6ddfe9a0:   0000000000000000 00007ffb84d34a26   ........&J......
0x000000bb6ddfe9b0:   00000265939ff100 0000000000000000   ....e...........
0x000000bb6ddfe9c0:   00007ffb84d37b30 00007ffbb278c8ae   0{........x.....
0x000000bb6ddfe9d0:   0000000000000000 000000000000c278   ........x.......
0x000000bb6ddfe9e0:   000000bb6ddfea80 0000000000000001   ...m............
0x000000bb6ddfe9f0:   0000000000000000 000000bb6ddfea88   ...........m....
0x000000bb6ddfea00:   0000000000000000 0000000000000000   ................
0x000000bb6ddfea10:   0000000000000000 0000026593a50358   ........X...e...
0x000000bb6ddfea20:   00000265939ff1a0 0000000000000000   ....e...........
0x000000bb6ddfea30:   0000000000000000 00001bd51ec7da22   ........".......
0x000000bb6ddfea40:   0000000000000000 0000000000000000   ................
0x000000bb6ddfea50:   0000000000000000 0000000000000000   ................
0x000000bb6ddfea60:   0000000000000000 0000000000000310   ................
0x000000bb6ddfea70:   0000000000000000 00000265939ff100   ............e...
0x000000bb6ddfea80:   00000265939ff100 00007ffb84d7fa4c   ....e...L.......
0x000000bb6ddfea90:   0000000000000000 000023e8cf055f8c   ........._...#..
0x000000bb6ddfeaa0:   0000dc4e832da949 0000000000000022   I.-.N...".......
0x000000bb6ddfeab0:   000000000000c278 0000000000000000   x...............
0x000000bb6ddfeac0:   0000000000000000 00007ffbb139d328   ........(.9.....
0x000000bb6ddfead0:   0000000000000000 0000000000000001   ................
0x000000bb6ddfeae0:   0000000000000022 00007ffbb27f31cf   "........1......
0x000000bb6ddfeaf0:   0000000000000310 00007ffbb139c8ca   ..........9.....
0x000000bb6ddfeb00:   ffffffffffffffeb 00001bd51ec7d902   ................
0x000000bb6ddfeb10:   00000265f4fbeb00 0000000000000000   ....e...........

Instructions: (pc=0x00007ffb84d7b661)
  0x00007ffb84d7b561:   83 ec 28 66 0f 6e c2 0f 5b c0 f3 0f 59 41 48 0f
  0x00007ffb84d7b571:   5a c8 f2 0f 10 05 fd 35 03 00 f2 0f 5c 0d 85 36
  0x00007ffb84d7b581:   01 00 66 0f 2f c1 76 0a b8 00 00 00 80 48 83 c4
  0x00007ffb84d7b591:   28 c3 66 0f 2f 0d 05 80 02 00 76 0a b8 ff ff ff
  0x00007ffb84d7b5a1:   7f 48 83 c4 28 c3 0f 28 c1 e8 9f fb 00 00 f2 0f
  0x00007ffb84d7b5b1:   2c c0 48 83 c4 28 c3 cc cc cc cc cc cc cc cc 48
  0x00007ffb84d7b5c1:   83 ec 28 66 0f 6e c2 0f 5b c0 f3 0f 59 41 4c 0f
  0x00007ffb84d7b5d1:   5a c8 f2 0f 10 05 9d 35 03 00 f2 0f 5c 0d 25 36
  0x00007ffb84d7b5e1:   01 00 66 0f 2f c1 76 0a b8 00 00 00 80 48 83 c4
  0x00007ffb84d7b5f1:   28 c3 66 0f 2f 0d a5 7f 02 00 76 0a b8 ff ff ff
  0x00007ffb84d7b601:   7f 48 83 c4 28 c3 0f 28 c1 e8 3f fb 00 00 f2 0f
  0x00007ffb84d7b611:   2c c0 48 83 c4 28 c3 cc cc cc cc cc cc cc cc 48
  0x00007ffb84d7b621:   8b 49 08 48 85 c9 0f 85 93 81 fe ff 33 c0 c3 48
  0x00007ffb84d7b631:   89 5c 24 08 48 89 74 24 10 57 48 83 ec 20 8b fa
  0x00007ffb84d7b641:   48 8b f1 e8 57 c6 f4 ff 48 8b d8 48 89 44 24 40
  0x00007ffb84d7b651:   41 b8 01 00 00 00 8b d7 48 8b c8 e8 bf c5 f4 ff
=>0x00007ffb84d7b661:   48 8b 48 08 48 85 c9 74 0d 48 8b d6 e8 4e 81 fe
  0x00007ffb84d7b671:   ff 48 8b f8 eb 02 33 ff 48 8b cb e8 df c7 f4 ff
  0x00007ffb84d7b681:   90 48 8b c7 48 8b 5c 24 30 48 8b 74 24 38 48 83
  0x00007ffb84d7b691:   c4 20 5f c3 cc cc cc cc cc cc cc cc cc cc cc 48
  0x00007ffb84d7b6a1:   8b 01 89 10 c3 cc cc cc cc cc cc cc cc cc cc 40
  0x00007ffb84d7b6b1:   57 48 83 ec 40 48 83 79 38 00 48 8b f9 0f 84 96
  0x00007ffb84d7b6c1:   01 00 00 48 8b 0d 25 87 06 00 ba 02 00 01 00 48
  0x00007ffb84d7b6d1:   89 5c 24 58 48 89 74 24 68 e8 50 c5 00 00 4c 8b
  0x00007ffb84d7b6e1:   05 52 8c 06 00 48 8b c8 48 8b 57 38 48 8b d8 4c
  0x00007ffb84d7b6f1:   8b 08 41 ff 91 f8 02 00 00 48 8b f0 48 85 c0 0f
  0x00007ffb84d7b701:   84 4a 01 00 00 4c 8b 0b 48 8b d0 4c 8b 05 15 8c
  0x00007ffb84d7b711:   06 00 48 8b cb 41 ff 91 00 01 00 00 84 c0 0f 84
  0x00007ffb84d7b721:   2b 01 00 00 48 8b 7f 08 48 8b d6 48 8b 03 48 8b
  0x00007ffb84d7b731:   cb 4c 8b 05 07 8c 06 00 48 81 c7 00 04 00 00 48
  0x00007ffb84d7b741:   89 6c 24 60 4c 89 64 24 38 ff 90 f8 02 00 00 4c
  0x00007ffb84d7b751:   8b 0b 48 8b d6 4c 8b 05 eb 8b 06 00 48 8b cb 4c


Stack slot to memory mapping:

stack at sp + 0 slots: 0x00007ffb84dd7838 awt.dll
stack at sp + 1 slots: 0x0000000024010103 is an unknown value
stack at sp + 2 slots: 0x0 is null
stack at sp + 3 slots: 0x0 is null
stack at sp + 4 slots: 0x0 is null
stack at sp + 5 slots: 0x00007ffb84d375ac awt.dll
stack at sp + 6 slots: 0x0000000024010103 is an unknown value
stack at sp + 7 slots: 0x00000265939ff100 points into unknown readable memory: 0x00007ffb84daa860 | 60 a8 da 84 fb 7f 00 00

Lock stack of current Java thread (top to bottom):

native method entry point (kind = native)  [0x000002658753ca40, 0x000002658753d478]  2616 bytes
[MachCode]
  0x000002658753ca40: 488b 4b08 | 0fb7 492e | 584c 8d74 | ccf8 6800 | 0000 0068 | 0000 0000 | 5055 488b | ec41 5568 
  0x000002658753ca60: 0000 0000 | 4c8b 6b08 | 4d8d 6d38 | 5348 8b53 | 0848 8b52 | 0848 8b52 | 1848 8b52 | 7048 8b12 
  0x000002658753ca80: 5248 8b53 | 1048 85d2 | 0f84 0700 | 0000 4881 | c208 0100 | 0052 488b | 5308 488b | 5208 488b 
  0x000002658753caa0: 5210 5249 | 8bc6 482b | c548 c1e8 | 0350 6800 | 0000 0068 | f7ff ffff | 41c6 8771 | 0400 0001 
  0x000002658753cac0: 488b 4310 | 4885 c074 | 208b 88cc | 0000 0083 | c102 8988 | cc00 0000 | 2388 e000 | 0000 0f84 
  0x000002658753cae0: e408 0000 | e9cd 0000 | 0048 8b43 | 1848 85c0 | 0f85 b000 | 0000 e805 | 0000 00e9 | 9900 0000 
  0x000002658753cb00: 488b d348 | 8d44 2408 | 4c89 6dc0 | 498b cfc5 | f877 4989 | afb8 0300 | 0049 8987 | a803 0000 
  0x000002658753cb20: 4883 ec20 | 40f6 c40f | 0f84 1900 | 0000 4883 | ec08 48b8 | 0031 886f | fb7f 0000 | ffd0 4883 
  0x000002658753cb40: c408 e90c | 0000 0048 | b800 3188 | 6ffb 7f00 | 00ff d048 | 83c4 2049 | c787 a803 | 0000 0000 
  0x000002658753cb60: 0000 49c7 | 87b8 0300 | 0000 0000 | 0049 c787 | b003 0000 | 0000 0000 | c5f8 7749 | 837f 0800 
  0x000002658753cb80: 0f84 0500 | 0000 e935 | 43ff ff4c | 8b6d c04c | 8b75 c84e | 8d74 f500 | c348 8b43 | 1848 85c0 
  0x000002658753cba0: 0f84 1000 | 0000 8b08 | 83c1 0289 | 0823 4814 | 0f84 1208 | 0000 493b | a7f0 0400 | 000f 8748 
  0x000002658753cbc0: 0000 0089 | 8424 00f0 | ffff 8984 | 2400 e0ff | ff89 8424 | 00d0 ffff | 8984 2400 | c0ff ff89 
  0x000002658753cbe0: 8424 00b0 | ffff 8984 | 2400 a0ff | ff89 8424 | 0090 ffff | 8984 2400 | 80ff ff49 | 3ba7 e804 
  0x000002658753cc00: 0000 7607 | 4989 a7f0 | 0400 0041 | c687 7104 | 0000 0048 | 8b5d e84c | 8b5b 0845 | 0fb7 5b2e 
  0x000002658753cc20: 41c1 e303 | 492b e348 | 83ec 2048 | 83e4 f04c | 8b5b 604d | 85db 0f85 | ab00 0000 | e805 0000 
  0x000002658753cc40: 00e9 9900 | 0000 488b | d348 8d44 | 2408 4c89 | 6dc0 498b | cfc5 f877 | 4989 afb8 | 0300 0049 
  0x000002658753cc60: 8987 a803 | 0000 4883 | ec20 40f6 | c40f 0f84 | 1900 0000 | 4883 ec08 | 48b8 405b | 886f fb7f 
  0x000002658753cc80: 0000 ffd0 | 4883 c408 | e90c 0000 | 0048 b840 | 5b88 6ffb | 7f00 00ff | d048 83c4 | 2049 c787 
  0x000002658753cca0: a803 0000 | 0000 0000 | 49c7 87b8 | 0300 0000 | 0000 0049 | c787 b003 | 0000 0000 | 0000 c5f8 
  0x000002658753ccc0: 7749 837f | 0800 0f84 | 0500 0000 | e9ef 41ff | ff4c 8b6d | c04c 8b75 | c84e 8d74 | f500 c348 
  0x000002658753cce0: 8b5d e84c | 8b5b 6041 | ffd3 488b | 5de8 4889 | 4518 448b | 5b28 41f6 | c308 0f84 | 1b00 0000 
  0x000002658753cd00: 4c8b 5b08 | 4d8b 5b08 | 4d8b 5b18 | 4d8b 5b70 | 4d8b 1b4c | 895d 1048 | 8d55 1048 | 8b43 5849 
  0x000002658753cd20: bad0 71c1 | 6ffb 7f00 | 0049 3bc2 | 0f85 ab00 | 0000 e805 | 0000 00e9 | 9900 0000 | 488b d348 
  0x000002658753cd40: 8d44 2408 | 4c89 6dc0 | 498b cfc5 | f877 4989 | afb8 0300 | 0049 8987 | a803 0000 | 4883 ec20 
  0x000002658753cd60: 40f6 c40f | 0f84 1900 | 0000 4883 | ec08 48b8 | 405b 886f | fb7f 0000 | ffd0 4883 | c408 e90c 
  0x000002658753cd80: 0000 0048 | b840 5b88 | 6ffb 7f00 | 00ff d048 | 83c4 2049 | c787 a803 | 0000 0000 | 0000 49c7 
  0x000002658753cda0: 87b8 0300 | 0000 0000 | 0049 c787 | b003 0000 | 0000 0000 | c5f8 7749 | 837f 0800 | 0f84 0500 
  0x000002658753cdc0: 0000 e9f9 | 40ff ff4c | 8b6d c04c | 8b75 c84e | 8d74 f500 | c348 8b5d | e848 8b43 | 5849 8d8f 
  0x000002658753cde0: c803 0000 | 4c8d 15d5 | 0000 004d | 8997 b003 | 0000 c5f8 | 7749 89af | b803 0000 | 4989 a7a8 
  0x000002658753ce00: 0300 0041 | c787 5404 | 0000 0400 | 0000 493b | a748 0500 | 0076 0749 | 89a7 4805 | 0000 ffd0 
  0x000002658753ce20: 493b a748 | 0500 0072 | 0b49 c787 | 4805 0000 | 0000 0000 | c5f8 7748 | 83ec 10c5 | fb11 0424 
  0x000002658753ce40: 4883 ec10 | 4889 0424 | 48c7 4424 | 0800 0000 | 0041 c787 | 5404 0000 | 0500 0000 | f083 4424 
  0x000002658753ce60: c000 493b | 6f28 0f87 | 0e00 0000 | 4183 bf50 | 0400 0000 | 0f84 2000 | 0000 498b | cf4c 8be4 
  0x000002658753ce80: 4883 ec20 | 4883 e4f0 | 48b8 c0ba | 896f fb7f | 0000 ffd0 | 498b e44d | 33e4 41c7 | 8754 0400 
  0x000002658753cea0: 0008 0000 | 004d 8b97 | 7005 0000 | 4983 fa00 | 7435 49c7 | 8770 0500 | 0000 0000 | 0041 ffe2 
  0x000002658753cec0: 49ba 00bb | 5387 6502 | 0000 41ff | d248 83ec | 10c5 fb11 | 0424 4883 | ec10 4889 | 0424 48c7 
  0x000002658753cee0: 4424 0800 | 0000 0049 | c787 a803 | 0000 0000 | 0000 49c7 | 87b8 0300 | 0000 0000 | 0049 c787 
  0x000002658753cf00: b003 0000 | 0000 0000 | c5f8 774d | 8b9f 3804 | 0000 41c7 | 8300 0100 | 0000 0000 | 0049 bb3a 
  0x000002658753cf20: a453 8765 | 0200 004c | 3b5d 180f | 8555 0100 | 0048 8b04 | 2448 83c4 | 1048 85c0 | 0f84 2f01 
  0x000002658753cf40: 0000 a803 | 0f85 0800 | 0000 488b | 00e9 1f01 | 0000 a801 | 0f85 0900 | 0000 488b | 40fe e90e 
  0x000002658753cf60: 0100 0048 | 8b40 ff41 | 807f 4800 | 0f84 ff00 | 0000 4883 | f800 0f84 | f500 0000 | 4d8b 5f38 
  0x000002658753cf80: 4d85 db0f | 8414 0000 | 0049 83eb | 084d 895f | 384d 035f | 4049 8903 | e9d4 0000 | 0048 83ec 
  0x000002658753cfa0: 7048 8904 | 2448 894c | 2408 4889 | 5424 104c | 8944 2418 | 4c89 4c24 | 204c 8954 | 2428 4c89 
  0x000002658753cfc0: 5c24 30c5 | fb11 4424 | 40c5 fb11 | 4c24 48c5 | fb11 5424 | 50c5 fb11 | 5c24 58c5 | fb11 6424 
  0x000002658753cfe0: 60c5 fb11 | 6c24 6849 | 8bd7 488b | c848 83ec | 2040 f6c4 | 0f0f 8419 | 0000 0048 | 83ec 0848 
  0x000002658753d000: b830 4a7c | 6ffb 7f00 | 00ff d048 | 83c4 08e9 | 0c00 0000 | 48b8 304a | 7c6f fb7f | 0000 ffd0 
  0x000002658753d020: 4883 c420 | c5fb 106c | 2468 c5fb | 1064 2460 | c5fb 105c | 2458 c5fb | 1054 2450 | c5fb 104c 
  0x000002658753d040: 2448 c5fb | 1044 2440 | 4c8b 5c24 | 304c 8b54 | 2428 4c8b | 4c24 204c | 8b44 2418 | 488b 5424 
  0x000002658753d060: 1048 8b4c | 2408 488b | 0424 4883 | c470 c5f8 | 7748 8945 | 1048 83ec | 1048 8904 | 2448 c744 
  0x000002658753d080: 2408 0000 | 0000 4183 | bfd0 0400 | 0002 0f85 | bf00 0000 | 4881 ec80 | 0000 0048 | 8944 2478 
  0x000002658753d0a0: 4889 4c24 | 7048 8954 | 2468 4889 | 5c24 6048 | 896c 2450 | 4889 7424 | 4848 897c | 2440 4c89 
  0x000002658753d0c0: 4424 384c | 894c 2430 | 4c89 5424 | 284c 895c | 2420 4c89 | 6424 184c | 896c 2410 | 4c89 7424 
  0x000002658753d0e0: 084c 893c | 244c 8be4 | 4883 ec20 | 4883 e4f0 | 48b8 6058 | c16f fb7f | 0000 ffd0 | 498b e44c 
  0x000002658753d100: 8b3c 244c | 8b74 2408 | 4c8b 6c24 | 104c 8b64 | 2418 4c8b | 5c24 204c | 8b54 2428 | 4c8b 4c24 
  0x000002658753d120: 304c 8b44 | 2438 488b | 7c24 4048 | 8b74 2448 | 488b 6c24 | 5048 8b5c | 2460 488b | 5424 6848 
  0x000002658753d140: 8b4c 2470 | 488b 4424 | 7848 81c4 | 8000 0000 | 4d33 e448 | 8b5d e84c | 8b6b 084d | 8d6d 3849 
  0x000002658753d160: 837f 0800 | 0f84 bb00 | 0000 e805 | 0000 00e9 | 9600 0000 | 488d 4424 | 084c 896d | c049 8bcf 
  0x000002658753d180: c5f8 7749 | 89af b803 | 0000 4989 | 87a8 0300 | 0048 83ec | 2040 f6c4 | 0f0f 8419 | 0000 0048 
  0x000002658753d1a0: 83ec 0848 | b8e0 7988 | 6ffb 7f00 | 00ff d048 | 83c4 08e9 | 0c00 0000 | 48b8 e079 | 886f fb7f 
  0x000002658753d1c0: 0000 ffd0 | 4883 c420 | 49c7 87a8 | 0300 0000 | 0000 0049 | c787 b803 | 0000 0000 | 0000 49c7 
  0x000002658753d1e0: 87b0 0300 | 0000 0000 | 00c5 f877 | 4983 7f08 | 000f 8405 | 0000 00e9 | c43c ffff | 4c8b 6dc0 
  0x000002658753d200: 4c8b 75c8 | 4e8d 74f5 | 00c3 48b9 | f8eb e76f | fb7f 0000 | 4883 e4f0 | 48b8 b0a9 | ae6f fb7f 
  0x000002658753d220: 0000 ffd0 | f444 8b5b | 2841 f6c3 | 200f 8472 | 0100 0048 | 8d55 a84c | 8b5a 084d | 85db 0f85 
  0x000002658753d240: bb00 0000 | e805 0000 | 00e9 9600 | 0000 488d | 4424 084c | 896d c049 | 8bcf c5f8 | 7749 89af 
  0x000002658753d260: b803 0000 | 4989 87a8 | 0300 0048 | 83ec 2040 | f6c4 0f0f | 8419 0000 | 0048 83ec | 0848 b810 
  0x000002658753d280: 7988 6ffb | 7f00 00ff | d048 83c4 | 08e9 0c00 | 0000 48b8 | 1079 886f | fb7f 0000 | ffd0 4883 
  0x000002658753d2a0: c420 49c7 | 87a8 0300 | 0000 0000 | 0049 c787 | b803 0000 | 0000 0000 | 49c7 87b0 | 0300 0000 
  0x000002658753d2c0: 0000 00c5 | f877 4983 | 7f08 000f | 8405 0000 | 00e9 ea3b | ffff 4c8b | 6dc0 4c8b | 75c8 4e8d 
  0x000002658753d2e0: 74f5 00c3 | 48b9 f8eb | e76f fb7f | 0000 4883 | e4f0 48b8 | b0a9 ae6f | fb7f 0000 | ffd0 f44c 
  0x000002658753d300: 896d c04c | 8b4a 0848 | c742 0800 | 0000 0045 | 8b87 5806 | 0000 4f3b | 4c07 f80f | 8542 0000 
  0x000002658753d320: 0041 83af | 5806 0000 | 084f 3b4c | 07f0 0f84 | 2a00 0000 | 498b 01a8 | 020f 8512 | 0000 004c 
  0x000002658753d340: 8bc0 4983 | c801 f04d | 0fb1 010f | 840d 0000 | 0041 8387 | 5806 0000 | 08e9 0500 | 0000 e93e 
  0x000002658753d360: 0000 004c | 894a 0848 | 8bca 4883 | ec20 40f6 | c40f 0f84 | 1900 0000 | 4883 ec08 | 48b8 304b 
  0x000002658753d380: 886f fb7f | 0000 ffd0 | 4883 c408 | e90c 0000 | 0048 b830 | 4b88 6ffb | 7f00 00ff | d048 83c4 
  0x000002658753d3a0: 204c 8b6d | c048 8b04 | 2448 83c4 | 10c5 fb10 | 0424 4883 | c410 4c8b | 5d18 41ff | d34c 8b5d 
  0x000002658753d3c0: f8c9 5f49 | 8be3 ffe7 | ba00 0000 | 00e8 0500 | 0000 e996 | 0000 0048 | 8d44 2408 | 4c89 6dc0 
  0x000002658753d3e0: 498b cfc5 | f877 4989 | afb8 0300 | 0049 8987 | a803 0000 | 4883 ec20 | 40f6 c40f | 0f84 1900 
  0x000002658753d400: 0000 4883 | ec08 48b8 | d03f 886f | fb7f 0000 | ffd0 4883 | c408 e90c | 0000 0048 | b8d0 3f88 
  0x000002658753d420: 6ffb 7f00 | 00ff d048 | 83c4 2049 | c787 a803 | 0000 0000 | 0000 49c7 | 87b8 0300 | 0000 0000 
  0x000002658753d440: 0049 c787 | b003 0000 | 0000 0000 | c5f8 7749 | 837f 0800 | 0f84 0500 | 0000 e961 | 3aff ff4c 
  0x000002658753d460: 8b6d c04c | 8b75 c84e | 8d74 f500 | c348 8b5d | e8e9 40f7 | ffff 6690 
[/MachCode]

---------------  P R O C E S S  ---------------

Threads class SMR info:
_java_thread_list=0x00000265dafa78f0, length=16, elements={
0x0000026593180e30, 0x0000026593182650, 0x00000265931867c0, 0x00000265931872f0,
0x00000265931899a0, 0x0000026593193180, 0x00000265931b9e00, 0x00000265931bf500,
0x0000026593272410, 0x0000026593287390, 0x0000026593b27770, 0x0000026593a4f850,
0x0000026593a4ff90, 0x00000265937774d0, 0x00000265f4a33800, 0x00000265939fb3d0
}

Java Threads: ( => current thread )
  0x0000026593180e30 JavaThread "Reference Handler"          daemon [_thread_blocked, id=12948, stack(0x000000bb6d100000,0x000000bb6d200000) (1024K)]
  0x0000026593182650 JavaThread "Finalizer"                  daemon [_thread_blocked, id=18208, stack(0x000000bb6d200000,0x000000bb6d300000) (1024K)]
  0x00000265931867c0 JavaThread "Signal Dispatcher"          daemon [_thread_blocked, id=14800, stack(0x000000bb6d300000,0x000000bb6d400000) (1024K)]
  0x00000265931872f0 JavaThread "Attach Listener"            daemon [_thread_blocked, id=13616, stack(0x000000bb6d400000,0x000000bb6d500000) (1024K)]
  0x00000265931899a0 JavaThread "Service Thread"             daemon [_thread_blocked, id=5348, stack(0x000000bb6d500000,0x000000bb6d600000) (1024K)]
  0x0000026593193180 JavaThread "Monitor Deflation Thread"   daemon [_thread_blocked, id=8140, stack(0x000000bb6d600000,0x000000bb6d700000) (1024K)]
  0x00000265931b9e00 JavaThread "C2 CompilerThread0"         daemon [_thread_blocked, id=18888, stack(0x000000bb6d700000,0x000000bb6d800000) (1024K)]
  0x00000265931bf500 JavaThread "C1 CompilerThread0"         daemon [_thread_blocked, id=16016, stack(0x000000bb6d800000,0x000000bb6d900000) (1024K)]
  0x0000026593272410 JavaThread "Notification Thread"        daemon [_thread_blocked, id=9268, stack(0x000000bb6d900000,0x000000bb6da00000) (1024K)]
  0x0000026593287390 JavaThread "Common-Cleaner"             daemon [_thread_blocked, id=11060, stack(0x000000bb6da00000,0x000000bb6db00000) (1024K)]
  0x0000026593b27770 JavaThread "Java2D Disposer"            daemon [_thread_blocked, id=10376, stack(0x000000bb6db00000,0x000000bb6dc00000) (1024K)]
  0x0000026593a4f850 JavaThread "AWT-Shutdown"                      [_thread_blocked, id=6308, stack(0x000000bb6dc00000,0x000000bb6dd00000) (1024K)]
=>0x0000026593a4ff90 JavaThread "AWT-Windows"                daemon [_thread_in_native, id=2788, stack(0x000000bb6dd00000,0x000000bb6de00000) (1024K)]
  0x00000265937774d0 JavaThread "AWT-EventQueue-0"                  [_thread_blocked, id=1120, stack(0x000000bb6de00000,0x000000bb6df00000) (1024K)]
  0x00000265f4a33800 JavaThread "DestroyJavaVM"                     [_thread_blocked, id=6428, stack(0x000000bb6c900000,0x000000bb6ca00000) (1024K)]
  0x00000265939fb3d0 JavaThread "TimerQueue"                 daemon [_thread_blocked, id=14884, stack(0x000000bb6e700000,0x000000bb6e800000) (1024K)]
Total: 16

Other Threads:
  0x0000026593170940 VMThread "VM Thread"                           [id=3564, stack(0x000000bb6d000000,0x000000bb6d100000) (1024K)]
  0x000002659315eaf0 WatcherThread "VM Periodic Task Thread"        [id=10032, stack(0x000000bb6cf00000,0x000000bb6d000000) (1024K)]
  0x00000265f6d3eac0 WorkerThread "GC Thread#0"                     [id=10136, stack(0x000000bb6ca00000,0x000000bb6cb00000) (1024K)]
  0x0000026593d4e360 WorkerThread "GC Thread#1"                     [id=18720, stack(0x000000bb6e300000,0x000000bb6e400000) (1024K)]
  0x0000026593d4e710 WorkerThread "GC Thread#2"                     [id=15852, stack(0x000000bb6e400000,0x000000bb6e500000) (1024K)]
  0x0000026593f17470 WorkerThread "GC Thread#3"                     [id=6028, stack(0x000000bb6e500000,0x000000bb6e600000) (1024K)]
  0x00000265f6d53e70 ConcurrentGCThread "G1 Main Marker"            [id=5776, stack(0x000000bb6cb00000,0x000000bb6cc00000) (1024K)]
  0x00000265f6d56130 WorkerThread "G1 Conc#0"                       [id=19332, stack(0x000000bb6cc00000,0x000000bb6cd00000) (1024K)]
  0x00000265f6dae330 ConcurrentGCThread "G1 Refine#0"               [id=6400, stack(0x000000bb6cd00000,0x000000bb6ce00000) (1024K)]
  0x00000265930270f0 ConcurrentGCThread "G1 Service"                [id=5500, stack(0x000000bb6ce00000,0x000000bb6cf00000) (1024K)]
Total: 10

Threads with active compile tasks:
Total: 0

VM state: not at safepoint (normal execution)

VM Mutex/Monitor currently owned by a thread: None

Heap address: 0x0000000084a00000, size: 1974 MB, Compressed Oops mode: 32-bit

CDS archive(s) mapped at: [0x0000026594000000-0x0000026594d40000-0x0000026594d40000), size 13893632, SharedBaseAddress: 0x0000026594000000, ArchiveRelocationMode: 1.
Compressed class space mapped at: 0x0000026595000000-0x00000265d5000000, reserved size: 1073741824
UseCompressedClassPointers 1, UseCompactObjectHeaders 0
Narrow klass pointer bits 32, Max shift 3
Narrow klass base: 0x0000026594000000, Narrow klass shift: 0
Encoding Range: [0x0000026594000000 - 0x0000026694000000), (4294967296 bytes)
Klass Range:    [0x0000026594000000 - 0x00000265d5000000), (1090519040 bytes)
Klass ID Range:  [8 - 1090519033) (1090519025)

GC Precious Log:
 CardTable entry size: 512
 Card Set container configuration: InlinePtr #cards 5 size 8 Array Of Cards #cards 10 size 36 Howl #buckets 4 coarsen threshold 1843 Howl Bitmap #cards 512 size 80 coarsen threshold 460 Card regions per heap region 1 cards per card region 2048
 CPUs: 4 total, 4 available
 Memory: 7888M
 Large Page Support: Disabled
 NUMA Support: Disabled
 Compressed Oops: Enabled (32-bit)
 Heap Region Size: 1M
 Heap Min Capacity: 8M
 Heap Initial Capacity: 124M
 Heap Max Capacity: 1974M
 Pre-touch: Disabled
 Parallel Workers: 4
 Concurrent Workers: 1
 Concurrent Refinement Workers: 4
 Periodic GC: Disabled

Heap:
 garbage-first heap   total reserved 2021376K, committed 129024K, used 45735K [0x0000000084a00000, 0x0000000100000000)
  region size 1024K, 19 young (19456K), 3 survivors (3072K)
 Metaspace       used 11000K, committed 11200K, reserved 1114112K
  class space    used 995K, committed 1088K, reserved 1048576K

Heap Regions: E=young(eden), S=young(survivor), O=old, HS=humongous(starts), HC=humongous(continues), CS=collection set, F=free, TAMS=top-at-mark-start, PB=parsable bottom
|   0|0x0000000084a00000, 0x0000000084b00000, 0x0000000084b00000|100%|HS|  |TAMS 0x0000000084a00000| PB 0x0000000084a00000| Complete |  0
|   1|0x0000000084b00000, 0x0000000084c00000, 0x0000000084c00000|100%|HC|  |TAMS 0x0000000084b00000| PB 0x0000000084b00000| Complete |  0
|   2|0x0000000084c00000, 0x0000000084d00000, 0x0000000084d00000|100%|HS|  |TAMS 0x0000000084c00000| PB 0x0000000084c00000| Complete |  0
|   3|0x0000000084d00000, 0x0000000084e00000, 0x0000000084e00000|100%|HC|  |TAMS 0x0000000084d00000| PB 0x0000000084d00000| Complete |  0
|   4|0x0000000084e00000, 0x0000000084f00000, 0x0000000084f00000|100%|HS|  |TAMS 0x0000000084e00000| PB 0x0000000084e00000| Complete |  0
|   5|0x0000000084f00000, 0x0000000085000000, 0x0000000085000000|100%|HC|  |TAMS 0x0000000084f00000| PB 0x0000000084f00000| Complete |  0
|   6|0x0000000085000000, 0x0000000085100000, 0x0000000085100000|100%|HC|  |TAMS 0x0000000085000000| PB 0x0000000085000000| Complete |  0
|   7|0x0000000085100000, 0x0000000085200000, 0x0000000085200000|100%|HC|  |TAMS 0x0000000085100000| PB 0x0000000085100000| Complete |  0
|   8|0x0000000085200000, 0x0000000085300000, 0x0000000085300000|100%|HC|  |TAMS 0x0000000085200000| PB 0x0000000085200000| Complete |  0
|   9|0x0000000085300000, 0x0000000085400000, 0x0000000085400000|100%|HC|  |TAMS 0x0000000085300000| PB 0x0000000085300000| Complete |  0
|  10|0x0000000085400000, 0x0000000085500000, 0x0000000085500000|100%|HC|  |TAMS 0x0000000085400000| PB 0x0000000085400000| Complete |  0
|  11|0x0000000085500000, 0x0000000085600000, 0x0000000085600000|100%|HS|  |TAMS 0x0000000085500000| PB 0x0000000085500000| Complete |  0
|  12|0x0000000085600000, 0x0000000085700000, 0x0000000085700000|100%|HS|  |TAMS 0x0000000085600000| PB 0x0000000085600000| Complete |  0
|  13|0x0000000085700000, 0x0000000085800000, 0x0000000085800000|100%|HC|  |TAMS 0x0000000085700000| PB 0x0000000085700000| Complete |  0
|  14|0x0000000085800000, 0x0000000085900000, 0x0000000085900000|100%|HC|  |TAMS 0x0000000085800000| PB 0x0000000085800000| Complete |  0
|  15|0x0000000085900000, 0x0000000085a00000, 0x0000000085a00000|100%|HS|  |TAMS 0x0000000085900000| PB 0x0000000085900000| Complete |  0
|  16|0x0000000085a00000, 0x0000000085b00000, 0x0000000085b00000|100%|HC|  |TAMS 0x0000000085a00000| PB 0x0000000085a00000| Complete |  0
|  17|0x0000000085b00000, 0x0000000085c00000, 0x0000000085c00000|100%|HS|  |TAMS 0x0000000085b00000| PB 0x0000000085b00000| Complete |  0
|  18|0x0000000085c00000, 0x0000000085d00000, 0x0000000085d00000|100%|HC|  |TAMS 0x0000000085c00000| PB 0x0000000085c00000| Complete |  0
|  19|0x0000000085d00000, 0x0000000085e00000, 0x0000000085e00000|100%|HC|  |TAMS 0x0000000085d00000| PB 0x0000000085d00000| Complete |  0
|  20|0x0000000085e00000, 0x0000000085f00000, 0x0000000085f00000|100%|HC|  |TAMS 0x0000000085e00000| PB 0x0000000085e00000| Complete |  0
|  21|0x0000000085f00000, 0x0000000086000000, 0x0000000086000000|100%|HC|  |TAMS 0x0000000085f00000| PB 0x0000000085f00000| Complete |  0
|  22|0x0000000086000000, 0x0000000086100000, 0x0000000086100000|100%|HS|  |TAMS 0x0000000086000000| PB 0x0000000086000000| Complete |  0
|  23|0x0000000086100000, 0x0000000086200000, 0x0000000086200000|100%|HC|  |TAMS 0x0000000086100000| PB 0x0000000086100000| Complete |  0
|  24|0x0000000086200000, 0x0000000086300000, 0x0000000086300000|100%|HS|  |TAMS 0x0000000086200000| PB 0x0000000086200000| Complete |  0
|  25|0x0000000086300000, 0x0000000086400000, 0x0000000086400000|100%|HC|  |TAMS 0x0000000086300000| PB 0x0000000086300000| Complete |  0
|  26|0x0000000086400000, 0x0000000086400000, 0x0000000086500000|  0%| F|  |TAMS 0x0000000086400000| PB 0x0000000086400000| Untracked |  0
|  27|0x0000000086500000, 0x0000000086500000, 0x0000000086600000|  0%| F|  |TAMS 0x0000000086500000| PB 0x0000000086500000| Untracked |  0
|  28|0x0000000086600000, 0x0000000086600000, 0x0000000086700000|  0%| F|  |TAMS 0x0000000086600000| PB 0x0000000086600000| Untracked |  0
|  29|0x0000000086700000, 0x0000000086700000, 0x0000000086800000|  0%| F|  |TAMS 0x0000000086700000| PB 0x0000000086700000| Untracked |  0
|  30|0x0000000086800000, 0x0000000086800000, 0x0000000086900000|  0%| F|  |TAMS 0x0000000086800000| PB 0x0000000086800000| Untracked |  0
|  31|0x0000000086900000, 0x0000000086900000, 0x0000000086a00000|  0%| F|  |TAMS 0x0000000086900000| PB 0x0000000086900000| Untracked |  0
|  32|0x0000000086a00000, 0x0000000086a00000, 0x0000000086b00000|  0%| F|  |TAMS 0x0000000086a00000| PB 0x0000000086a00000| Untracked |  0
|  33|0x0000000086b00000, 0x0000000086b00000, 0x0000000086c00000|  0%| F|  |TAMS 0x0000000086b00000| PB 0x0000000086b00000| Untracked |  0
|  34|0x0000000086c00000, 0x0000000086c00000, 0x0000000086d00000|  0%| F|  |TAMS 0x0000000086c00000| PB 0x0000000086c00000| Untracked |  0
|  35|0x0000000086d00000, 0x0000000086d00000, 0x0000000086e00000|  0%| F|  |TAMS 0x0000000086d00000| PB 0x0000000086d00000| Untracked |  0
|  36|0x0000000086e00000, 0x0000000086e00000, 0x0000000086f00000|  0%| F|  |TAMS 0x0000000086e00000| PB 0x0000000086e00000| Untracked |  0
|  37|0x0000000086f00000, 0x0000000086f00000, 0x0000000087000000|  0%| F|  |TAMS 0x0000000086f00000| PB 0x0000000086f00000| Untracked |  0
|  38|0x0000000087000000, 0x0000000087000000, 0x0000000087100000|  0%| F|  |TAMS 0x0000000087000000| PB 0x0000000087000000| Untracked |  0
|  39|0x0000000087100000, 0x0000000087100000, 0x0000000087200000|  0%| F|  |TAMS 0x0000000087100000| PB 0x0000000087100000| Untracked |  0
|  40|0x0000000087200000, 0x0000000087200000, 0x0000000087300000|  0%| F|  |TAMS 0x0000000087200000| PB 0x0000000087200000| Untracked |  0
|  41|0x0000000087300000, 0x0000000087300000, 0x0000000087400000|  0%| F|  |TAMS 0x0000000087300000| PB 0x0000000087300000| Untracked |  0
|  42|0x0000000087400000, 0x0000000087400000, 0x0000000087500000|  0%| F|  |TAMS 0x0000000087400000| PB 0x0000000087400000| Untracked |  0
|  43|0x0000000087500000, 0x0000000087500000, 0x0000000087600000|  0%| F|  |TAMS 0x0000000087500000| PB 0x0000000087500000| Untracked |  0
|  44|0x0000000087600000, 0x0000000087600000, 0x0000000087700000|  0%| F|  |TAMS 0x0000000087600000| PB 0x0000000087600000| Untracked |  0
|  45|0x0000000087700000, 0x0000000087700000, 0x0000000087800000|  0%| F|  |TAMS 0x0000000087700000| PB 0x0000000087700000| Untracked |  0
|  46|0x0000000087800000, 0x0000000087800000, 0x0000000087900000|  0%| F|  |TAMS 0x0000000087800000| PB 0x0000000087800000| Untracked |  0
|  47|0x0000000087900000, 0x0000000087900000, 0x0000000087a00000|  0%| F|  |TAMS 0x0000000087900000| PB 0x0000000087900000| Untracked |  0
|  48|0x0000000087a00000, 0x0000000087a00000, 0x0000000087b00000|  0%| F|  |TAMS 0x0000000087a00000| PB 0x0000000087a00000| Untracked |  0
|  49|0x0000000087b00000, 0x0000000087b00000, 0x0000000087c00000|  0%| F|  |TAMS 0x0000000087b00000| PB 0x0000000087b00000| Untracked |  0
|  50|0x0000000087c00000, 0x0000000087c00000, 0x0000000087d00000|  0%| F|  |TAMS 0x0000000087c00000| PB 0x0000000087c00000| Untracked |  0
|  51|0x0000000087d00000, 0x0000000087d00000, 0x0000000087e00000|  0%| F|  |TAMS 0x0000000087d00000| PB 0x0000000087d00000| Untracked |  0
|  52|0x0000000087e00000, 0x0000000087e00000, 0x0000000087f00000|  0%| F|  |TAMS 0x0000000087e00000| PB 0x0000000087e00000| Untracked |  0
|  53|0x0000000087f00000, 0x0000000087f00000, 0x0000000088000000|  0%| F|  |TAMS 0x0000000087f00000| PB 0x0000000087f00000| Untracked |  0
|  54|0x0000000088000000, 0x0000000088000000, 0x0000000088100000|  0%| F|  |TAMS 0x0000000088000000| PB 0x0000000088000000| Untracked |  0
|  55|0x0000000088100000, 0x0000000088100000, 0x0000000088200000|  0%| F|  |TAMS 0x0000000088100000| PB 0x0000000088100000| Untracked |  0
|  56|0x0000000088200000, 0x0000000088200000, 0x0000000088300000|  0%| F|  |TAMS 0x0000000088200000| PB 0x0000000088200000| Untracked |  0
|  57|0x0000000088300000, 0x0000000088300000, 0x0000000088400000|  0%| F|  |TAMS 0x0000000088300000| PB 0x0000000088300000| Untracked |  0
|  58|0x0000000088400000, 0x0000000088400000, 0x0000000088500000|  0%| F|  |TAMS 0x0000000088400000| PB 0x0000000088400000| Untracked |  0
|  59|0x0000000088500000, 0x0000000088500000, 0x0000000088600000|  0%| F|  |TAMS 0x0000000088500000| PB 0x0000000088500000| Untracked |  0
|  60|0x0000000088600000, 0x0000000088600000, 0x0000000088700000|  0%| F|  |TAMS 0x0000000088600000| PB 0x0000000088600000| Untracked |  0
|  61|0x0000000088700000, 0x0000000088700000, 0x0000000088800000|  0%| F|  |TAMS 0x0000000088700000| PB 0x0000000088700000| Untracked |  0
|  62|0x0000000088800000, 0x0000000088800000, 0x0000000088900000|  0%| F|  |TAMS 0x0000000088800000| PB 0x0000000088800000| Untracked |  0
|  63|0x0000000088900000, 0x000000008898c870, 0x0000000088a00000| 54%| S|CS|TAMS 0x0000000088900000| PB 0x0000000088900000| Complete |  0
|  64|0x0000000088a00000, 0x0000000088b00000, 0x0000000088b00000|100%| S|CS|TAMS 0x0000000088a00000| PB 0x0000000088a00000| Complete |  0
|  65|0x0000000088b00000, 0x0000000088c00000, 0x0000000088c00000|100%| S|CS|TAMS 0x0000000088b00000| PB 0x0000000088b00000| Complete |  0
|  66|0x0000000088c00000, 0x0000000088c00000, 0x0000000088d00000|  0%| F|  |TAMS 0x0000000088c00000| PB 0x0000000088c00000| Untracked |  0
|  67|0x0000000088d00000, 0x0000000088d00000, 0x0000000088e00000|  0%| F|  |TAMS 0x0000000088d00000| PB 0x0000000088d00000| Untracked |  0
|  68|0x0000000088e00000, 0x0000000088e00000, 0x0000000088f00000|  0%| F|  |TAMS 0x0000000088e00000| PB 0x0000000088e00000| Untracked |  0
|  69|0x0000000088f00000, 0x0000000088f00000, 0x0000000089000000|  0%| F|  |TAMS 0x0000000088f00000| PB 0x0000000088f00000| Untracked |  0
|  70|0x0000000089000000, 0x0000000089000000, 0x0000000089100000|  0%| F|  |TAMS 0x0000000089000000| PB 0x0000000089000000| Untracked |  0
|  71|0x0000000089100000, 0x0000000089100000, 0x0000000089200000|  0%| F|  |TAMS 0x0000000089100000| PB 0x0000000089100000| Untracked |  0
|  72|0x0000000089200000, 0x0000000089200000, 0x0000000089300000|  0%| F|  |TAMS 0x0000000089200000| PB 0x0000000089200000| Untracked |  0
|  73|0x0000000089300000, 0x0000000089300000, 0x0000000089400000|  0%| F|  |TAMS 0x0000000089300000| PB 0x0000000089300000| Untracked |  0
|  74|0x0000000089400000, 0x0000000089400000, 0x0000000089500000|  0%| F|  |TAMS 0x0000000089400000| PB 0x0000000089400000| Untracked |  0
|  75|0x0000000089500000, 0x0000000089500000, 0x0000000089600000|  0%| F|  |TAMS 0x0000000089500000| PB 0x0000000089500000| Untracked |  0
|  76|0x0000000089600000, 0x0000000089600000, 0x0000000089700000|  0%| F|  |TAMS 0x0000000089600000| PB 0x0000000089600000| Untracked |  0
|  77|0x0000000089700000, 0x0000000089700000, 0x0000000089800000|  0%| F|  |TAMS 0x0000000089700000| PB 0x0000000089700000| Untracked |  0
|  78|0x0000000089800000, 0x0000000089800000, 0x0000000089900000|  0%| F|  |TAMS 0x0000000089800000| PB 0x0000000089800000| Untracked |  0
|  79|0x0000000089900000, 0x0000000089900000, 0x0000000089a00000|  0%| F|  |TAMS 0x0000000089900000| PB 0x0000000089900000| Untracked |  0
|  80|0x0000000089a00000, 0x0000000089a00000, 0x0000000089b00000|  0%| F|  |TAMS 0x0000000089a00000| PB 0x0000000089a00000| Untracked |  0
|  81|0x0000000089b00000, 0x0000000089b00000, 0x0000000089c00000|  0%| F|  |TAMS 0x0000000089b00000| PB 0x0000000089b00000| Untracked |  0
|  82|0x0000000089c00000, 0x0000000089c00000, 0x0000000089d00000|  0%| F|  |TAMS 0x0000000089c00000| PB 0x0000000089c00000| Untracked |  0
|  83|0x0000000089d00000, 0x0000000089d00000, 0x0000000089e00000|  0%| F|  |TAMS 0x0000000089d00000| PB 0x0000000089d00000| Untracked |  0
|  84|0x0000000089e00000, 0x0000000089e00000, 0x0000000089f00000|  0%| F|  |TAMS 0x0000000089e00000| PB 0x0000000089e00000| Untracked |  0
|  85|0x0000000089f00000, 0x0000000089f00000, 0x000000008a000000|  0%| F|  |TAMS 0x0000000089f00000| PB 0x0000000089f00000| Untracked |  0
|  86|0x000000008a000000, 0x000000008a000000, 0x000000008a100000|  0%| F|  |TAMS 0x000000008a000000| PB 0x000000008a000000| Untracked |  0
|  87|0x000000008a100000, 0x000000008a100000, 0x000000008a200000|  0%| F|  |TAMS 0x000000008a100000| PB 0x000000008a100000| Untracked |  0
|  88|0x000000008a200000, 0x000000008a200000, 0x000000008a300000|  0%| F|  |TAMS 0x000000008a200000| PB 0x000000008a200000| Untracked |  0
|  89|0x000000008a300000, 0x000000008a300000, 0x000000008a400000|  0%| F|  |TAMS 0x000000008a300000| PB 0x000000008a300000| Untracked |  0
|  90|0x000000008a400000, 0x000000008a400000, 0x000000008a500000|  0%| F|  |TAMS 0x000000008a400000| PB 0x000000008a400000| Untracked |  0
|  91|0x000000008a500000, 0x000000008a500000, 0x000000008a600000|  0%| F|  |TAMS 0x000000008a500000| PB 0x000000008a500000| Untracked |  0
|  92|0x000000008a600000, 0x000000008a600000, 0x000000008a700000|  0%| F|  |TAMS 0x000000008a600000| PB 0x000000008a600000| Untracked |  0
|  93|0x000000008a700000, 0x000000008a700000, 0x000000008a800000|  0%| F|  |TAMS 0x000000008a700000| PB 0x000000008a700000| Untracked |  0
|  94|0x000000008a800000, 0x000000008a800000, 0x000000008a900000|  0%| F|  |TAMS 0x000000008a800000| PB 0x000000008a800000| Untracked |  0
|  95|0x000000008a900000, 0x000000008a900000, 0x000000008aa00000|  0%| F|  |TAMS 0x000000008a900000| PB 0x000000008a900000| Untracked |  0
|  96|0x000000008aa00000, 0x000000008aa00000, 0x000000008ab00000|  0%| F|  |TAMS 0x000000008aa00000| PB 0x000000008aa00000| Untracked |  0
|  97|0x000000008ab00000, 0x000000008ab00000, 0x000000008ac00000|  0%| F|  |TAMS 0x000000008ab00000| PB 0x000000008ab00000| Untracked |  0
|  98|0x000000008ac00000, 0x000000008ac00000, 0x000000008ad00000|  0%| F|  |TAMS 0x000000008ac00000| PB 0x000000008ac00000| Untracked |  0
|  99|0x000000008ad00000, 0x000000008ad00000, 0x000000008ae00000|  0%| F|  |TAMS 0x000000008ad00000| PB 0x000000008ad00000| Untracked |  0
| 100|0x000000008ae00000, 0x000000008ae00000, 0x000000008af00000|  0%| F|  |TAMS 0x000000008ae00000| PB 0x000000008ae00000| Untracked |  0
| 101|0x000000008af00000, 0x000000008af00000, 0x000000008b000000|  0%| F|  |TAMS 0x000000008af00000| PB 0x000000008af00000| Untracked |  0
| 102|0x000000008b000000, 0x000000008b000000, 0x000000008b100000|  0%| F|  |TAMS 0x000000008b000000| PB 0x000000008b000000| Untracked |  0
| 103|0x000000008b100000, 0x000000008b100000, 0x000000008b200000|  0%| F|  |TAMS 0x000000008b100000| PB 0x000000008b100000| Untracked |  0
| 104|0x000000008b200000, 0x000000008b200000, 0x000000008b300000|  0%| F|  |TAMS 0x000000008b200000| PB 0x000000008b200000| Untracked |  0
| 105|0x000000008b300000, 0x000000008b300000, 0x000000008b400000|  0%| F|  |TAMS 0x000000008b300000| PB 0x000000008b300000| Untracked |  0
| 106|0x000000008b400000, 0x000000008b400000, 0x000000008b500000|  0%| F|  |TAMS 0x000000008b400000| PB 0x000000008b400000| Untracked |  0
| 107|0x000000008b500000, 0x000000008b500000, 0x000000008b600000|  0%| F|  |TAMS 0x000000008b500000| PB 0x000000008b500000| Untracked |  0
| 108|0x000000008b600000, 0x000000008b67d278, 0x000000008b700000| 48%| E|  |TAMS 0x000000008b600000| PB 0x000000008b600000| Complete |  0
| 109|0x000000008b700000, 0x000000008b800000, 0x000000008b800000|100%| E|CS|TAMS 0x000000008b700000| PB 0x000000008b700000| Complete |  0
| 110|0x000000008b800000, 0x000000008b900000, 0x000000008b900000|100%| E|CS|TAMS 0x000000008b800000| PB 0x000000008b800000| Complete |  0
| 111|0x000000008b900000, 0x000000008ba00000, 0x000000008ba00000|100%| E|CS|TAMS 0x000000008b900000| PB 0x000000008b900000| Complete |  0
| 112|0x000000008ba00000, 0x000000008bb00000, 0x000000008bb00000|100%| E|CS|TAMS 0x000000008ba00000| PB 0x000000008ba00000| Complete |  0
| 113|0x000000008bb00000, 0x000000008bc00000, 0x000000008bc00000|100%| E|CS|TAMS 0x000000008bb00000| PB 0x000000008bb00000| Complete |  0
| 114|0x000000008bc00000, 0x000000008bd00000, 0x000000008bd00000|100%| E|CS|TAMS 0x000000008bc00000| PB 0x000000008bc00000| Complete |  0
| 115|0x000000008bd00000, 0x000000008be00000, 0x000000008be00000|100%| E|CS|TAMS 0x000000008bd00000| PB 0x000000008bd00000| Complete |  0
| 116|0x000000008be00000, 0x000000008bf00000, 0x000000008bf00000|100%| E|CS|TAMS 0x000000008be00000| PB 0x000000008be00000| Complete |  0
| 117|0x000000008bf00000, 0x000000008c000000, 0x000000008c000000|100%| E|CS|TAMS 0x000000008bf00000| PB 0x000000008bf00000| Complete |  0
| 118|0x000000008c000000, 0x000000008c100000, 0x000000008c100000|100%| E|CS|TAMS 0x000000008c000000| PB 0x000000008c000000| Complete |  0
| 119|0x000000008c100000, 0x000000008c200000, 0x000000008c200000|100%| E|CS|TAMS 0x000000008c100000| PB 0x000000008c100000| Complete |  0
| 120|0x000000008c200000, 0x000000008c300000, 0x000000008c300000|100%| E|CS|TAMS 0x000000008c200000| PB 0x000000008c200000| Complete |  0
| 121|0x000000008c300000, 0x000000008c400000, 0x000000008c400000|100%| E|CS|TAMS 0x000000008c300000| PB 0x000000008c300000| Complete |  0
| 122|0x000000008c400000, 0x000000008c500000, 0x000000008c500000|100%| E|CS|TAMS 0x000000008c400000| PB 0x000000008c400000| Complete |  0
| 123|0x000000008c500000, 0x000000008c600000, 0x000000008c600000|100%| E|CS|TAMS 0x000000008c500000| PB 0x000000008c500000| Complete |  0
|1972|0x00000000ffe00000, 0x00000000fff00000, 0x00000000fff00000|100%| O|  |TAMS 0x00000000ffe00000| PB 0x00000000ffe00000| Untracked |  0
|1973|0x00000000fff00000, 0x00000000fff1d3c0, 0x0000000100000000| 11%| O|  |TAMS 0x00000000fff00000| PB 0x00000000fff00000| Untracked |  0

Card table byte_map: [0x00000265ff970000,0x00000265ffd50000] _byte_map_base: 0x00000265ff54b000

Marking Bits: (CMBitMap*) 0x00000265f6d3f1d0
 Bits: [0x000002658f000000, 0x0000026590ed8000)

Polling page: 0x00000265f4b10000

Metaspace:

Usage:
  Non-class:      9.77 MB used.
      Class:    995.13 KB used.
       Both:     10.74 MB used.

Virtual space:
  Non-class space:       64.00 MB reserved,       9.88 MB ( 15%) committed,  1 nodes.
      Class space:        1.00 GB reserved,       1.06 MB ( <1%) committed,  1 nodes.
             Both:        1.06 GB reserved,      10.94 MB (  1%) committed. 

Chunk freelists:
   Non-Class:  6.06 MB
       Class:  14.98 MB
        Both:  21.05 MB

MaxMetaspaceSize: unlimited
CompressedClassSpaceSize: 1.00 GB
Initial GC threshold: 21.00 MB
Current GC threshold: 21.00 MB
CDS: on
 - commit_granule_bytes: 65536.
 - commit_granule_words: 8192.
 - virtual_space_node_default_size: 8388608.
 - enlarge_chunks_in_place: 1.
UseCompressedClassPointers 1, UseCompactObjectHeaders 0
Narrow klass pointer bits 32, Max shift 3
Narrow klass base: 0x0000026594000000, Narrow klass shift: 0
Encoding Range: [0x0000026594000000 - 0x0000026694000000), (4294967296 bytes)
Klass Range:    [0x0000026594000000 - 0x00000265d5000000), (1090519040 bytes)
Klass ID Range:  [8 - 1090519033) (1090519025)


Internal statistics:

num_allocs_failed_limit: 0.
num_arena_births: 122.
num_arena_deaths: 0.
num_vsnodes_births: 2.
num_vsnodes_deaths: 0.
num_space_committed: 175.
num_space_uncommitted: 0.
num_chunks_returned_to_freelist: 0.
num_chunks_taken_from_freelist: 183.
num_chunk_merges: 0.
num_chunk_splits: 102.
num_chunks_enlarged: 42.
num_inconsistent_stats: 0.

CodeHeap 'non-profiled nmethods': size=120064Kb used=544Kb max_used=544Kb free=119519Kb
 bounds [0x0000026587ac0000, 0x0000026587d30000, 0x000002658f000000]
CodeHeap 'profiled nmethods': size=120000Kb used=3042Kb max_used=3042Kb free=116957Kb
 bounds [0x0000026580000000, 0x0000026580300000, 0x0000026587530000]
CodeHeap 'non-nmethods': size=5696Kb used=1515Kb max_used=1582Kb free=4180Kb
 bounds [0x0000026587530000, 0x00000265877a0000, 0x0000026587ac0000]
CodeCache: size=245760Kb, used=5101Kb, max_used=5168Kb, free=240656Kb
 total_blobs=2576, nmethods=1888, adapters=592, full_count=0
Compilation: enabled, stopped_count=0, restarted_count=0

Compilation events (20 events):
Event: 19091.985 Thread 0x00000265931bf500 1879       3       java.util.HashMap::putVal (300 bytes)
Event: 19091.988 Thread 0x00000265931bf500 nmethod 1879 0x00000265802f4308 code [0x00000265802f4540, 0x00000265802f57a8]
Event: 20773.283 Thread 0x00000265931bf500 1880   !   3       java.awt.Toolkit::setDesktopProperty (81 bytes)
Event: 20773.284 Thread 0x00000265931bf500 nmethod 1880 0x00000265802f5808 code [0x00000265802f59a0, 0x00000265802f6298]
Event: 22611.857 Thread 0x00000265931bf500 1881   !   3       java.lang.ref.ReferenceQueue::remove (49 bytes)
Event: 22611.859 Thread 0x00000265931bf500 nmethod 1881 0x00000265802f6308 code [0x00000265802f64a0, 0x00000265802f6e48]
Event: 22611.859 Thread 0x00000265931bf500 1882       3       java.lang.ref.ReferenceQueue::remove0 (67 bytes)
Event: 22611.859 Thread 0x00000265931bf500 nmethod 1882 0x00000265802f6e88 code [0x00000265802f7000, 0x00000265802f7458]
Event: 24962.192 Thread 0x00000265931b9e00 1883       4       java.util.HashMap::newNode (13 bytes)
Event: 24962.195 Thread 0x00000265931b9e00 nmethod 1883 0x0000026587b47b08 code [0x0000026587b47c00, 0x0000026587b47d08]
Event: 24962.379 Thread 0x00000265931bf500 1884       3       java.awt.Color::<init> (72 bytes)
Event: 24962.384 Thread 0x00000265931bf500 nmethod 1884 0x00000265802f7488 code [0x00000265802f75c0, 0x00000265802f7828]
Event: 24962.385 Thread 0x00000265931bf500 1885       3       java.awt.Color::testColorValueRange (121 bytes)
Event: 24962.389 Thread 0x00000265931bf500 nmethod 1885 0x00000265802f7888 code [0x00000265802f7a20, 0x00000265802f7fe0]
Event: 24962.499 Thread 0x00000265931bf500 1886       3       java.util.HashMap::tableSizeFor (32 bytes)
Event: 24962.500 Thread 0x00000265931bf500 nmethod 1886 0x00000265802f8008 code [0x00000265802f8140, 0x00000265802f8330]
Event: 24962.625 Thread 0x00000265931b9e00 1887       4       java.util.HashMap::afterNodeAccess (1 bytes)
Event: 24962.625 Thread 0x00000265931b9e00 nmethod 1887 0x0000026587b47e08 code [0x0000026587b47f00, 0x0000026587b47f78]
Event: 25090.805 Thread 0x00000265931bf500 1888       3       java.util.IdentityHashMap$IdentityHashMapIterator::nextIndex (72 bytes)
Event: 25090.809 Thread 0x00000265931bf500 nmethod 1888 0x00000265802f8388 code [0x00000265802f84e0, 0x00000265802f8850]

GC Heap History (6 events):
Event: 1.915 GC heap before
{Heap before GC invocations=0 (full 0):
 garbage-first heap   total reserved 2021376K, committed 129024K, used 47220K [0x0000000084a00000, 0x0000000100000000)
  region size 1024K, 28 young (28672K), 0 survivors (0K)
 Metaspace       used 9339K, committed 9536K, reserved 1114112K
  class space    used 842K, committed 960K, reserved 1048576K
}
Event: 1.933 GC heap after
{Heap after GC invocations=1 (full 0):
 garbage-first heap   total reserved 2021376K, committed 129024K, used 18036K [0x0000000084a00000, 0x0000000100000000)
  region size 1024K, 3 young (3072K), 3 survivors (3072K)
 Metaspace       used 9339K, committed 9536K, reserved 1114112K
  class space    used 842K, committed 960K, reserved 1048576K
}
Event: 4.491 GC heap before
{Heap before GC invocations=1 (full 0):
 garbage-first heap   total reserved 2021376K, committed 129024K, used 55924K [0x0000000084a00000, 0x0000000100000000)
  region size 1024K, 35 young (35840K), 3 survivors (3072K)
 Metaspace       used 9411K, committed 9600K, reserved 1114112K
  class space    used 842K, committed 960K, reserved 1048576K
}
Event: 4.504 GC heap after
{Heap after GC invocations=2 (full 0):
 garbage-first heap   total reserved 2021376K, committed 129024K, used 18081K [0x0000000084a00000, 0x0000000100000000)
  region size 1024K, 3 young (3072K), 3 survivors (3072K)
 Metaspace       used 9411K, committed 9600K, reserved 1114112K
  class space    used 842K, committed 960K, reserved 1048576K
}
Event: 8.271 GC heap before
{Heap before GC invocations=2 (full 0):
 garbage-first heap   total reserved 2021376K, committed 129024K, used 74401K [0x0000000084a00000, 0x0000000100000000)
  region size 1024K, 58 young (59392K), 3 survivors (3072K)
 Metaspace       used 9499K, committed 9728K, reserved 1114112K
  class space    used 843K, committed 960K, reserved 1048576K
}
Event: 8.280 GC heap after
{Heap after GC invocations=3 (full 0):
 garbage-first heap   total reserved 2021376K, committed 129024K, used 18087K [0x0000000084a00000, 0x0000000100000000)
  region size 1024K, 3 young (3072K), 3 survivors (3072K)
 Metaspace       used 9499K, committed 9728K, reserved 1114112K
  class space    used 843K, committed 960K, reserved 1048576K
}

Dll operation events (10 events):
Event: 0.019 Loaded shared library C:\Program Files\Java\jdk-24\bin\java.dll
Event: 0.061 Loaded shared library C:\Program Files\Java\jdk-24\bin\jsvml.dll
Event: 0.089 Loaded shared library C:\Program Files\Java\jdk-24\bin\jimage.dll
Event: 0.095 Loaded shared library C:\Program Files\Java\jdk-24\bin\awt.dll
Event: 0.118 Loaded shared library C:\Program Files\Java\jdk-24\bin\net.dll
Event: 0.120 Loaded shared library C:\Program Files\Java\jdk-24\bin\nio.dll
Event: 0.123 Loaded shared library C:\Program Files\Java\jdk-24\bin\zip.dll
Event: 0.571 Loaded shared library C:\Program Files\Java\jdk-24\bin\freetype.dll
Event: 0.573 Loaded shared library C:\Program Files\Java\jdk-24\bin\fontmanager.dll
Event: 11.794 Loaded shared library C:\Program Files\Java\jdk-24\bin\javajpeg.dll

Deoptimization events (20 events):
Event: 15.572 Thread 0x00000265937774d0 Uncommon trap: trap_request=0xffffff4d fr.pc=0x0000026587b0defc relative=0x0000000000000b9c
Event: 15.572 Thread 0x00000265937774d0 Uncommon trap: reason=unstable_if action=reinterpret pc=0x0000026587b0defc method=java.io.BufferedInputStream.read1([BII)I @ 34 c2
Event: 15.572 Thread 0x00000265937774d0 DEOPT PACKING pc=0x0000026587b0defc sp=0x000000bb6defdb30
Event: 15.572 Thread 0x00000265937774d0 DEOPT UNPACKING pc=0x0000026587644a02 sp=0x000000bb6defda78 mode 2
Event: 15.572 Thread 0x00000265937774d0 Uncommon trap: trap_request=0xffffff4d fr.pc=0x0000026587b0cc64 relative=0x00000000000003a4
Event: 15.572 Thread 0x00000265937774d0 Uncommon trap: reason=unstable_if action=reinterpret pc=0x0000026587b0cc64 method=java.io.BufferedInputStream.read1([BII)I @ 34 c2
Event: 15.572 Thread 0x00000265937774d0 DEOPT PACKING pc=0x0000026587b0cc64 sp=0x000000bb6defdab0
Event: 15.572 Thread 0x00000265937774d0 DEOPT UNPACKING pc=0x0000026587644a02 sp=0x000000bb6defda78 mode 2
Event: 15.574 Thread 0x0000026593b69bb0 Uncommon trap: trap_request=0xffffff4d fr.pc=0x0000026587b30a48 relative=0x0000000000000428
Event: 15.574 Thread 0x0000026593b69bb0 Uncommon trap: reason=unstable_if action=reinterpret pc=0x0000026587b30a48 method=sun.awt.image.PNGImageDecoder.filterRow([B[BIII)V @ 4 c2
Event: 15.574 Thread 0x0000026593b69bb0 DEOPT PACKING pc=0x0000026587b30a48 sp=0x000000bb6dfff080
Event: 15.574 Thread 0x0000026593b69bb0 DEOPT UNPACKING pc=0x0000026587644a02 sp=0x000000bb6dffefb8 mode 2
Event: 20.691 Thread 0x00000265937774d0 Uncommon trap: trap_request=0xffffff5c fr.pc=0x0000026587b45d60 relative=0x0000000000000060
Event: 20.691 Thread 0x00000265937774d0 Uncommon trap: reason=speculate_null_check action=make_not_entrant pc=0x0000026587b45d60 method=jdk.internal.misc.Unsafe.getIntUnaligned(Ljava/lang/Object;JZ)I @ 5 c2
Event: 20.691 Thread 0x00000265937774d0 DEOPT PACKING pc=0x0000026587b45d60 sp=0x000000bb6defc0e0
Event: 20.691 Thread 0x00000265937774d0 DEOPT UNPACKING pc=0x0000026587644a02 sp=0x000000bb6defc038 mode 2
Event: 19091.984 Thread 0x00000265937774d0 Uncommon trap: trap_request=0xffffff4d fr.pc=0x0000026587af28e4 relative=0x00000000000006c4
Event: 19091.984 Thread 0x00000265937774d0 Uncommon trap: reason=unstable_if action=reinterpret pc=0x0000026587af28e4 method=java.util.HashMap.putVal(ILjava/lang/Object;Ljava/lang/Object;ZZ)Ljava/lang/Object; @ 181 c2
Event: 19091.984 Thread 0x00000265937774d0 DEOPT PACKING pc=0x0000026587af28e4 sp=0x000000bb6defeab0
Event: 19091.984 Thread 0x00000265937774d0 DEOPT UNPACKING pc=0x0000026587644a02 sp=0x000000bb6defea20 mode 2

Classes loaded (20 events):
Event: 15.667 Loading class java/awt/PaintContext done
Event: 15.667 Loading class java/awt/GradientPaintContext done
Event: 15.667 Loading class java/awt/geom/Point2D$Double
Event: 15.667 Loading class java/awt/geom/Point2D$Double done
Event: 15.667 Loading class sun/java2d/pipe/AlphaPaintPipe$TileContext
Event: 15.667 Loading class sun/java2d/pipe/AlphaPaintPipe$TileContext done
Event: 16.111 Loading class sun/awt/ModalExclude
Event: 16.111 Loading class sun/awt/ModalExclude done
Event: 17.053 Loading class sun/awt/SunToolkit$1
Event: 17.053 Loading class sun/awt/SunToolkit$1 done
Event: 1649.590 Loading class java/util/WeakHashMap$KeyIterator
Event: 1649.590 Loading class java/util/WeakHashMap$HashIterator
Event: 1649.590 Loading class java/util/WeakHashMap$HashIterator done
Event: 1649.590 Loading class java/util/WeakHashMap$KeyIterator done
Event: 1649.592 Loading class javax/swing/RepaintManager$DisplayChangedRunnable
Event: 1649.592 Loading class javax/swing/RepaintManager$DisplayChangedRunnable done
Event: 1649.885 Loading class java/awt/desktop/SystemSleepListener
Event: 1649.885 Loading class java/awt/desktop/SystemEventListener
Event: 1649.885 Loading class java/awt/desktop/SystemEventListener done
Event: 1649.885 Loading class java/awt/desktop/SystemSleepListener done

Classes unloaded (0 events):
No events

Classes redefined (0 events):
No events

Internal exceptions (20 events):
Event: 0.247 Thread 0x00000265937774d0 Exception <a 'java/lang/NoSuchMethodError'{0x000000008c128190}: 'void java.lang.invoke.DirectMethodHandle$Holder.invokeSpecial(java.lang.Object, java.lang.Object, java.lang.Object)'> (0x000000008c128190) 
thrown [s\open\src\hotspot\share\interpreter\linkResolver.cpp, line 805]
Event: 0.263 Thread 0x00000265937774d0 Exception <a 'java/lang/NoSuchMethodError'{0x000000008c197eb0}: 'java.lang.Object java.lang.invoke.DirectMethodHandle$Holder.newInvokeSpecial(java.lang.Object, java.lang.Object, java.lang.Object, java.lang.Object, java.lang.Object)'> (0x000000008c197eb0) 
thrown [s\open\src\hotspot\share\interpreter\linkResolver.cpp, line 805]
Event: 0.273 Thread 0x00000265937774d0 Exception <a 'java/lang/NoSuchMethodError'{0x000000008c0005b8}: 'java.lang.Object java.lang.invoke.DirectMethodHandle$Holder.invokeStatic(java.lang.Object, int, java.lang.Object)'> (0x000000008c0005b8) 
thrown [s\open\src\hotspot\share\interpreter\linkResolver.cpp, line 805]
Event: 0.325 Thread 0x00000265937774d0 Exception <a 'java/lang/ClassNotFoundException'{0x000000008be2f210}: com/sun/swing/internal/plaf/metal/resources/spi/metalProvider> (0x000000008be2f210) 
thrown [s\open\src\hotspot\share\classfile\systemDictionary.cpp, line 327]
Event: 0.327 Thread 0x00000265937774d0 Exception <a 'java/lang/ClassNotFoundException'{0x000000008be32f20}: com/sun/swing/internal/plaf/basic/resources/spi/basicProvider> (0x000000008be32f20) 
thrown [s\open\src\hotspot\share\classfile\systemDictionary.cpp, line 327]
Event: 0.341 Thread 0x00000265937774d0 Exception <a 'java/lang/NoSuchMethodError'{0x000000008be61490}: 'int java.lang.invoke.Invokers$Holder.invokeExact_MT(java.lang.Object, java.lang.Object)'> (0x000000008be61490) 
thrown [s\open\src\hotspot\share\interpreter\linkResolver.cpp, line 805]
Event: 0.505 Thread 0x0000026593b69bb0 Exception <a 'java/lang/InterruptedException'{0x000000008ba8c620}: sleep interrupted> (0x000000008ba8c620) 
thrown [s\open\src\hotspot\share\prims\jvm.cpp, line 2933]
Event: 0.543 Thread 0x0000026593a4ff90 Exception <a 'java/lang/NoSuchMethodError'{0x000000008c38ff40}: 'void java.lang.invoke.DirectMethodHandle$Holder.invokeVirtual(java.lang.Object, java.lang.Object)'> (0x000000008c38ff40) 
thrown [s\open\src\hotspot\share\interpreter\linkResolver.cpp, line 805]
Event: 0.565 Thread 0x00000265937774d0 Exception <a 'java/lang/NoSuchMethodError'{0x000000008bef7f50}: 'void java.lang.invoke.DirectMethodHandle$Holder.invokeStaticInit(java.lang.Object)'> (0x000000008bef7f50) 
thrown [s\open\src\hotspot\share\interpreter\linkResolver.cpp, line 805]
Event: 0.584 Thread 0x00000265937774d0 Exception <a 'java/lang/NoSuchMethodError'{0x000000008b92c9d8}: 'long java.lang.invoke.DirectMethodHandle$Holder.invokeStaticInit(java.lang.Object, long, long, long, long)'> (0x000000008b92c9d8) 
thrown [s\open\src\hotspot\share\interpreter\linkResolver.cpp, line 805]
Event: 0.585 Thread 0x00000265937774d0 Exception <a 'java/lang/NoSuchMethodError'{0x000000008b935550}: 'java.lang.Object java.lang.invoke.DirectMethodHandle$Holder.invokeInterface(java.lang.Object, java.lang.Object, long, long)'> (0x000000008b935550) 
thrown [s\open\src\hotspot\share\interpreter\linkResolver.cpp, line 805]
Event: 0.590 Thread 0x00000265937774d0 Exception <a 'java/lang/NoSuchMethodError'{0x000000008b94de38}: 'void java.lang.invoke.DirectMethodHandle$Holder.invokeStaticInit(java.lang.Object, java.lang.Object, long, java.lang.Object)'> (0x000000008b94de38) 
thrown [s\open\src\hotspot\share\interpreter\linkResolver.cpp, line 805]
Event: 0.591 Thread 0x00000265937774d0 Exception <a 'java/lang/NoSuchMethodError'{0x000000008b956a20}: 'long java.lang.invoke.DirectMethodHandle$Holder.invokeStatic(java.lang.Object, long, long)'> (0x000000008b956a20) 
thrown [s\open\src\hotspot\share\interpreter\linkResolver.cpp, line 805]
Event: 0.599 Thread 0x00000265937774d0 Exception <a 'java/lang/NoSuchMethodError'{0x000000008b97fd10}: 'java.lang.Object java.lang.invoke.DirectMethodHandle$Holder.newInvokeSpecial(java.lang.Object, int, java.lang.Object)'> (0x000000008b97fd10) 
thrown [s\open\src\hotspot\share\interpreter\linkResolver.cpp, line 805]
Event: 0.710 Thread 0x00000265937774d0 Exception <a 'java/lang/NoSuchMethodError'{0x000000008b8754f0}: 'void java.lang.invoke.DelegatingMethodHandle$Holder.reinvoke_L(java.lang.Object, java.lang.Object, java.lang.Object, java.lang.Object, long, long, float)'> (0x000000008b8754f0) 
thrown [s\open\src\hotspot\share\interpreter\linkResolver.cpp, line 805]
Event: 0.713 Thread 0x00000265937774d0 Exception <a 'java/lang/NoSuchMethodError'{0x000000008b896d60}: 'java.lang.Object java.lang.invoke.DirectMethodHandle$Holder.invokeStatic(java.lang.Object, java.lang.Object, java.lang.Object, java.lang.Object, java.lang.Object, long)'> (0x000000008b896d60) 
thrown [s\open\src\hotspot\share\interpreter\linkResolver.cpp, line 805]
Event: 0.719 Thread 0x00000265937774d0 Exception <a 'java/lang/NoSuchMethodError'{0x000000008b8da8d8}: 'float java.lang.invoke.DelegatingMethodHandle$Holder.reinvoke_L(java.lang.Object, java.lang.Object, java.lang.Object, java.lang.Object, long, long)'> (0x000000008b8da8d8) 
thrown [s\open\src\hotspot\share\interpreter\linkResolver.cpp, line 805]
Event: 8.875 Thread 0x0000026593b69bb0 Exception <a 'java/lang/InterruptedException'{0x000000008bb4db18}: sleep interrupted> (0x000000008bb4db18) 
thrown [s\open\src\hotspot\share\prims\jvm.cpp, line 2933]
Event: 15.611 Thread 0x00000265937774d0 Exception <a 'java/lang/NoSuchMethodError'{0x000000008b772850}: 'void java.lang.invoke.DirectMethodHandle$Holder.invokeStatic(java.lang.Object, java.lang.Object)'> (0x000000008b772850) 
thrown [s\open\src\hotspot\share\interpreter\linkResolver.cpp, line 805]
Event: 15.654 Thread 0x00000265937774d0 Exception <a 'java/lang/NoSuchMethodError'{0x000000008b798818}: 'int java.lang.invoke.DirectMethodHandle$Holder.invokeStatic(java.lang.Object)'> (0x000000008b798818) 
thrown [s\open\src\hotspot\share\interpreter\linkResolver.cpp, line 805]

VM Operations (20 events):
Event: 12450.737 Executing VM operation: HandshakeAllThreads (HandshakeForDeflation)
Event: 12450.737 Executing VM operation: HandshakeAllThreads (HandshakeForDeflation) done
Event: 12450.737 Executing VM operation: RendezvousGCThreads
Event: 12450.737 Executing VM operation: RendezvousGCThreads done
Event: 13044.791 Executing VM operation: HandshakeAllThreads (HandshakeForDeflation)
Event: 13044.791 Executing VM operation: HandshakeAllThreads (HandshakeForDeflation) done
Event: 13044.791 Executing VM operation: RendezvousGCThreads
Event: 13044.791 Executing VM operation: RendezvousGCThreads done
Event: 19117.136 Executing VM operation: HandshakeAllThreads (HandshakeForDeflation)
Event: 19117.136 Executing VM operation: HandshakeAllThreads (HandshakeForDeflation) done
Event: 19117.136 Executing VM operation: RendezvousGCThreads
Event: 19117.136 Executing VM operation: RendezvousGCThreads done
Event: 20801.100 Executing VM operation: HandshakeAllThreads (HandshakeForDeflation)
Event: 20801.100 Executing VM operation: HandshakeAllThreads (HandshakeForDeflation) done
Event: 20801.101 Executing VM operation: RendezvousGCThreads
Event: 20801.101 Executing VM operation: RendezvousGCThreads done
Event: 25020.418 Executing VM operation: HandshakeAllThreads (HandshakeForDeflation)
Event: 25020.418 Executing VM operation: HandshakeAllThreads (HandshakeForDeflation) done
Event: 25020.418 Executing VM operation: RendezvousGCThreads
Event: 25020.419 Executing VM operation: RendezvousGCThreads done

Memory protections (0 events):
No events

Nmethod flushes (0 events):
No events

Events (20 events):
Event: 0.057 Thread 0x00000265f4a33800 Thread added: 0x0000026593182650
Event: 0.057 Thread 0x00000265f4a33800 Thread added: 0x00000265931867c0
Event: 0.057 Thread 0x00000265f4a33800 Thread added: 0x00000265931872f0
Event: 0.057 Thread 0x00000265f4a33800 Thread added: 0x00000265931899a0
Event: 0.057 Thread 0x00000265f4a33800 Thread added: 0x0000026593193180
Event: 0.058 Thread 0x00000265f4a33800 Thread added: 0x00000265931b9e00
Event: 0.058 Thread 0x00000265f4a33800 Thread added: 0x00000265931bf500
Event: 0.065 Thread 0x00000265f4a33800 Thread added: 0x0000026593272410
Event: 0.069 Thread 0x00000265f4a33800 Thread added: 0x0000026593287390
Event: 0.168 Thread 0x00000265f4a33800 Thread added: 0x0000026593b27770
Event: 0.169 Thread 0x00000265f4a33800 Thread added: 0x0000026593a4f850
Event: 0.169 Thread 0x00000265f4a33800 Thread added: 0x0000026593a4ff90
Event: 0.183 Thread 0x00000265f4a33800 Thread added: 0x00000265937774d0
Event: 0.184 Thread 0x00000265f4a33800 Thread exited: 0x00000265f4a33800
Event: 0.184 Thread 0x00000265f4a33800 Thread added: 0x00000265f4a33800
Event: 0.413 Thread 0x00000265937774d0 Thread added: 0x0000026593b69bb0
Event: 8.668 Thread 0x00000265931bf500 Thread added: 0x00000265939e59e0
Event: 8.685 Thread 0x00000265937774d0 Thread added: 0x00000265939fb3d0
Event: 10.238 Thread 0x00000265939e59e0 Thread exited: 0x00000265939e59e0
Event: 20.575 Thread 0x0000026593b69bb0 Thread exited: 0x0000026593b69bb0


Dynamic libraries:
0x00007ff62a650000 - 0x00007ff62a660000 	C:\Program Files\Java\jdk-24\bin\java.exe
0x00007ffbb2780000 - 0x00007ffbb29e5000 	C:\Windows\SYSTEM32\ntdll.dll
0x00007ffbb1560000 - 0x00007ffbb1629000 	C:\Windows\System32\KERNEL32.DLL
0x00007ffbafdd0000 - 0x00007ffbb01b8000 	C:\Windows\System32\KERNELBASE.dll
0x00007ffbb03d0000 - 0x00007ffbb051b000 	C:\Windows\System32\ucrtbase.dll
0x00007ffba6590000 - 0x00007ffba65a6000 	C:\Program Files\Java\jdk-24\bin\jli.dll
0x00007ffbaaa40000 - 0x00007ffbaaa5b000 	C:\Program Files\Java\jdk-24\bin\VCRUNTIME140.dll
0x00007ffbb1390000 - 0x00007ffbb155a000 	C:\Windows\System32\USER32.dll
0x00007ffbb01c0000 - 0x00007ffbb01e7000 	C:\Windows\System32\win32u.dll
0x00007ffbb0570000 - 0x00007ffbb059b000 	C:\Windows\System32\GDI32.dll
0x00007ffb9da90000 - 0x00007ffb9dd2a000 	C:\Windows\WinSxS\amd64_microsoft.windows.common-controls_6595b64144ccf1df_6.0.26100.4202_none_3e0698d4e335f517\COMCTL32.dll
0x00007ffbb0290000 - 0x00007ffbb03c7000 	C:\Windows\System32\gdi32full.dll
0x00007ffbb1660000 - 0x00007ffbb1709000 	C:\Windows\System32\msvcrt.dll
0x00007ffbafd20000 - 0x00007ffbafdc3000 	C:\Windows\System32\msvcp_win.dll
0x00007ffbb1150000 - 0x00007ffbb1180000 	C:\Windows\System32\IMM32.DLL
0x00007ffbaa1a0000 - 0x00007ffbaa1ac000 	C:\Program Files\Java\jdk-24\bin\vcruntime140_1.dll
0x00007ffb923d0000 - 0x00007ffb9245e000 	C:\Program Files\Java\jdk-24\bin\msvcp140.dll
0x00007ffb6f470000 - 0x00007ffb70212000 	C:\Program Files\Java\jdk-24\bin\server\jvm.dll
0x00007ffbb1080000 - 0x00007ffbb1133000 	C:\Windows\System32\ADVAPI32.dll
0x00007ffbb2690000 - 0x00007ffbb2736000 	C:\Windows\System32\sechost.dll
0x00007ffbb1720000 - 0x00007ffbb1835000 	C:\Windows\System32\RPCRT4.dll
0x00007ffbb1300000 - 0x00007ffbb1374000 	C:\Windows\System32\WS2_32.dll
0x00007ffbae510000 - 0x00007ffbae56e000 	C:\Windows\SYSTEM32\POWRPROF.dll
0x00007ffba2670000 - 0x00007ffba26a5000 	C:\Windows\SYSTEM32\WINMM.dll
0x00007ffba9c50000 - 0x00007ffba9c5b000 	C:\Windows\SYSTEM32\VERSION.dll
0x00007ffbae4f0000 - 0x00007ffbae504000 	C:\Windows\SYSTEM32\UMPDC.dll
0x00007ffbae7b0000 - 0x00007ffbae7cb000 	C:\Windows\SYSTEM32\kernel.appcore.dll
0x00007ffba9c80000 - 0x00007ffba9c8a000 	C:\Program Files\Java\jdk-24\bin\jimage.dll
0x00007ffb82660000 - 0x00007ffb828a1000 	C:\Windows\SYSTEM32\DBGHELP.DLL
0x00007ffbb0cf0000 - 0x00007ffbb1075000 	C:\Windows\System32\combase.dll
0x00007ffbb2330000 - 0x00007ffbb2411000 	C:\Windows\System32\OLEAUT32.dll
0x00007ffb9a880000 - 0x00007ffb9a8b9000 	C:\Windows\SYSTEM32\dbgcore.DLL
0x00007ffbb01f0000 - 0x00007ffbb0289000 	C:\Windows\System32\bcryptPrimitives.dll
0x00007ffba79e0000 - 0x00007ffba79fe000 	C:\Program Files\Java\jdk-24\bin\java.dll
0x00007ffbb19c0000 - 0x00007ffbb1b5e000 	C:\Windows\System32\ole32.dll
0x00007ffbb05a0000 - 0x00007ffbb0ce2000 	C:\Windows\System32\SHELL32.dll
0x00007ffbaf960000 - 0x00007ffbafad4000 	C:\Windows\System32\wintypes.dll
0x00007ffbad590000 - 0x00007ffbadde8000 	C:\Windows\SYSTEM32\windows.storage.dll
0x00007ffbb18c0000 - 0x00007ffbb19b1000 	C:\Windows\System32\SHCORE.dll
0x00007ffbb20b0000 - 0x00007ffbb211a000 	C:\Windows\System32\shlwapi.dll
0x00007ffbaf7e0000 - 0x00007ffbaf80f000 	C:\Windows\SYSTEM32\profapi.dll
0x00007ffb8c8f0000 - 0x00007ffb8c9c7000 	C:\Program Files\Java\jdk-24\bin\jsvml.dll
0x00007ffb84ca0000 - 0x00007ffb84e1f000 	C:\Program Files\Java\jdk-24\bin\awt.dll
0x00007ffbac940000 - 0x00007ffbac9de000 	C:\Windows\SYSTEM32\apphelp.dll
0x00007ffba9900000 - 0x00007ffba9910000 	C:\Program Files\Java\jdk-24\bin\net.dll
0x00007ffbaed20000 - 0x00007ffbaed8a000 	C:\Windows\system32\mswsock.dll
0x00007ffba1ff0000 - 0x00007ffba2006000 	C:\Program Files\Java\jdk-24\bin\nio.dll
0x00007ffba1d60000 - 0x00007ffba1d77000 	C:\Program Files\Java\jdk-24\bin\zip.dll
0x00007ffbaca70000 - 0x00007ffbacb1f000 	C:\Windows\system32\uxtheme.dll
0x00007ffbb1190000 - 0x00007ffbb12f0000 	C:\Windows\System32\MSCTF.dll
0x00007ffbace10000 - 0x00007ffbace46000 	C:\Windows\system32\DWMAPI.DLL
0x00007ffb8c020000 - 0x00007ffb8c134000 	C:\Windows\system32\opengl32.dll
0x00007ffb9c780000 - 0x00007ffb9c7ad000 	C:\Windows\SYSTEM32\GLU32.dll
0x00007ffbacee0000 - 0x00007ffbacf2d000 	C:\Windows\SYSTEM32\dxcore.dll
0x00007ffb922f0000 - 0x00007ffb92377000 	C:\Program Files\Java\jdk-24\bin\freetype.dll
0x00007ffb87840000 - 0x00007ffb87917000 	C:\Program Files\Java\jdk-24\bin\fontmanager.dll
0x00007ffbb2220000 - 0x00007ffbb22c8000 	C:\Windows\System32\clbcatq.dll
0x00007ffbab150000 - 0x00007ffbab389000 	C:\Windows\SYSTEM32\WindowsCodecs.dll
0x00007ffb91540000 - 0x00007ffb9159a000 	C:\Windows\system32\dataexchange.dll
0x00007ffba5bc0000 - 0x00007ffba5dfa000 	C:\Windows\system32\twinapi.appcore.dll
0x00007ffba2700000 - 0x00007ffba2850000 	C:\Windows\SYSTEM32\textinputframework.dll
0x00007ffbac210000 - 0x00007ffbac335000 	C:\Windows\SYSTEM32\CoreMessaging.dll
0x00007ffba9040000 - 0x00007ffba9323000 	C:\Windows\SYSTEM32\CoreUIComponents.dll
0x00007ffbaeff0000 - 0x00007ffbaeffc000 	C:\Windows\SYSTEM32\CRYPTBASE.DLL
0x00007ffb91450000 - 0x00007ffb9147e000 	C:\Program Files\Java\jdk-24\bin\javajpeg.dll

dbghelp: loaded successfully - version: 4.0.5 - missing functions: none
symbol engine: initialized successfully - sym options: 0x614 - pdb path: .;C:\Program Files\Java\jdk-24\bin;C:\Windows\SYSTEM32;C:\Windows\WinSxS\amd64_microsoft.windows.common-controls_6595b64144ccf1df_6.0.26100.4202_none_3e0698d4e335f517;C:\Program Files\Java\jdk-24\bin\server

VM Arguments:
java_command: com.mycompany.pantallapricipal.Pantallapricipal
java_class_path (initial): C:\Users\holan\Documents\GitHub\healthTrack\target\classes;C:\Users\holan\.m2\repository\org\netbeans\external\AbsoluteLayout\RELEASE250\AbsoluteLayout-RELEASE250.jar
Launcher Type: SUN_STANDARD

[Global flags]
     intx CICompilerCount                          = 3                                         {product} {ergonomic}
     uint ConcGCThreads                            = 1                                         {product} {ergonomic}
     uint G1ConcRefinementThreads                  = 4                                         {product} {ergonomic}
   size_t G1HeapRegionSize                         = 1048576                                   {product} {ergonomic}
   size_t InitialHeapSize                          = 130023424                                 {product} {ergonomic}
   size_t MarkStackSize                            = 4194304                                   {product} {ergonomic}
   size_t MarkStackSizeMax                         = 536870912                                 {product} {ergonomic}
   size_t MaxHeapSize                              = 2069889024                                {product} {ergonomic}
   size_t MaxNewSize                               = 1241513984                                {product} {ergonomic}
   size_t MinHeapDeltaBytes                        = 1048576                                   {product} {ergonomic}
   size_t MinHeapSize                              = 8388608                                   {product} {ergonomic}
    uintx NonNMethodCodeHeapSize                   = 5832704                                {pd product} {ergonomic}
    uintx NonProfiledCodeHeapSize                  = 122945536                              {pd product} {ergonomic}
    uintx ProfiledCodeHeapSize                     = 122880000                              {pd product} {ergonomic}
    uintx ReservedCodeCacheSize                    = 251658240                              {pd product} {ergonomic}
     bool SegmentedCodeCache                       = true                                      {product} {ergonomic}
   size_t SoftMaxHeapSize                          = 2069889024                             {manageable} {ergonomic}
     bool UseCompressedOops                        = true                           {product lp64_product} {ergonomic}
     bool UseG1GC                                  = true                                      {product} {ergonomic}
     bool UseLargePagesIndividualAllocation        = false                                  {pd product} {ergonomic}

Logging:
Log output configuration:
 #0: stdout all=warning uptime,level,tags foldmultilines=false
 #1: stderr all=off uptime,level,tags foldmultilines=false

Environment Variables:
JAVA_HOME=C:\Program Files\Java\jdk-24
PATH=C:\Program Files\Common Files\Oracle\Java\javapath;C:\Windows\system32;C:\Windows;C:\Windows\System32\Wbem;C:\Windows\System32\WindowsPowerShell\v1.0\;C:\Windows\System32\OpenSSH\;C:\Program Files\dotnet\;C:\Program Files\Git\cmd;C:\Users\holan\AppData\Local\Microsoft\WindowsApps;C:\Users\holan\AppData\Local\GitHubDesktop\bin;C:\Users\holan\AppData\Local\Programs\Microsoft VS Code\bin
USERNAME=holan
OS=Windows_NT
PROCESSOR_IDENTIFIER=Intel64 Family 6 Model 61 Stepping 4, GenuineIntel
TMP=C:\Users\holan\AppData\Local\Temp
TEMP=C:\Users\holan\AppData\Local\Temp




Periodic native trim disabled

---------------  S Y S T E M  ---------------

OS:
 Windows 11 , 64 bit Build 26100 (10.0.26100.4202)
OS uptime: 9 days 12:10 hours

CPU: total 4 (initial active 4) (2 cores per cpu, 2 threads per core) family 6 model 61 stepping 4 microcode 0x2f, cx8, cmov, fxsr, ht, mmx, 3dnowpref, sse, sse2, sse3, ssse3, sse4.1, sse4.2, popcnt, lzcnt, tsc, tscinvbit, avx, avx2, aes, erms, clmul, bmi1, bmi2, rtm, adx, fma, vzeroupper, clflush, rdtscp, f16c
Processor Information for the first 4 processors :
  Max Mhz: 2295, Current Mhz: 2295, Mhz Limit: 2295

Memory: 4k page, system-wide physical 7888M (1469M free)
TotalPageFile size 12325M (AvailPageFile size 1624M)
current process WorkingSet (physical memory assigned to process): 52M, peak: 157M
current process commit charge ("private bytes"): 218M, peak: 232M

vm_info: Java HotSpot(TM) 64-Bit Server VM (24+36-3646) for windows-amd64 JRE (24+36-3646), built on 2025-02-06T00:20:43Z with MS VC++ 17.6 (VS2022)

END.
