#
# A fatal error has been detected by the Java Runtime Environment:
#
#  EXCEPTION_ACCESS_VIOLATION (0xc0000005) at pc=0x00007ffa0e2db661, pid=5072, tid=3508
#
# JRE version: Java(TM) SE Runtime Environment (24.0+36) (build 24+36-3646)
# Java VM: Java HotSpot(TM) 64-Bit Server VM (24+36-3646, mixed mode, sharing, tiered, compressed oops, compressed class ptrs, g1 gc, windows-amd64)
# Problematic frame:
# C  [awt.dll+0xdb661]
#
# No core dump will be written. Minidumps are not enabled by default on client versions of Windows
#
# If you would like to submit a bug report, please visit:
#   https://bugreport.java.com/bugreport/crash.jsp
# The crash happened outside the Java Virtual Machine in native code.
# See problematic frame for where to report the bug.
#

---------------  S U M M A R Y ------------

Command Line: com.mycompany.pantallapricipal.Pantallapricipal

Host: Intel(R) Core(TM) i5-5300U CPU @ 2.30GHz, 4 cores, 7G,  Windows 11 , 64 bit Build 26100 (10.0.26100.4484)
Time: Tue Jul 29 15:45:33 2025 Central Standard Time (Mexico) elapsed time: 7688.707627 seconds (0d 2h 8m 8s)

---------------  T H R E A D  ---------------

Current thread (0x0000025d7103b390):  JavaThread "AWT-Windows" daemon [_thread_in_native, id=3508, stack(0x0000007275500000,0x0000007275600000) (1024K)]

Stack: [0x0000007275500000,0x0000007275600000],  sp=0x00000072755feb10,  free space=1018k
Native frames: (J=compiled Java code, j=interpreted, Vv=VM code, C=native code)
C  [awt.dll+0xdb661]  (no source info available)
C  [awt.dll+0x975ac]  (no source info available)
C  [awt.dll+0x97656]  (no source info available)
C  [awt.dll+0x94a26]  (no source info available)
C  [awt.dll+0xdfa4c]  (no source info available)
C  [awt.dll+0xb0a7d]  (no source info available)
C  [awt.dll+0x97b8d]  (no source info available)
C  [USER32.dll+0x181d6]  (no source info available)
C  [USER32.dll+0x17c9c]  (no source info available)
C  [awt.dll+0x161c3]  (no source info available)
C  [COMCTL32.dll+0x23a08]  (no source info available)
C  [COMCTL32.dll+0x237df]  (no source info available)
C  [USER32.dll+0x181d6]  (no source info available)
C  [USER32.dll+0x15d2d]  (no source info available)
C  [awt.dll+0xd4cae]  (no source info available)
C  [awt.dll+0xd6aa2]  (no source info available)
C  0x0000025d1ec4ce20  (no source info available)

The last pc belongs to native method entry point (kind = native) (printed below).
Java frames: (J=compiled Java code, j=interpreted, Vv=VM code)
j  sun.awt.windows.WToolkit.eventLoop()V+0 java.desktop@24
j  sun.awt.windows.WToolkit.run()V+56 java.desktop@24
j  java.lang.Thread.runWith(Ljava/lang/Object;Ljava/lang/Runnable;)V+5 java.base@24
j  java.lang.Thread.run()V+19 java.base@24
v  ~StubRoutines::call_stub 0x0000025d1ec40fcd

siginfo: EXCEPTION_ACCESS_VIOLATION (0xc0000005), reading address 0x0000000000000068


Registers:
RAX=0x0000000000000060, RBX=0x0000025d717a5610, RCX=0x0000000000000000, RDX=0x0000000000000000
RSP=0x00000072755feb10, RBP=0x00000072755fec19, RSI=0xffffffffe8010cd8, RDI=0x0000000000000000
R8 =0x0000000000000001, R9 =0x0000007273b85000, R10=0x0000000000000000, R11=0x0000000000000246
R12=0x0000000000000000, R13=0x0000000000000310, R14=0x0000000000000000, R15=0x0000000000000000
RIP=0x00007ffa0e2db661, EFLAGS=0x0000000000010246

XMM[0]=0x0000000000000000 0x0000000000000000
XMM[1]=0x0000000000000000 0x0000000000000000
XMM[2]=0x0000000000000000 0x0000000000000000
XMM[3]=0x0000000000000000 0x0000000000000000
XMM[4]=0x0000000000000000 0x0000000000000000
XMM[5]=0x0000000000000000 0x0000000000000000
XMM[6]=0x0000000000000000 0x0000000000000000
XMM[7]=0x0000000000000000 0x0000000000000000
XMM[8]=0x0000000000000000 0x0000000000000000
XMM[9]=0x0000000000000000 0x0000000000000000
XMM[10]=0x0000000000000000 0x0000000000000000
XMM[11]=0x0000000000000000 0x0000000000000000
XMM[12]=0x0000000000000000 0x0000000000000000
XMM[13]=0x0000000000000000 0x0000000000000000
XMM[14]=0x0000000000000000 0x0000000000000000
XMM[15]=0x0000000000000000 0x0000000000000000
  MXCSR=0x00001fa0


Register to memory mapping:

RAX=0x0000000000000060 is an unknown value
RBX=0x0000025d717a5610 points into unknown readable memory: 0x0000025d717d3f70 | 70 3f 7d 71 5d 02 00 00
RCX=0x0 is null
RDX=0x0 is null
RSP=0x00000072755feb10 is pointing into the stack for thread: 0x0000025d7103b390
RBP=0x00000072755fec19 is pointing into the stack for thread: 0x0000025d7103b390
RSI=0xffffffffe8010cd8 is an unknown value
RDI=0x0 is null
R8 =0x0000000000000001 is an unknown value
R9 =0x0000007273b85000 points into unknown readable memory: 0x0000000000000000 | 00 00 00 00 00 00 00 00
R10=0x0 is null
R11=0x0000000000000246 is an unknown value
R12=0x0 is null
R13=0x0000000000000310 is an unknown value
R14=0x0 is null
R15=0x0 is null

Top of Stack: (sp=0x00000072755feb10)
0x00000072755feb10:   00007ffa0e337838 ffffffffe8010cd8   8x3.............
0x00000072755feb20:   0000000000000000 0000000000000000   ................
0x00000072755feb30:   0000000000000000 00007ffa0e2975ac   .........u).....
0x00000072755feb40:   ffffffffe8010cd8 0000025d73689ab0   ..........hs]...
0x00000072755feb50:   0000025d717a5610 00000072755fee88   .Vzq]....._ur...
0x00000072755feb60:   0000000000000000 00007ffa0e297656   ........Vv).....
0x00000072755feb70:   0000025d73689ab0 00007ffa0e200000   ..hs]..... .....
0x00000072755feb80:   00000072755fec78 00007ffa48a93a08   x._ur....:.H....
0x00000072755feb90:   0000000000000000 00007ffa0e294a26   ........&J).....
0x00000072755feba0:   0000025d73689ab0 0000000000000000   ..hs]...........
0x00000072755febb0:   00007ffa0e297b30 00007ffa5f8ac8ae   0{)........_....
0x00000072755febc0:   0000000000000001 00007ffa5e2618e9   ..........&^....
0x00000072755febd0:   00000072755fec70 0000000000000001   p._ur...........
0x00000072755febe0:   0000000000000000 00000072755fec78   ........x._ur...
0x00000072755febf0:   0000000000000000 0000000000000000   ................
0x00000072755fec00:   0000000000000000 0000025d7103b758   ........X..q]...
0x00000072755fec10:   0000025d73689b50 0000000000000000   P.hs]...........
0x00000072755fec20:   0000000000000000 00003b10eff3dfd7   .............;..
0x00000072755fec30:   0000000000000000 0000000000000000   ................
0x00000072755fec40:   0000000000000000 0000000000000000   ................
0x00000072755fec50:   0000000000000000 0000000000000310   ................
0x00000072755fec60:   0000000000000000 0000025d73689ab0   ..........hs]...
0x00000072755fec70:   0000025d73689ab0 00007ffa0e2dfa4c   ..hs]...L.-.....
0x00000072755fec80:   0000000000000000 00003ebd8c81d393   .............>..
0x00000072755fec90:   0000e049211f053c 0000000000000022   <..!I...".......
0x00000072755feca0:   000000000000c2d5 0000000000000000   ................
0x00000072755fecb0:   0000000000000000 00007ffa5e2383a9   ..........#^....
0x00000072755fecc0:   0000000000000000 0000000000000001   ................
0x00000072755fecd0:   0000000000000022 00007ffa5f91311f   "........1._....
0x00000072755fece0:   00000000004805b4 00007ffa5e23968a   ..H.......#^....
0x00000072755fecf0:   ffffffffffffffeb 00003b10eff3d8f7   .............;..
0x00000072755fed00:   0000025d0d188380 0000000000000000   ....]...........

Instructions: (pc=0x00007ffa0e2db661)
  0x00007ffa0e2db561:   83 ec 28 66 0f 6e c2 0f 5b c0 f3 0f 59 41 48 0f
  0x00007ffa0e2db571:   5a c8 f2 0f 10 05 fd 35 03 00 f2 0f 5c 0d 85 36
  0x00007ffa0e2db581:   01 00 66 0f 2f c1 76 0a b8 00 00 00 80 48 83 c4
  0x00007ffa0e2db591:   28 c3 66 0f 2f 0d 05 80 02 00 76 0a b8 ff ff ff
  0x00007ffa0e2db5a1:   7f 48 83 c4 28 c3 0f 28 c1 e8 9f fb 00 00 f2 0f
  0x00007ffa0e2db5b1:   2c c0 48 83 c4 28 c3 cc cc cc cc cc cc cc cc 48
  0x00007ffa0e2db5c1:   83 ec 28 66 0f 6e c2 0f 5b c0 f3 0f 59 41 4c 0f
  0x00007ffa0e2db5d1:   5a c8 f2 0f 10 05 9d 35 03 00 f2 0f 5c 0d 25 36
  0x00007ffa0e2db5e1:   01 00 66 0f 2f c1 76 0a b8 00 00 00 80 48 83 c4
  0x00007ffa0e2db5f1:   28 c3 66 0f 2f 0d a5 7f 02 00 76 0a b8 ff ff ff
  0x00007ffa0e2db601:   7f 48 83 c4 28 c3 0f 28 c1 e8 3f fb 00 00 f2 0f
  0x00007ffa0e2db611:   2c c0 48 83 c4 28 c3 cc cc cc cc cc cc cc cc 48
  0x00007ffa0e2db621:   8b 49 08 48 85 c9 0f 85 93 81 fe ff 33 c0 c3 48
  0x00007ffa0e2db631:   89 5c 24 08 48 89 74 24 10 57 48 83 ec 20 8b fa
  0x00007ffa0e2db641:   48 8b f1 e8 57 c6 f4 ff 48 8b d8 48 89 44 24 40
  0x00007ffa0e2db651:   41 b8 01 00 00 00 8b d7 48 8b c8 e8 bf c5 f4 ff
=>0x00007ffa0e2db661:   48 8b 48 08 48 85 c9 74 0d 48 8b d6 e8 4e 81 fe
  0x00007ffa0e2db671:   ff 48 8b f8 eb 02 33 ff 48 8b cb e8 df c7 f4 ff
  0x00007ffa0e2db681:   90 48 8b c7 48 8b 5c 24 30 48 8b 74 24 38 48 83
  0x00007ffa0e2db691:   c4 20 5f c3 cc cc cc cc cc cc cc cc cc cc cc 48
  0x00007ffa0e2db6a1:   8b 01 89 10 c3 cc cc cc cc cc cc cc cc cc cc 40
  0x00007ffa0e2db6b1:   57 48 83 ec 40 48 83 79 38 00 48 8b f9 0f 84 96
  0x00007ffa0e2db6c1:   01 00 00 48 8b 0d 25 87 06 00 ba 02 00 01 00 48
  0x00007ffa0e2db6d1:   89 5c 24 58 48 89 74 24 68 e8 50 c5 00 00 4c 8b
  0x00007ffa0e2db6e1:   05 52 8c 06 00 48 8b c8 48 8b 57 38 48 8b d8 4c
  0x00007ffa0e2db6f1:   8b 08 41 ff 91 f8 02 00 00 48 8b f0 48 85 c0 0f
  0x00007ffa0e2db701:   84 4a 01 00 00 4c 8b 0b 48 8b d0 4c 8b 05 15 8c
  0x00007ffa0e2db711:   06 00 48 8b cb 41 ff 91 00 01 00 00 84 c0 0f 84
  0x00007ffa0e2db721:   2b 01 00 00 48 8b 7f 08 48 8b d6 48 8b 03 48 8b
  0x00007ffa0e2db731:   cb 4c 8b 05 07 8c 06 00 48 81 c7 00 04 00 00 48
  0x00007ffa0e2db741:   89 6c 24 60 4c 89 64 24 38 ff 90 f8 02 00 00 4c
  0x00007ffa0e2db751:   8b 0b 48 8b d6 4c 8b 05 eb 8b 06 00 48 8b cb 4c


Stack slot to memory mapping:

stack at sp + 0 slots: 0x00007ffa0e337838 awt.dll
stack at sp + 1 slots: 0xffffffffe8010cd8 is an unknown value
stack at sp + 2 slots: 0x0 is null
stack at sp + 3 slots: 0x0 is null
stack at sp + 4 slots: 0x0 is null
stack at sp + 5 slots: 0x00007ffa0e2975ac awt.dll
stack at sp + 6 slots: 0xffffffffe8010cd8 is an unknown value
stack at sp + 7 slots: 0x0000025d73689ab0 points into unknown readable memory: 0x00007ffa0e30a860 | 60 a8 30 0e fa 7f 00 00

Lock stack of current Java thread (top to bottom):

native method entry point (kind = native)  [0x0000025d1ec4ca40, 0x0000025d1ec4d478]  2616 bytes
[MachCode]
  0x0000025d1ec4ca40: 488b 4b08 | 0fb7 492e | 584c 8d74 | ccf8 6800 | 0000 0068 | 0000 0000 | 5055 488b | ec41 5568 
  0x0000025d1ec4ca60: 0000 0000 | 4c8b 6b08 | 4d8d 6d38 | 5348 8b53 | 0848 8b52 | 0848 8b52 | 1848 8b52 | 7048 8b12 
  0x0000025d1ec4ca80: 5248 8b53 | 1048 85d2 | 0f84 0700 | 0000 4881 | c208 0100 | 0052 488b | 5308 488b | 5208 488b 
  0x0000025d1ec4caa0: 5210 5249 | 8bc6 482b | c548 c1e8 | 0350 6800 | 0000 0068 | f7ff ffff | 41c6 8771 | 0400 0001 
  0x0000025d1ec4cac0: 488b 4310 | 4885 c074 | 208b 88cc | 0000 0083 | c102 8988 | cc00 0000 | 2388 e000 | 0000 0f84 
  0x0000025d1ec4cae0: e408 0000 | e9cd 0000 | 0048 8b43 | 1848 85c0 | 0f85 b000 | 0000 e805 | 0000 00e9 | 9900 0000 
  0x0000025d1ec4cb00: 488b d348 | 8d44 2408 | 4c89 6dc0 | 498b cfc5 | f877 4989 | afb8 0300 | 0049 8987 | a803 0000 
  0x0000025d1ec4cb20: 4883 ec20 | 40f6 c40f | 0f84 1900 | 0000 4883 | ec08 48b8 | 0031 6e05 | fa7f 0000 | ffd0 4883 
  0x0000025d1ec4cb40: c408 e90c | 0000 0048 | b800 316e | 05fa 7f00 | 00ff d048 | 83c4 2049 | c787 a803 | 0000 0000 
  0x0000025d1ec4cb60: 0000 49c7 | 87b8 0300 | 0000 0000 | 0049 c787 | b003 0000 | 0000 0000 | c5f8 7749 | 837f 0800 
  0x0000025d1ec4cb80: 0f84 0500 | 0000 e935 | 43ff ff4c | 8b6d c04c | 8b75 c84e | 8d74 f500 | c348 8b43 | 1848 85c0 
  0x0000025d1ec4cba0: 0f84 1000 | 0000 8b08 | 83c1 0289 | 0823 4814 | 0f84 1208 | 0000 493b | a7f0 0400 | 000f 8748 
  0x0000025d1ec4cbc0: 0000 0089 | 8424 00f0 | ffff 8984 | 2400 e0ff | ff89 8424 | 00d0 ffff | 8984 2400 | c0ff ff89 
  0x0000025d1ec4cbe0: 8424 00b0 | ffff 8984 | 2400 a0ff | ff89 8424 | 0090 ffff | 8984 2400 | 80ff ff49 | 3ba7 e804 
  0x0000025d1ec4cc00: 0000 7607 | 4989 a7f0 | 0400 0041 | c687 7104 | 0000 0048 | 8b5d e84c | 8b5b 0845 | 0fb7 5b2e 
  0x0000025d1ec4cc20: 41c1 e303 | 492b e348 | 83ec 2048 | 83e4 f04c | 8b5b 604d | 85db 0f85 | ab00 0000 | e805 0000 
  0x0000025d1ec4cc40: 00e9 9900 | 0000 488b | d348 8d44 | 2408 4c89 | 6dc0 498b | cfc5 f877 | 4989 afb8 | 0300 0049 
  0x0000025d1ec4cc60: 8987 a803 | 0000 4883 | ec20 40f6 | c40f 0f84 | 1900 0000 | 4883 ec08 | 48b8 405b | 6e05 fa7f 
  0x0000025d1ec4cc80: 0000 ffd0 | 4883 c408 | e90c 0000 | 0048 b840 | 5b6e 05fa | 7f00 00ff | d048 83c4 | 2049 c787 
  0x0000025d1ec4cca0: a803 0000 | 0000 0000 | 49c7 87b8 | 0300 0000 | 0000 0049 | c787 b003 | 0000 0000 | 0000 c5f8 
  0x0000025d1ec4ccc0: 7749 837f | 0800 0f84 | 0500 0000 | e9ef 41ff | ff4c 8b6d | c04c 8b75 | c84e 8d74 | f500 c348 
  0x0000025d1ec4cce0: 8b5d e84c | 8b5b 6041 | ffd3 488b | 5de8 4889 | 4518 448b | 5b28 41f6 | c308 0f84 | 1b00 0000 
  0x0000025d1ec4cd00: 4c8b 5b08 | 4d8b 5b08 | 4d8b 5b18 | 4d8b 5b70 | 4d8b 1b4c | 895d 1048 | 8d55 1048 | 8b43 5849 
  0x0000025d1ec4cd20: bad0 71a7 | 05fa 7f00 | 0049 3bc2 | 0f85 ab00 | 0000 e805 | 0000 00e9 | 9900 0000 | 488b d348 
  0x0000025d1ec4cd40: 8d44 2408 | 4c89 6dc0 | 498b cfc5 | f877 4989 | afb8 0300 | 0049 8987 | a803 0000 | 4883 ec20 
  0x0000025d1ec4cd60: 40f6 c40f | 0f84 1900 | 0000 4883 | ec08 48b8 | 405b 6e05 | fa7f 0000 | ffd0 4883 | c408 e90c 
  0x0000025d1ec4cd80: 0000 0048 | b840 5b6e | 05fa 7f00 | 00ff d048 | 83c4 2049 | c787 a803 | 0000 0000 | 0000 49c7 
  0x0000025d1ec4cda0: 87b8 0300 | 0000 0000 | 0049 c787 | b003 0000 | 0000 0000 | c5f8 7749 | 837f 0800 | 0f84 0500 
  0x0000025d1ec4cdc0: 0000 e9f9 | 40ff ff4c | 8b6d c04c | 8b75 c84e | 8d74 f500 | c348 8b5d | e848 8b43 | 5849 8d8f 
  0x0000025d1ec4cde0: c803 0000 | 4c8d 15d5 | 0000 004d | 8997 b003 | 0000 c5f8 | 7749 89af | b803 0000 | 4989 a7a8 
  0x0000025d1ec4ce00: 0300 0041 | c787 5404 | 0000 0400 | 0000 493b | a748 0500 | 0076 0749 | 89a7 4805 | 0000 ffd0 
  0x0000025d1ec4ce20: 493b a748 | 0500 0072 | 0b49 c787 | 4805 0000 | 0000 0000 | c5f8 7748 | 83ec 10c5 | fb11 0424 
  0x0000025d1ec4ce40: 4883 ec10 | 4889 0424 | 48c7 4424 | 0800 0000 | 0041 c787 | 5404 0000 | 0500 0000 | f083 4424 
  0x0000025d1ec4ce60: c000 493b | 6f28 0f87 | 0e00 0000 | 4183 bf50 | 0400 0000 | 0f84 2000 | 0000 498b | cf4c 8be4 
  0x0000025d1ec4ce80: 4883 ec20 | 4883 e4f0 | 48b8 c0ba | 6f05 fa7f | 0000 ffd0 | 498b e44d | 33e4 41c7 | 8754 0400 
  0x0000025d1ec4cea0: 0008 0000 | 004d 8b97 | 7005 0000 | 4983 fa00 | 7435 49c7 | 8770 0500 | 0000 0000 | 0041 ffe2 
  0x0000025d1ec4cec0: 49ba 00bb | c41e 5d02 | 0000 41ff | d248 83ec | 10c5 fb11 | 0424 4883 | ec10 4889 | 0424 48c7 
  0x0000025d1ec4cee0: 4424 0800 | 0000 0049 | c787 a803 | 0000 0000 | 0000 49c7 | 87b8 0300 | 0000 0000 | 0049 c787 
  0x0000025d1ec4cf00: b003 0000 | 0000 0000 | c5f8 774d | 8b9f 3804 | 0000 41c7 | 8300 0100 | 0000 0000 | 0049 bb3a 
  0x0000025d1ec4cf20: a4c4 1e5d | 0200 004c | 3b5d 180f | 8555 0100 | 0048 8b04 | 2448 83c4 | 1048 85c0 | 0f84 2f01 
  0x0000025d1ec4cf40: 0000 a803 | 0f85 0800 | 0000 488b | 00e9 1f01 | 0000 a801 | 0f85 0900 | 0000 488b | 40fe e90e 
  0x0000025d1ec4cf60: 0100 0048 | 8b40 ff41 | 807f 4800 | 0f84 ff00 | 0000 4883 | f800 0f84 | f500 0000 | 4d8b 5f38 
  0x0000025d1ec4cf80: 4d85 db0f | 8414 0000 | 0049 83eb | 084d 895f | 384d 035f | 4049 8903 | e9d4 0000 | 0048 83ec 
  0x0000025d1ec4cfa0: 7048 8904 | 2448 894c | 2408 4889 | 5424 104c | 8944 2418 | 4c89 4c24 | 204c 8954 | 2428 4c89 
  0x0000025d1ec4cfc0: 5c24 30c5 | fb11 4424 | 40c5 fb11 | 4c24 48c5 | fb11 5424 | 50c5 fb11 | 5c24 58c5 | fb11 6424 
  0x0000025d1ec4cfe0: 60c5 fb11 | 6c24 6849 | 8bd7 488b | c848 83ec | 2040 f6c4 | 0f0f 8419 | 0000 0048 | 83ec 0848 
  0x0000025d1ec4d000: b830 4a62 | 05fa 7f00 | 00ff d048 | 83c4 08e9 | 0c00 0000 | 48b8 304a | 6205 fa7f | 0000 ffd0 
  0x0000025d1ec4d020: 4883 c420 | c5fb 106c | 2468 c5fb | 1064 2460 | c5fb 105c | 2458 c5fb | 1054 2450 | c5fb 104c 
  0x0000025d1ec4d040: 2448 c5fb | 1044 2440 | 4c8b 5c24 | 304c 8b54 | 2428 4c8b | 4c24 204c | 8b44 2418 | 488b 5424 
  0x0000025d1ec4d060: 1048 8b4c | 2408 488b | 0424 4883 | c470 c5f8 | 7748 8945 | 1048 83ec | 1048 8904 | 2448 c744 
  0x0000025d1ec4d080: 2408 0000 | 0000 4183 | bfd0 0400 | 0002 0f85 | bf00 0000 | 4881 ec80 | 0000 0048 | 8944 2478 
  0x0000025d1ec4d0a0: 4889 4c24 | 7048 8954 | 2468 4889 | 5c24 6048 | 896c 2450 | 4889 7424 | 4848 897c | 2440 4c89 
  0x0000025d1ec4d0c0: 4424 384c | 894c 2430 | 4c89 5424 | 284c 895c | 2420 4c89 | 6424 184c | 896c 2410 | 4c89 7424 
  0x0000025d1ec4d0e0: 084c 893c | 244c 8be4 | 4883 ec20 | 4883 e4f0 | 48b8 6058 | a705 fa7f | 0000 ffd0 | 498b e44c 
  0x0000025d1ec4d100: 8b3c 244c | 8b74 2408 | 4c8b 6c24 | 104c 8b64 | 2418 4c8b | 5c24 204c | 8b54 2428 | 4c8b 4c24 
  0x0000025d1ec4d120: 304c 8b44 | 2438 488b | 7c24 4048 | 8b74 2448 | 488b 6c24 | 5048 8b5c | 2460 488b | 5424 6848 
  0x0000025d1ec4d140: 8b4c 2470 | 488b 4424 | 7848 81c4 | 8000 0000 | 4d33 e448 | 8b5d e84c | 8b6b 084d | 8d6d 3849 
  0x0000025d1ec4d160: 837f 0800 | 0f84 bb00 | 0000 e805 | 0000 00e9 | 9600 0000 | 488d 4424 | 084c 896d | c049 8bcf 
  0x0000025d1ec4d180: c5f8 7749 | 89af b803 | 0000 4989 | 87a8 0300 | 0048 83ec | 2040 f6c4 | 0f0f 8419 | 0000 0048 
  0x0000025d1ec4d1a0: 83ec 0848 | b8e0 796e | 05fa 7f00 | 00ff d048 | 83c4 08e9 | 0c00 0000 | 48b8 e079 | 6e05 fa7f 
  0x0000025d1ec4d1c0: 0000 ffd0 | 4883 c420 | 49c7 87a8 | 0300 0000 | 0000 0049 | c787 b803 | 0000 0000 | 0000 49c7 
  0x0000025d1ec4d1e0: 87b0 0300 | 0000 0000 | 00c5 f877 | 4983 7f08 | 000f 8405 | 0000 00e9 | c43c ffff | 4c8b 6dc0 
  0x0000025d1ec4d200: 4c8b 75c8 | 4e8d 74f5 | 00c3 48b9 | f8eb cd05 | fa7f 0000 | 4883 e4f0 | 48b8 b0a9 | 9405 fa7f 
  0x0000025d1ec4d220: 0000 ffd0 | f444 8b5b | 2841 f6c3 | 200f 8472 | 0100 0048 | 8d55 a84c | 8b5a 084d | 85db 0f85 
  0x0000025d1ec4d240: bb00 0000 | e805 0000 | 00e9 9600 | 0000 488d | 4424 084c | 896d c049 | 8bcf c5f8 | 7749 89af 
  0x0000025d1ec4d260: b803 0000 | 4989 87a8 | 0300 0048 | 83ec 2040 | f6c4 0f0f | 8419 0000 | 0048 83ec | 0848 b810 
  0x0000025d1ec4d280: 796e 05fa | 7f00 00ff | d048 83c4 | 08e9 0c00 | 0000 48b8 | 1079 6e05 | fa7f 0000 | ffd0 4883 
  0x0000025d1ec4d2a0: c420 49c7 | 87a8 0300 | 0000 0000 | 0049 c787 | b803 0000 | 0000 0000 | 49c7 87b0 | 0300 0000 
  0x0000025d1ec4d2c0: 0000 00c5 | f877 4983 | 7f08 000f | 8405 0000 | 00e9 ea3b | ffff 4c8b | 6dc0 4c8b | 75c8 4e8d 
  0x0000025d1ec4d2e0: 74f5 00c3 | 48b9 f8eb | cd05 fa7f | 0000 4883 | e4f0 48b8 | b0a9 9405 | fa7f 0000 | ffd0 f44c 
  0x0000025d1ec4d300: 896d c04c | 8b4a 0848 | c742 0800 | 0000 0045 | 8b87 5806 | 0000 4f3b | 4c07 f80f | 8542 0000 
  0x0000025d1ec4d320: 0041 83af | 5806 0000 | 084f 3b4c | 07f0 0f84 | 2a00 0000 | 498b 01a8 | 020f 8512 | 0000 004c 
  0x0000025d1ec4d340: 8bc0 4983 | c801 f04d | 0fb1 010f | 840d 0000 | 0041 8387 | 5806 0000 | 08e9 0500 | 0000 e93e 
  0x0000025d1ec4d360: 0000 004c | 894a 0848 | 8bca 4883 | ec20 40f6 | c40f 0f84 | 1900 0000 | 4883 ec08 | 48b8 304b 
  0x0000025d1ec4d380: 6e05 fa7f | 0000 ffd0 | 4883 c408 | e90c 0000 | 0048 b830 | 4b6e 05fa | 7f00 00ff | d048 83c4 
  0x0000025d1ec4d3a0: 204c 8b6d | c048 8b04 | 2448 83c4 | 10c5 fb10 | 0424 4883 | c410 4c8b | 5d18 41ff | d34c 8b5d 
  0x0000025d1ec4d3c0: f8c9 5f49 | 8be3 ffe7 | ba00 0000 | 00e8 0500 | 0000 e996 | 0000 0048 | 8d44 2408 | 4c89 6dc0 
  0x0000025d1ec4d3e0: 498b cfc5 | f877 4989 | afb8 0300 | 0049 8987 | a803 0000 | 4883 ec20 | 40f6 c40f | 0f84 1900 
  0x0000025d1ec4d400: 0000 4883 | ec08 48b8 | d03f 6e05 | fa7f 0000 | ffd0 4883 | c408 e90c | 0000 0048 | b8d0 3f6e 
  0x0000025d1ec4d420: 05fa 7f00 | 00ff d048 | 83c4 2049 | c787 a803 | 0000 0000 | 0000 49c7 | 87b8 0300 | 0000 0000 
  0x0000025d1ec4d440: 0049 c787 | b003 0000 | 0000 0000 | c5f8 7749 | 837f 0800 | 0f84 0500 | 0000 e961 | 3aff ff4c 
  0x0000025d1ec4d460: 8b6d c04c | 8b75 c84e | 8d74 f500 | c348 8b5d | e8e9 40f7 | ffff 6690 
[/MachCode]

---------------  P R O C E S S  ---------------

Threads class SMR info:
_java_thread_list=0x0000025d738001d0, length=17, elements={
0x0000025d2b273d70, 0x0000025d2b275590, 0x0000025d2b279ea0, 0x0000025d2b27a5f0,
0x0000025d2b279750, 0x0000025d2b27ad40, 0x0000025d2b282900, 0x0000025d2b28b490,
0x0000025d2b27c330, 0x0000025d2b27b490, 0x0000025d2b27ca80, 0x0000025d2b27bbe0,
0x0000025d7103b390, 0x0000025d710387b0, 0x0000025d7103a4f0, 0x0000025d7103c230,
0x0000025d71038f00
}

Java Threads: ( => current thread )
  0x0000025d2b273d70 JavaThread "Reference Handler"          daemon [_thread_blocked, id=14040, stack(0x0000007274800000,0x0000007274900000) (1024K)]
  0x0000025d2b275590 JavaThread "Finalizer"                  daemon [_thread_blocked, id=5320, stack(0x0000007274900000,0x0000007274a00000) (1024K)]
  0x0000025d2b279ea0 JavaThread "Signal Dispatcher"          daemon [_thread_blocked, id=2376, stack(0x0000007274a00000,0x0000007274b00000) (1024K)]
  0x0000025d2b27a5f0 JavaThread "Attach Listener"            daemon [_thread_blocked, id=13264, stack(0x0000007274b00000,0x0000007274c00000) (1024K)]
  0x0000025d2b279750 JavaThread "Service Thread"             daemon [_thread_blocked, id=1208, stack(0x0000007274c00000,0x0000007274d00000) (1024K)]
  0x0000025d2b27ad40 JavaThread "Monitor Deflation Thread"   daemon [_thread_blocked, id=1452, stack(0x0000007274d00000,0x0000007274e00000) (1024K)]
  0x0000025d2b282900 JavaThread "C2 CompilerThread0"         daemon [_thread_blocked, id=6336, stack(0x0000007274e00000,0x0000007274f00000) (1024K)]
  0x0000025d2b28b490 JavaThread "C1 CompilerThread0"         daemon [_thread_blocked, id=1432, stack(0x0000007274f00000,0x0000007275000000) (1024K)]
  0x0000025d2b27c330 JavaThread "Notification Thread"        daemon [_thread_blocked, id=14020, stack(0x0000007275000000,0x0000007275100000) (1024K)]
  0x0000025d2b27b490 JavaThread "Common-Cleaner"             daemon [_thread_blocked, id=11168, stack(0x0000007275100000,0x0000007275200000) (1024K)]
  0x0000025d2b27ca80 JavaThread "Java2D Disposer"            daemon [_thread_blocked, id=11268, stack(0x0000007275300000,0x0000007275400000) (1024K)]
  0x0000025d2b27bbe0 JavaThread "AWT-Shutdown"                      [_thread_blocked, id=6764, stack(0x0000007275400000,0x0000007275500000) (1024K)]
=>0x0000025d7103b390 JavaThread "AWT-Windows"                daemon [_thread_in_native, id=3508, stack(0x0000007275500000,0x0000007275600000) (1024K)]
  0x0000025d710387b0 JavaThread "AWT-EventQueue-0"                  [_thread_blocked, id=12528, stack(0x0000007275600000,0x0000007275700000) (1024K)]
  0x0000025d7103a4f0 JavaThread "DestroyJavaVM"                     [_thread_blocked, id=8960, stack(0x0000007274000000,0x0000007274100000) (1024K)]
  0x0000025d7103c230 JavaThread "TimerQueue"                 daemon [_thread_blocked, id=14232, stack(0x0000007275d00000,0x0000007275e00000) (1024K)]
  0x0000025d71038f00 JavaThread "mysql-cj-abandoned-connection-cleanup" daemon [_thread_blocked, id=6388, stack(0x0000007273d00000,0x0000007273e00000) (1024K)]
Total: 17

Other Threads:
  0x0000025d2b262950 VMThread "VM Thread"                           [id=9940, stack(0x0000007274700000,0x0000007274800000) (1024K)]
  0x0000025d2b251be0 WatcherThread "VM Periodic Task Thread"        [id=11748, stack(0x0000007274600000,0x0000007274700000) (1024K)]
  0x0000025d0eec1350 WorkerThread "GC Thread#0"                     [id=8568, stack(0x0000007274100000,0x0000007274200000) (1024K)]
  0x0000025d715fffc0 WorkerThread "GC Thread#1"                     [id=13268, stack(0x0000007275a00000,0x0000007275b00000) (1024K)]
  0x0000025d71600370 WorkerThread "GC Thread#2"                     [id=5036, stack(0x0000007275b00000,0x0000007275c00000) (1024K)]
  0x0000025d71602730 WorkerThread "GC Thread#3"                     [id=8600, stack(0x0000007275c00000,0x0000007275d00000) (1024K)]
  0x0000025d0eed6610 ConcurrentGCThread "G1 Main Marker"            [id=11684, stack(0x0000007274200000,0x0000007274300000) (1024K)]
  0x0000025d0eed87e0 WorkerThread "G1 Conc#0"                       [id=2988, stack(0x0000007274300000,0x0000007274400000) (1024K)]
  0x0000025d0ef2e550 ConcurrentGCThread "G1 Refine#0"               [id=7008, stack(0x0000007274400000,0x0000007274500000) (1024K)]
  0x0000025d2b117250 ConcurrentGCThread "G1 Service"                [id=12068, stack(0x0000007274500000,0x0000007274600000) (1024K)]
Total: 10

Threads with active compile tasks:
Total: 0

VM state: not at safepoint (normal execution)

VM Mutex/Monitor currently owned by a thread: None

Heap address: 0x0000000084a00000, size: 1974 MB, Compressed Oops mode: 32-bit

CDS archive(s) mapped at: [0x0000025d2c000000-0x0000025d2cd40000-0x0000025d2cd40000), size 13893632, SharedBaseAddress: 0x0000025d2c000000, ArchiveRelocationMode: 1.
Compressed class space mapped at: 0x0000025d2d000000-0x0000025d6d000000, reserved size: 1073741824
UseCompressedClassPointers 1, UseCompactObjectHeaders 0
Narrow klass pointer bits 32, Max shift 3
Narrow klass base: 0x0000025d2c000000, Narrow klass shift: 0
Encoding Range: [0x0000025d2c000000 - 0x0000025e2c000000), (4294967296 bytes)
Klass Range:    [0x0000025d2c000000 - 0x0000025d6d000000), (1090519040 bytes)
Klass ID Range:  [8 - 1090519033) (1090519025)

GC Precious Log:
 CardTable entry size: 512
 Card Set container configuration: InlinePtr #cards 5 size 8 Array Of Cards #cards 10 size 36 Howl #buckets 4 coarsen threshold 1843 Howl Bitmap #cards 512 size 80 coarsen threshold 460 Card regions per heap region 1 cards per card region 2048
 CPUs: 4 total, 4 available
 Memory: 7888M
 Large Page Support: Disabled
 NUMA Support: Disabled
 Compressed Oops: Enabled (32-bit)
 Heap Region Size: 1M
 Heap Min Capacity: 8M
 Heap Initial Capacity: 124M
 Heap Max Capacity: 1974M
 Pre-touch: Disabled
 Parallel Workers: 4
 Concurrent Workers: 1
 Concurrent Refinement Workers: 4
 Periodic GC: Disabled

Heap:
 garbage-first heap   total reserved 2021376K, committed 129024K, used 109832K [0x0000000084a00000, 0x0000000100000000)
  region size 1024K, 63 young (64512K), 1 survivors (1024K)
 Metaspace       used 20769K, committed 21312K, reserved 1114112K
  class space    used 1957K, committed 2176K, reserved 1048576K

Heap Regions: E=young(eden), S=young(survivor), O=old, HS=humongous(starts), HC=humongous(continues), CS=collection set, F=free, TAMS=top-at-mark-start, PB=parsable bottom
|   0|0x0000000084a00000, 0x0000000084b00000, 0x0000000084b00000|100%| O|  |TAMS 0x0000000084a00000| PB 0x0000000084a00000| Untracked |  0
|   1|0x0000000084b00000, 0x0000000084c00000, 0x0000000084c00000|100%| O|  |TAMS 0x0000000084b00000| PB 0x0000000084b00000| Untracked |  0
|   2|0x0000000084c00000, 0x0000000084d00000, 0x0000000084d00000|100%|HS|  |TAMS 0x0000000084c00000| PB 0x0000000084c00000| Complete |  0
|   3|0x0000000084d00000, 0x0000000084e00000, 0x0000000084e00000|100%|HC|  |TAMS 0x0000000084d00000| PB 0x0000000084d00000| Complete |  0
|   4|0x0000000084e00000, 0x0000000084f00000, 0x0000000084f00000|100%|HS|  |TAMS 0x0000000084e00000| PB 0x0000000084e00000| Complete |  0
|   5|0x0000000084f00000, 0x0000000085000000, 0x0000000085000000|100%|HC|  |TAMS 0x0000000084f00000| PB 0x0000000084f00000| Complete |  0
|   6|0x0000000085000000, 0x0000000085100000, 0x0000000085100000|100%|HC|  |TAMS 0x0000000085000000| PB 0x0000000085000000| Complete |  0
|   7|0x0000000085100000, 0x0000000085200000, 0x0000000085200000|100%|HC|  |TAMS 0x0000000085100000| PB 0x0000000085100000| Complete |  0
|   8|0x0000000085200000, 0x0000000085300000, 0x0000000085300000|100%|HC|  |TAMS 0x0000000085200000| PB 0x0000000085200000| Complete |  0
|   9|0x0000000085300000, 0x0000000085400000, 0x0000000085400000|100%|HC|  |TAMS 0x0000000085300000| PB 0x0000000085300000| Complete |  0
|  10|0x0000000085400000, 0x0000000085500000, 0x0000000085500000|100%|HC|  |TAMS 0x0000000085400000| PB 0x0000000085400000| Complete |  0
|  11|0x0000000085500000, 0x00000000855b1600, 0x0000000085600000| 69%| O|  |TAMS 0x0000000085500000| PB 0x0000000085500000| Untracked |  0
|  12|0x0000000085600000, 0x0000000085700000, 0x0000000085700000|100%|HS|  |TAMS 0x0000000085600000| PB 0x0000000085600000| Complete |  0
|  13|0x0000000085700000, 0x0000000085800000, 0x0000000085800000|100%|HC|  |TAMS 0x0000000085700000| PB 0x0000000085700000| Complete |  0
|  14|0x0000000085800000, 0x0000000085900000, 0x0000000085900000|100%|HC|  |TAMS 0x0000000085800000| PB 0x0000000085800000| Complete |  0
|  15|0x0000000085900000, 0x0000000085a00000, 0x0000000085a00000|100%|HS|  |TAMS 0x0000000085900000| PB 0x0000000085900000| Complete |  0
|  16|0x0000000085a00000, 0x0000000085b00000, 0x0000000085b00000|100%|HC|  |TAMS 0x0000000085a00000| PB 0x0000000085a00000| Complete |  0
|  17|0x0000000085b00000, 0x0000000085c00000, 0x0000000085c00000|100%|HS|  |TAMS 0x0000000085b00000| PB 0x0000000085b00000| Complete |  0
|  18|0x0000000085c00000, 0x0000000085d00000, 0x0000000085d00000|100%|HC|  |TAMS 0x0000000085c00000| PB 0x0000000085c00000| Complete |  0
|  19|0x0000000085d00000, 0x0000000085e00000, 0x0000000085e00000|100%|HC|  |TAMS 0x0000000085d00000| PB 0x0000000085d00000| Complete |  0
|  20|0x0000000085e00000, 0x0000000085f00000, 0x0000000085f00000|100%|HC|  |TAMS 0x0000000085e00000| PB 0x0000000085e00000| Complete |  0
|  21|0x0000000085f00000, 0x0000000086000000, 0x0000000086000000|100%|HC|  |TAMS 0x0000000085f00000| PB 0x0000000085f00000| Complete |  0
|  22|0x0000000086000000, 0x0000000086100000, 0x0000000086100000|100%|HS|  |TAMS 0x0000000086000000| PB 0x0000000086000000| Complete |  0
|  23|0x0000000086100000, 0x0000000086200000, 0x0000000086200000|100%|HS|  |TAMS 0x0000000086100000| PB 0x0000000086100000| Complete |  0
|  24|0x0000000086200000, 0x0000000086300000, 0x0000000086300000|100%|HC|  |TAMS 0x0000000086200000| PB 0x0000000086200000| Complete |  0
|  25|0x0000000086300000, 0x0000000086400000, 0x0000000086400000|100%|HS|  |TAMS 0x0000000086300000| PB 0x0000000086300000| Complete |  0
|  26|0x0000000086400000, 0x0000000086500000, 0x0000000086500000|100%|HC|  |TAMS 0x0000000086400000| PB 0x0000000086400000| Complete |  0
|  27|0x0000000086500000, 0x0000000086600000, 0x0000000086600000|100%|HS|  |TAMS 0x0000000086500000| PB 0x0000000086500000| Complete |  0
|  28|0x0000000086600000, 0x0000000086700000, 0x0000000086700000|100%|HC|  |TAMS 0x0000000086600000| PB 0x0000000086600000| Complete |  0
|  29|0x0000000086700000, 0x0000000086800000, 0x0000000086800000|100%|HS|  |TAMS 0x0000000086700000| PB 0x0000000086700000| Complete |  0
|  30|0x0000000086800000, 0x0000000086900000, 0x0000000086900000|100%|HC|  |TAMS 0x0000000086800000| PB 0x0000000086800000| Complete |  0
|  31|0x0000000086900000, 0x0000000086a00000, 0x0000000086a00000|100%|HS|  |TAMS 0x0000000086900000| PB 0x0000000086900000| Complete |  0
|  32|0x0000000086a00000, 0x0000000086b00000, 0x0000000086b00000|100%|HC|  |TAMS 0x0000000086a00000| PB 0x0000000086a00000| Complete |  0
|  33|0x0000000086b00000, 0x0000000086c00000, 0x0000000086c00000|100%|HS|  |TAMS 0x0000000086b00000| PB 0x0000000086b00000| Complete |  0
|  34|0x0000000086c00000, 0x0000000086d00000, 0x0000000086d00000|100%|HC|  |TAMS 0x0000000086c00000| PB 0x0000000086c00000| Complete |  0
|  35|0x0000000086d00000, 0x0000000086e00000, 0x0000000086e00000|100%|HS|  |TAMS 0x0000000086d00000| PB 0x0000000086d00000| Complete |  0
|  36|0x0000000086e00000, 0x0000000086f00000, 0x0000000086f00000|100%|HS|  |TAMS 0x0000000086e00000| PB 0x0000000086e00000| Complete |  0
|  37|0x0000000086f00000, 0x0000000087000000, 0x0000000087000000|100%|HC|  |TAMS 0x0000000086f00000| PB 0x0000000086f00000| Complete |  0
|  38|0x0000000087000000, 0x0000000087100000, 0x0000000087100000|100%|HS|  |TAMS 0x0000000087000000| PB 0x0000000087000000| Complete |  0
|  39|0x0000000087100000, 0x0000000087200000, 0x0000000087200000|100%|HC|  |TAMS 0x0000000087100000| PB 0x0000000087100000| Complete |  0
|  40|0x0000000087200000, 0x0000000087300000, 0x0000000087300000|100%|HS|  |TAMS 0x0000000087200000| PB 0x0000000087200000| Complete |  0
|  41|0x0000000087300000, 0x0000000087400000, 0x0000000087400000|100%|HC|  |TAMS 0x0000000087300000| PB 0x0000000087300000| Complete |  0
|  42|0x0000000087400000, 0x0000000087500000, 0x0000000087500000|100%|HS|  |TAMS 0x0000000087400000| PB 0x0000000087400000| Complete |  0
|  43|0x0000000087500000, 0x0000000087600000, 0x0000000087600000|100%|HC|  |TAMS 0x0000000087500000| PB 0x0000000087500000| Complete |  0
|  44|0x0000000087600000, 0x0000000087700000, 0x0000000087700000|100%|HS|  |TAMS 0x0000000087600000| PB 0x0000000087600000| Complete |  0
|  45|0x0000000087700000, 0x0000000087800000, 0x0000000087800000|100%|HC|  |TAMS 0x0000000087700000| PB 0x0000000087700000| Complete |  0
|  46|0x0000000087800000, 0x0000000087800000, 0x0000000087900000|  0%| F|  |TAMS 0x0000000087800000| PB 0x0000000087800000| Untracked |  0
|  47|0x0000000087900000, 0x0000000087900000, 0x0000000087a00000|  0%| F|  |TAMS 0x0000000087900000| PB 0x0000000087900000| Untracked |  0
|  48|0x0000000087a00000, 0x0000000087a00000, 0x0000000087b00000|  0%| F|  |TAMS 0x0000000087a00000| PB 0x0000000087a00000| Untracked |  0
|  49|0x0000000087b00000, 0x0000000087b737a0, 0x0000000087c00000| 45%| S|CS|TAMS 0x0000000087b00000| PB 0x0000000087b00000| Complete |  0
|  50|0x0000000087c00000, 0x0000000087c00000, 0x0000000087d00000|  0%| F|  |TAMS 0x0000000087c00000| PB 0x0000000087c00000| Untracked |  0
|  51|0x0000000087d00000, 0x0000000087d00000, 0x0000000087e00000|  0%| F|  |TAMS 0x0000000087d00000| PB 0x0000000087d00000| Untracked |  0
|  52|0x0000000087e00000, 0x0000000087e00000, 0x0000000087f00000|  0%| F|  |TAMS 0x0000000087e00000| PB 0x0000000087e00000| Untracked |  0
|  53|0x0000000087f00000, 0x0000000087f00000, 0x0000000088000000|  0%| F|  |TAMS 0x0000000087f00000| PB 0x0000000087f00000| Untracked |  0
|  54|0x0000000088000000, 0x0000000088000000, 0x0000000088100000|  0%| F|  |TAMS 0x0000000088000000| PB 0x0000000088000000| Untracked |  0
|  55|0x0000000088100000, 0x0000000088100000, 0x0000000088200000|  0%| F|  |TAMS 0x0000000088100000| PB 0x0000000088100000| Untracked |  0
|  56|0x0000000088200000, 0x0000000088200000, 0x0000000088300000|  0%| F|  |TAMS 0x0000000088200000| PB 0x0000000088200000| Untracked |  0
|  57|0x0000000088300000, 0x0000000088300000, 0x0000000088400000|  0%| F|  |TAMS 0x0000000088300000| PB 0x0000000088300000| Untracked |  0
|  58|0x0000000088400000, 0x0000000088400000, 0x0000000088500000|  0%| F|  |TAMS 0x0000000088400000| PB 0x0000000088400000| Untracked |  0
|  59|0x0000000088500000, 0x0000000088500000, 0x0000000088600000|  0%| F|  |TAMS 0x0000000088500000| PB 0x0000000088500000| Untracked |  0
|  60|0x0000000088600000, 0x0000000088600000, 0x0000000088700000|  0%| F|  |TAMS 0x0000000088600000| PB 0x0000000088600000| Untracked |  0
|  61|0x0000000088700000, 0x0000000088700000, 0x0000000088800000|  0%| F|  |TAMS 0x0000000088700000| PB 0x0000000088700000| Untracked |  0
|  62|0x0000000088800000, 0x000000008885a1c0, 0x0000000088900000| 35%| E|  |TAMS 0x0000000088800000| PB 0x0000000088800000| Complete |  0
|  63|0x0000000088900000, 0x0000000088a00000, 0x0000000088a00000|100%| E|CS|TAMS 0x0000000088900000| PB 0x0000000088900000| Complete |  0
|  64|0x0000000088a00000, 0x0000000088b00000, 0x0000000088b00000|100%| E|CS|TAMS 0x0000000088a00000| PB 0x0000000088a00000| Complete |  0
|  65|0x0000000088b00000, 0x0000000088c00000, 0x0000000088c00000|100%| E|CS|TAMS 0x0000000088b00000| PB 0x0000000088b00000| Complete |  0
|  66|0x0000000088c00000, 0x0000000088d00000, 0x0000000088d00000|100%| E|CS|TAMS 0x0000000088c00000| PB 0x0000000088c00000| Complete |  0
|  67|0x0000000088d00000, 0x0000000088e00000, 0x0000000088e00000|100%| E|CS|TAMS 0x0000000088d00000| PB 0x0000000088d00000| Complete |  0
|  68|0x0000000088e00000, 0x0000000088f00000, 0x0000000088f00000|100%| E|CS|TAMS 0x0000000088e00000| PB 0x0000000088e00000| Complete |  0
|  69|0x0000000088f00000, 0x0000000089000000, 0x0000000089000000|100%| E|  |TAMS 0x0000000088f00000| PB 0x0000000088f00000| Complete |  0
|  70|0x0000000089000000, 0x0000000089100000, 0x0000000089100000|100%| E|CS|TAMS 0x0000000089000000| PB 0x0000000089000000| Complete |  0
|  71|0x0000000089100000, 0x0000000089200000, 0x0000000089200000|100%| E|CS|TAMS 0x0000000089100000| PB 0x0000000089100000| Complete |  0
|  72|0x0000000089200000, 0x0000000089300000, 0x0000000089300000|100%| E|CS|TAMS 0x0000000089200000| PB 0x0000000089200000| Complete |  0
|  73|0x0000000089300000, 0x0000000089400000, 0x0000000089400000|100%| E|CS|TAMS 0x0000000089300000| PB 0x0000000089300000| Complete |  0
|  74|0x0000000089400000, 0x0000000089500000, 0x0000000089500000|100%| E|CS|TAMS 0x0000000089400000| PB 0x0000000089400000| Complete |  0
|  75|0x0000000089500000, 0x0000000089600000, 0x0000000089600000|100%| E|CS|TAMS 0x0000000089500000| PB 0x0000000089500000| Complete |  0
|  76|0x0000000089600000, 0x0000000089700000, 0x0000000089700000|100%| E|CS|TAMS 0x0000000089600000| PB 0x0000000089600000| Complete |  0
|  77|0x0000000089700000, 0x0000000089800000, 0x0000000089800000|100%| E|CS|TAMS 0x0000000089700000| PB 0x0000000089700000| Complete |  0
|  78|0x0000000089800000, 0x0000000089900000, 0x0000000089900000|100%| E|CS|TAMS 0x0000000089800000| PB 0x0000000089800000| Complete |  0
|  79|0x0000000089900000, 0x0000000089a00000, 0x0000000089a00000|100%| E|CS|TAMS 0x0000000089900000| PB 0x0000000089900000| Complete |  0
|  80|0x0000000089a00000, 0x0000000089b00000, 0x0000000089b00000|100%| E|CS|TAMS 0x0000000089a00000| PB 0x0000000089a00000| Complete |  0
|  81|0x0000000089b00000, 0x0000000089c00000, 0x0000000089c00000|100%| E|CS|TAMS 0x0000000089b00000| PB 0x0000000089b00000| Complete |  0
|  82|0x0000000089c00000, 0x0000000089d00000, 0x0000000089d00000|100%| E|CS|TAMS 0x0000000089c00000| PB 0x0000000089c00000| Complete |  0
|  83|0x0000000089d00000, 0x0000000089e00000, 0x0000000089e00000|100%| E|CS|TAMS 0x0000000089d00000| PB 0x0000000089d00000| Complete |  0
|  84|0x0000000089e00000, 0x0000000089f00000, 0x0000000089f00000|100%| E|CS|TAMS 0x0000000089e00000| PB 0x0000000089e00000| Complete |  0
|  85|0x0000000089f00000, 0x000000008a000000, 0x000000008a000000|100%| E|CS|TAMS 0x0000000089f00000| PB 0x0000000089f00000| Complete |  0
|  86|0x000000008a000000, 0x000000008a100000, 0x000000008a100000|100%| E|CS|TAMS 0x000000008a000000| PB 0x000000008a000000| Complete |  0
|  87|0x000000008a100000, 0x000000008a200000, 0x000000008a200000|100%| E|CS|TAMS 0x000000008a100000| PB 0x000000008a100000| Complete |  0
|  88|0x000000008a200000, 0x000000008a300000, 0x000000008a300000|100%| E|CS|TAMS 0x000000008a200000| PB 0x000000008a200000| Complete |  0
|  89|0x000000008a300000, 0x000000008a400000, 0x000000008a400000|100%| E|CS|TAMS 0x000000008a300000| PB 0x000000008a300000| Complete |  0
|  90|0x000000008a400000, 0x000000008a500000, 0x000000008a500000|100%| E|CS|TAMS 0x000000008a400000| PB 0x000000008a400000| Complete |  0
|  91|0x000000008a500000, 0x000000008a600000, 0x000000008a600000|100%| E|CS|TAMS 0x000000008a500000| PB 0x000000008a500000| Complete |  0
|  92|0x000000008a600000, 0x000000008a700000, 0x000000008a700000|100%| E|CS|TAMS 0x000000008a600000| PB 0x000000008a600000| Complete |  0
|  93|0x000000008a700000, 0x000000008a800000, 0x000000008a800000|100%| E|CS|TAMS 0x000000008a700000| PB 0x000000008a700000| Complete |  0
|  94|0x000000008a800000, 0x000000008a900000, 0x000000008a900000|100%| E|CS|TAMS 0x000000008a800000| PB 0x000000008a800000| Complete |  0
|  95|0x000000008a900000, 0x000000008aa00000, 0x000000008aa00000|100%| E|CS|TAMS 0x000000008a900000| PB 0x000000008a900000| Complete |  0
|  96|0x000000008aa00000, 0x000000008ab00000, 0x000000008ab00000|100%| E|CS|TAMS 0x000000008aa00000| PB 0x000000008aa00000| Complete |  0
|  97|0x000000008ab00000, 0x000000008ac00000, 0x000000008ac00000|100%| E|CS|TAMS 0x000000008ab00000| PB 0x000000008ab00000| Complete |  0
|  98|0x000000008ac00000, 0x000000008ad00000, 0x000000008ad00000|100%| E|CS|TAMS 0x000000008ac00000| PB 0x000000008ac00000| Complete |  0
|  99|0x000000008ad00000, 0x000000008ae00000, 0x000000008ae00000|100%| E|CS|TAMS 0x000000008ad00000| PB 0x000000008ad00000| Complete |  0
| 100|0x000000008ae00000, 0x000000008af00000, 0x000000008af00000|100%| E|CS|TAMS 0x000000008ae00000| PB 0x000000008ae00000| Complete |  0
| 101|0x000000008af00000, 0x000000008b000000, 0x000000008b000000|100%| E|CS|TAMS 0x000000008af00000| PB 0x000000008af00000| Complete |  0
| 102|0x000000008b000000, 0x000000008b100000, 0x000000008b100000|100%| E|CS|TAMS 0x000000008b000000| PB 0x000000008b000000| Complete |  0
| 103|0x000000008b100000, 0x000000008b200000, 0x000000008b200000|100%| E|CS|TAMS 0x000000008b100000| PB 0x000000008b100000| Complete |  0
| 104|0x000000008b200000, 0x000000008b300000, 0x000000008b300000|100%| E|CS|TAMS 0x000000008b200000| PB 0x000000008b200000| Complete |  0
| 105|0x000000008b300000, 0x000000008b400000, 0x000000008b400000|100%| E|CS|TAMS 0x000000008b300000| PB 0x000000008b300000| Complete |  0
| 106|0x000000008b400000, 0x000000008b500000, 0x000000008b500000|100%| E|CS|TAMS 0x000000008b400000| PB 0x000000008b400000| Complete |  0
| 107|0x000000008b500000, 0x000000008b600000, 0x000000008b600000|100%| E|CS|TAMS 0x000000008b500000| PB 0x000000008b500000| Complete |  0
| 108|0x000000008b600000, 0x000000008b700000, 0x000000008b700000|100%| E|CS|TAMS 0x000000008b600000| PB 0x000000008b600000| Complete |  0
| 109|0x000000008b700000, 0x000000008b800000, 0x000000008b800000|100%| E|CS|TAMS 0x000000008b700000| PB 0x000000008b700000| Complete |  0
| 110|0x000000008b800000, 0x000000008b900000, 0x000000008b900000|100%| E|CS|TAMS 0x000000008b800000| PB 0x000000008b800000| Complete |  0
| 111|0x000000008b900000, 0x000000008ba00000, 0x000000008ba00000|100%| E|CS|TAMS 0x000000008b900000| PB 0x000000008b900000| Complete |  0
| 112|0x000000008ba00000, 0x000000008bb00000, 0x000000008bb00000|100%| E|CS|TAMS 0x000000008ba00000| PB 0x000000008ba00000| Complete |  0
| 113|0x000000008bb00000, 0x000000008bc00000, 0x000000008bc00000|100%| E|CS|TAMS 0x000000008bb00000| PB 0x000000008bb00000| Complete |  0
| 114|0x000000008bc00000, 0x000000008bd00000, 0x000000008bd00000|100%| E|CS|TAMS 0x000000008bc00000| PB 0x000000008bc00000| Complete |  0
| 115|0x000000008bd00000, 0x000000008be00000, 0x000000008be00000|100%| E|CS|TAMS 0x000000008bd00000| PB 0x000000008bd00000| Complete |  0
| 116|0x000000008be00000, 0x000000008bf00000, 0x000000008bf00000|100%| E|CS|TAMS 0x000000008be00000| PB 0x000000008be00000| Complete |  0
| 117|0x000000008bf00000, 0x000000008c000000, 0x000000008c000000|100%| E|CS|TAMS 0x000000008bf00000| PB 0x000000008bf00000| Complete |  0
| 118|0x000000008c000000, 0x000000008c100000, 0x000000008c100000|100%| E|CS|TAMS 0x000000008c000000| PB 0x000000008c000000| Complete |  0
| 119|0x000000008c100000, 0x000000008c200000, 0x000000008c200000|100%| E|CS|TAMS 0x000000008c100000| PB 0x000000008c100000| Complete |  0
| 120|0x000000008c200000, 0x000000008c300000, 0x000000008c300000|100%| E|CS|TAMS 0x000000008c200000| PB 0x000000008c200000| Complete |  0
| 121|0x000000008c300000, 0x000000008c400000, 0x000000008c400000|100%| E|CS|TAMS 0x000000008c300000| PB 0x000000008c300000| Complete |  0
| 122|0x000000008c400000, 0x000000008c500000, 0x000000008c500000|100%| E|CS|TAMS 0x000000008c400000| PB 0x000000008c400000| Complete |  0
| 123|0x000000008c500000, 0x000000008c600000, 0x000000008c600000|100%| E|CS|TAMS 0x000000008c500000| PB 0x000000008c500000| Complete |  0
|1972|0x00000000ffe00000, 0x00000000fff00000, 0x00000000fff00000|100%| O|  |TAMS 0x00000000ffe00000| PB 0x00000000ffe00000| Untracked |  0
|1973|0x00000000fff00000, 0x00000000fff1d3c0, 0x0000000100000000| 11%| O|  |TAMS 0x00000000fff00000| PB 0x00000000fff00000| Untracked |  0

Card table byte_map: [0x0000025d26af0000,0x0000025d26ed0000] _byte_map_base: 0x0000025d266cb000

Marking Bits: (CMBitMap*) 0x0000025d0eec1970
 Bits: [0x0000025d26ed0000, 0x0000025d28da8000)

Polling page: 0x0000025d0cd10000

Metaspace:

Usage:
  Non-class:     18.37 MB used.
      Class:      1.91 MB used.
       Both:     20.28 MB used.

Virtual space:
  Non-class space:       64.00 MB reserved,      18.69 MB ( 29%) committed,  1 nodes.
      Class space:        1.00 GB reserved,       2.12 MB ( <1%) committed,  1 nodes.
             Both:        1.06 GB reserved,      20.81 MB (  2%) committed. 

Chunk freelists:
   Non-Class:  12.73 MB
       Class:  13.83 MB
        Both:  26.56 MB

MaxMetaspaceSize: unlimited
CompressedClassSpaceSize: 1.00 GB
Initial GC threshold: 21.00 MB
Current GC threshold: 21.00 MB
CDS: on
 - commit_granule_bytes: 65536.
 - commit_granule_words: 8192.
 - virtual_space_node_default_size: 8388608.
 - enlarge_chunks_in_place: 1.
UseCompressedClassPointers 1, UseCompactObjectHeaders 0
Narrow klass pointer bits 32, Max shift 3
Narrow klass base: 0x0000025d2c000000, Narrow klass shift: 0
Encoding Range: [0x0000025d2c000000 - 0x0000025e2c000000), (4294967296 bytes)
Klass Range:    [0x0000025d2c000000 - 0x0000025d6d000000), (1090519040 bytes)
Klass ID Range:  [8 - 1090519033) (1090519025)


Internal statistics:

num_allocs_failed_limit: 0.
num_arena_births: 594.
num_arena_deaths: 0.
num_vsnodes_births: 2.
num_vsnodes_deaths: 0.
num_space_committed: 333.
num_space_uncommitted: 0.
num_chunks_returned_to_freelist: 0.
num_chunks_taken_from_freelist: 875.
num_chunk_merges: 0.
num_chunk_splits: 596.
num_chunks_enlarged: 378.
num_inconsistent_stats: 0.

CodeHeap 'non-profiled nmethods': size=120064Kb used=1448Kb max_used=1448Kb free=118615Kb
 bounds [0x0000025d1f1d0000, 0x0000025d1f440000, 0x0000025d26710000]
CodeHeap 'profiled nmethods': size=120000Kb used=6881Kb max_used=6881Kb free=113118Kb
 bounds [0x0000025d17710000, 0x0000025d17dd0000, 0x0000025d1ec40000]
CodeHeap 'non-nmethods': size=5696Kb used=1751Kb max_used=1824Kb free=3944Kb
 bounds [0x0000025d1ec40000, 0x0000025d1eeb0000, 0x0000025d1f1d0000]
CodeCache: size=245760Kb, used=10080Kb, max_used=10153Kb, free=235677Kb
 total_blobs=4914, nmethods=3991, adapters=815, full_count=0
Compilation: enabled, stopped_count=0, restarted_count=0

Compilation events (20 events):
Event: 1350.138 Thread 0x0000025d2b28b490 3982   !   3       com.mysql.cj.jdbc.AbandonedConnectionCleanupThread::checkThreadContextClassLoader (20 bytes)
Event: 1350.139 Thread 0x0000025d2b28b490 nmethod 3982 0x0000025d17dc5c08 code [0x0000025d17dc5d80, 0x0000025d17dc63a8]
Event: 2361.328 Thread 0x0000025d2b28b490 3983       3       java.lang.invoke.InfoFromMemberName::getDeclaringClass (8 bytes)
Event: 2361.329 Thread 0x0000025d2b28b490 nmethod 3983 0x0000025d17dc6408 code [0x0000025d17dc6520, 0x0000025d17dc66d0]
Event: 2361.467 Thread 0x0000025d2b28b490 3984       1       sun.java2d.SurfaceData::getDisposerReferent (5 bytes)
Event: 2361.467 Thread 0x0000025d2b28b490 nmethod 3984 0x0000025d1f339388 code [0x0000025d1f339480, 0x0000025d1f339548]
Event: 3489.256 Thread 0x0000025d2b28b490 3985  s    3       jdk.internal.ref.CleanerImpl$CleanableList::isEmpty (16 bytes)
Event: 3489.257 Thread 0x0000025d2b28b490 nmethod 3985 0x0000025d17dc6708 code [0x0000025d17dc6820, 0x0000025d17dc6ac8]
Event: 3489.257 Thread 0x0000025d2b28b490 3986       3       jdk.internal.misc.InnocuousThread::eraseThreadLocals (23 bytes)
Event: 3489.258 Thread 0x0000025d2b28b490 nmethod 3986 0x0000025d17dc6b08 code [0x0000025d17dc6c20, 0x0000025d17dc6e00]
Event: 5201.860 Thread 0x0000025d2b282900 3987       4       java.lang.String::startsWith (7 bytes)
Event: 5201.878 Thread 0x0000025d2b282900 nmethod 3987 0x0000025d1f339688 code [0x0000025d1f3397a0, 0x0000025d1f339a30]
Event: 5547.404 Thread 0x0000025d2b282900 3988       4       java.lang.ref.SoftReference::get (29 bytes)
Event: 5547.408 Thread 0x0000025d2b282900 nmethod 3988 0x0000025d1f339a88 code [0x0000025d1f339b80, 0x0000025d1f339c88]
Event: 7686.637 Thread 0x0000025d2b28b490 3989       3       java.util.HashMap::<init> (98 bytes)
Event: 7686.652 Thread 0x0000025d2b28b490 nmethod 3989 0x0000025d17dc6e88 code [0x0000025d17dc7100, 0x0000025d17dc83a8]
Event: 7686.909 Thread 0x0000025d2b28b490 3990       1       sun.awt.NullComponentPeer::updateGraphicsData (2 bytes)
Event: 7686.910 Thread 0x0000025d2b28b490 nmethod 3990 0x0000025d1f339d88 code [0x0000025d1f339e80, 0x0000025d1f339f48]
Event: 7688.380 Thread 0x0000025d2b28b490 3991       3       java.util.HashMap::<init> (8 bytes)
Event: 7688.381 Thread 0x0000025d2b28b490 nmethod 3991 0x0000025d17dc8488 code [0x0000025d17dc85c0, 0x0000025d17dc86f8]

GC Heap History (20 events):
Event: 28.394 GC heap before
{Heap before GC invocations=6 (full 0):
 garbage-first heap   total reserved 2021376K, committed 129024K, used 91153K [0x0000000084a00000, 0x0000000100000000)
  region size 1024K, 74 young (75776K), 3 survivors (3072K)
 Metaspace       used 10000K, committed 10176K, reserved 1114112K
  class space    used 866K, committed 960K, reserved 1048576K
}
Event: 28.399 GC heap after
{Heap after GC invocations=7 (full 0):
 garbage-first heap   total reserved 2021376K, committed 129024K, used 18447K [0x0000000084a00000, 0x0000000100000000)
  region size 1024K, 3 young (3072K), 3 survivors (3072K)
 Metaspace       used 10000K, committed 10176K, reserved 1114112K
  class space    used 866K, committed 960K, reserved 1048576K
}
Event: 33.446 GC heap before
{Heap before GC invocations=7 (full 0):
 garbage-first heap   total reserved 2021376K, committed 129024K, used 91151K [0x0000000084a00000, 0x0000000100000000)
  region size 1024K, 74 young (75776K), 3 survivors (3072K)
 Metaspace       used 10017K, committed 10176K, reserved 1114112K
  class space    used 866K, committed 960K, reserved 1048576K
}
Event: 33.454 GC heap after
{Heap after GC invocations=8 (full 0):
 garbage-first heap   total reserved 2021376K, committed 129024K, used 18349K [0x0000000084a00000, 0x0000000100000000)
  region size 1024K, 3 young (3072K), 3 survivors (3072K)
 Metaspace       used 10017K, committed 10176K, reserved 1114112K
  class space    used 866K, committed 960K, reserved 1048576K
}
Event: 38.233 GC heap before
{Heap before GC invocations=8 (full 0):
 garbage-first heap   total reserved 2021376K, committed 129024K, used 91053K [0x0000000084a00000, 0x0000000100000000)
  region size 1024K, 74 young (75776K), 3 survivors (3072K)
 Metaspace       used 10067K, committed 10240K, reserved 1114112K
  class space    used 866K, committed 960K, reserved 1048576K
}
Event: 38.237 GC heap after
{Heap after GC invocations=9 (full 0):
 garbage-first heap   total reserved 2021376K, committed 129024K, used 18451K [0x0000000084a00000, 0x0000000100000000)
  region size 1024K, 3 young (3072K), 3 survivors (3072K)
 Metaspace       used 10067K, committed 10240K, reserved 1114112K
  class space    used 866K, committed 960K, reserved 1048576K
}
Event: 43.540 GC heap before
{Heap before GC invocations=9 (full 0):
 garbage-first heap   total reserved 2021376K, committed 129024K, used 91155K [0x0000000084a00000, 0x0000000100000000)
  region size 1024K, 74 young (75776K), 3 survivors (3072K)
 Metaspace       used 10076K, committed 10240K, reserved 1114112K
  class space    used 866K, committed 960K, reserved 1048576K
}
Event: 43.553 GC heap after
{Heap after GC invocations=10 (full 0):
 garbage-first heap   total reserved 2021376K, committed 129024K, used 18447K [0x0000000084a00000, 0x0000000100000000)
  region size 1024K, 3 young (3072K), 3 survivors (3072K)
 Metaspace       used 10076K, committed 10240K, reserved 1114112K
  class space    used 866K, committed 960K, reserved 1048576K
}
Event: 48.460 GC heap before
{Heap before GC invocations=10 (full 0):
 garbage-first heap   total reserved 2021376K, committed 129024K, used 91151K [0x0000000084a00000, 0x0000000100000000)
  region size 1024K, 74 young (75776K), 3 survivors (3072K)
 Metaspace       used 10085K, committed 10240K, reserved 1114112K
  class space    used 866K, committed 960K, reserved 1048576K
}
Event: 48.475 GC heap after
{Heap after GC invocations=11 (full 0):
 garbage-first heap   total reserved 2021376K, committed 129024K, used 18548K [0x0000000084a00000, 0x0000000100000000)
  region size 1024K, 3 young (3072K), 3 survivors (3072K)
 Metaspace       used 10085K, committed 10240K, reserved 1114112K
  class space    used 866K, committed 960K, reserved 1048576K
}
Event: 53.488 GC heap before
{Heap before GC invocations=11 (full 0):
 garbage-first heap   total reserved 2021376K, committed 129024K, used 91252K [0x0000000084a00000, 0x0000000100000000)
  region size 1024K, 74 young (75776K), 3 survivors (3072K)
 Metaspace       used 10124K, committed 10304K, reserved 1114112K
  class space    used 866K, committed 960K, reserved 1048576K
}
Event: 53.496 GC heap after
{Heap after GC invocations=12 (full 0):
 garbage-first heap   total reserved 2021376K, committed 129024K, used 18471K [0x0000000084a00000, 0x0000000100000000)
  region size 1024K, 3 young (3072K), 3 survivors (3072K)
 Metaspace       used 10124K, committed 10304K, reserved 1114112K
  class space    used 866K, committed 960K, reserved 1048576K
}
Event: 58.421 GC heap before
{Heap before GC invocations=12 (full 0):
 garbage-first heap   total reserved 2021376K, committed 129024K, used 91175K [0x0000000084a00000, 0x0000000100000000)
  region size 1024K, 74 young (75776K), 3 survivors (3072K)
 Metaspace       used 10143K, committed 10304K, reserved 1114112K
  class space    used 866K, committed 960K, reserved 1048576K
}
Event: 58.425 GC heap after
{Heap after GC invocations=13 (full 0):
 garbage-first heap   total reserved 2021376K, committed 129024K, used 18474K [0x0000000084a00000, 0x0000000100000000)
  region size 1024K, 3 young (3072K), 3 survivors (3072K)
 Metaspace       used 10143K, committed 10304K, reserved 1114112K
  class space    used 866K, committed 960K, reserved 1048576K
}
Event: 63.062 GC heap before
{Heap before GC invocations=13 (full 0):
 garbage-first heap   total reserved 2021376K, committed 129024K, used 91178K [0x0000000084a00000, 0x0000000100000000)
  region size 1024K, 74 young (75776K), 3 survivors (3072K)
 Metaspace       used 10148K, committed 10304K, reserved 1114112K
  class space    used 866K, committed 960K, reserved 1048576K
}
Event: 63.070 GC heap after
{Heap after GC invocations=14 (full 0):
 garbage-first heap   total reserved 2021376K, committed 129024K, used 18454K [0x0000000084a00000, 0x0000000100000000)
  region size 1024K, 3 young (3072K), 3 survivors (3072K)
 Metaspace       used 10148K, committed 10304K, reserved 1114112K
  class space    used 866K, committed 960K, reserved 1048576K
}
Event: 68.123 GC heap before
{Heap before GC invocations=14 (full 0):
 garbage-first heap   total reserved 2021376K, committed 129024K, used 91158K [0x0000000084a00000, 0x0000000100000000)
  region size 1024K, 74 young (75776K), 3 survivors (3072K)
 Metaspace       used 10148K, committed 10304K, reserved 1114112K
  class space    used 866K, committed 960K, reserved 1048576K
}
Event: 68.131 GC heap after
{Heap after GC invocations=15 (full 0):
 garbage-first heap   total reserved 2021376K, committed 129024K, used 18450K [0x0000000084a00000, 0x0000000100000000)
  region size 1024K, 3 young (3072K), 3 survivors (3072K)
 Metaspace       used 10148K, committed 10304K, reserved 1114112K
  class space    used 866K, committed 960K, reserved 1048576K
}
Event: 72.626 GC heap before
{Heap before GC invocations=15 (full 0):
 garbage-first heap   total reserved 2021376K, committed 129024K, used 91154K [0x0000000084a00000, 0x0000000100000000)
  region size 1024K, 74 young (75776K), 3 survivors (3072K)
 Metaspace       used 10278K, committed 10432K, reserved 1114112K
  class space    used 866K, committed 960K, reserved 1048576K
}
Event: 72.630 GC heap after
{Heap after GC invocations=16 (full 0):
 garbage-first heap   total reserved 2021376K, committed 129024K, used 18696K [0x0000000084a00000, 0x0000000100000000)
  region size 1024K, 1 young (1024K), 1 survivors (1024K)
 Metaspace       used 10278K, committed 10432K, reserved 1114112K
  class space    used 866K, committed 960K, reserved 1048576K
}

Dll operation events (13 events):
Event: 0.016 Loaded shared library C:\Program Files\Java\jdk-24\bin\java.dll
Event: 0.074 Loaded shared library C:\Program Files\Java\jdk-24\bin\jsvml.dll
Event: 0.116 Loaded shared library C:\Program Files\Java\jdk-24\bin\jimage.dll
Event: 0.123 Loaded shared library C:\Program Files\Java\jdk-24\bin\awt.dll
Event: 0.148 Loaded shared library C:\Program Files\Java\jdk-24\bin\net.dll
Event: 0.150 Loaded shared library C:\Program Files\Java\jdk-24\bin\nio.dll
Event: 0.153 Loaded shared library C:\Program Files\Java\jdk-24\bin\zip.dll
Event: 0.628 Loaded shared library C:\Program Files\Java\jdk-24\bin\freetype.dll
Event: 0.629 Loaded shared library C:\Program Files\Java\jdk-24\bin\fontmanager.dll
Event: 73.271 Loaded shared library C:\Program Files\Java\jdk-24\bin\extnet.dll
Event: 73.613 Loaded shared library C:\Program Files\Java\jdk-24\bin\javajpeg.dll
Event: 878.603 Loaded shared library C:\Windows\System32\ucrtbase.dll
Event: 878.608 Loaded shared library C:\Program Files\Java\jdk-24\bin\syslookup.dll

Deoptimization events (20 events):
Event: 878.868 Thread 0x0000025d710387b0 DEOPT PACKING pc=0x0000025d1f2f6978 sp=0x00000072756fba20
Event: 878.868 Thread 0x0000025d710387b0 DEOPT UNPACKING pc=0x0000025d1ed52902 sp=0x00000072756fb9b0 mode 2
Event: 878.953 Thread 0x0000025d710387b0 Uncommon trap: trap_request=0xffffff4d fr.pc=0x0000025d1f24aa64 relative=0x00000000000000a4
Event: 878.953 Thread 0x0000025d710387b0 Uncommon trap: reason=unstable_if action=reinterpret pc=0x0000025d1f24aa64 method=java.awt.geom.AffineTransform.setToScale(DD)V @ 33 c2
Event: 878.953 Thread 0x0000025d710387b0 DEOPT PACKING pc=0x0000025d1f24aa64 sp=0x00000072756fca30
Event: 878.953 Thread 0x0000025d710387b0 DEOPT UNPACKING pc=0x0000025d1ed52902 sp=0x00000072756fc9d0 mode 2
Event: 879.021 Thread 0x0000025d710387b0 DEOPT PACKING pc=0x0000025d17d578b9 sp=0x00000072756fcdc0
Event: 879.021 Thread 0x0000025d710387b0 DEOPT UNPACKING pc=0x0000025d1ec95722 sp=0x00000072756fc270 mode 0
Event: 879.039 Thread 0x0000025d710387b0 Uncommon trap: trap_request=0xffffff4d fr.pc=0x0000025d1f252b98 relative=0x00000000000001f8
Event: 879.039 Thread 0x0000025d710387b0 Uncommon trap: reason=unstable_if action=reinterpret pc=0x0000025d1f252b98 method=sun.java2d.SunGraphics2D.transformShape(Ljava/awt/Shape;)Ljava/awt/Shape; @ 1 c2
Event: 879.039 Thread 0x0000025d710387b0 DEOPT PACKING pc=0x0000025d1f252b98 sp=0x00000072756fd8b0
Event: 879.039 Thread 0x0000025d710387b0 DEOPT UNPACKING pc=0x0000025d1ed52902 sp=0x00000072756fd860 mode 2
Event: 1115.981 Thread 0x0000025d710387b0 Uncommon trap: trap_request=0xffffff6e fr.pc=0x0000025d1f328c6c relative=0x0000000000001fec
Event: 1115.981 Thread 0x0000025d710387b0 Uncommon trap: reason=loop_limit_check action=maybe_recompile pc=0x0000025d1f328c6c method=javax.swing.JComponent.paintChildren(Ljava/awt/Graphics;)V @ 172 c2
Event: 1115.981 Thread 0x0000025d710387b0 DEOPT PACKING pc=0x0000025d1f328c6c sp=0x00000072756fd9f0
Event: 1115.981 Thread 0x0000025d710387b0 DEOPT UNPACKING pc=0x0000025d1ed52902 sp=0x00000072756fd980 mode 2
Event: 1119.241 Thread 0x0000025d710387b0 Uncommon trap: trap_request=0xffffff4d fr.pc=0x0000025d1f25b948 relative=0x0000000000000128
Event: 1119.241 Thread 0x0000025d710387b0 Uncommon trap: reason=unstable_if action=reinterpret pc=0x0000025d1f25b948 method=javax.swing.SwingUtilities.computeIntersection(IIIILjava/awt/Rectangle;)Ljava/awt/Rectangle; @ 90 c2
Event: 1119.241 Thread 0x0000025d710387b0 DEOPT PACKING pc=0x0000025d1f25b948 sp=0x00000072756fedf0
Event: 1119.241 Thread 0x0000025d710387b0 DEOPT UNPACKING pc=0x0000025d1ed52902 sp=0x00000072756fed50 mode 2

Classes loaded (20 events):
Event: 1112.243 Loading class javax/swing/plaf/basic/BasicRadioButtonMenuItemUI
Event: 1112.243 Loading class javax/swing/plaf/basic/BasicRadioButtonMenuItemUI done
Event: 1112.243 Loading class javax/swing/plaf/metal/MetalIconFactory$RadioButtonMenuItemIcon
Event: 1112.244 Loading class javax/swing/plaf/metal/MetalIconFactory$RadioButtonMenuItemIcon done
Event: 1112.262 Loading class java/awt/event/ItemEvent
Event: 1112.262 Loading class java/awt/event/ItemEvent done
Event: 1115.794 Loading class sun/awt/windows/WComponentPeer$1
Event: 1115.801 Loading class sun/awt/windows/WComponentPeer$1 done
Event: 1115.827 Loading class sun/java2d/opengl/OGLSurfaceData
Event: 1115.828 Loading class sun/java2d/opengl/OGLSurfaceData done
Event: 2361.362 Loading class java/util/WeakHashMap$KeyIterator
Event: 2361.363 Loading class java/util/WeakHashMap$HashIterator
Event: 2361.363 Loading class java/util/WeakHashMap$HashIterator done
Event: 2361.364 Loading class java/util/WeakHashMap$KeyIterator done
Event: 2361.378 Loading class javax/swing/RepaintManager$DisplayChangedRunnable
Event: 2361.379 Loading class javax/swing/RepaintManager$DisplayChangedRunnable done
Event: 7686.888 Loading class java/awt/desktop/SystemSleepListener
Event: 7686.889 Loading class java/awt/desktop/SystemEventListener
Event: 7686.889 Loading class java/awt/desktop/SystemEventListener done
Event: 7686.889 Loading class java/awt/desktop/SystemSleepListener done

Classes unloaded (0 events):
No events

Classes redefined (0 events):
No events

Internal exceptions (20 events):
Event: 878.866 Thread 0x0000025d710387b0 Exception <a 'java/lang/NoSuchMethodError'{0x0000000088e49090}: 'void java.lang.invoke.DelegatingMethodHandle$Holder.delegate(java.lang.Object, java.lang.Object, int, int, int, float, float, float, int, int, long, long)'> (0x0000000088e49090) 
thrown [s\open\src\hotspot\share\interpreter\linkResolver.cpp, line 805]
Event: 878.870 Thread 0x0000025d710387b0 Exception <a 'java/lang/NoSuchMethodError'{0x0000000088e6c470}: 'long java.lang.invoke.DelegatingMethodHandle$Holder.reinvoke_L(java.lang.Object, java.lang.Object, long, long)'> (0x0000000088e6c470) 
thrown [s\open\src\hotspot\share\interpreter\linkResolver.cpp, line 805]
Event: 878.875 Thread 0x0000025d710387b0 Exception <a 'java/lang/NoSuchMethodError'{0x0000000088e97978}: 'java.lang.Object java.lang.invoke.DirectMethodHandle$Holder.invokeStatic(java.lang.Object, java.lang.Object, int)'> (0x0000000088e97978) 
thrown [s\open\src\hotspot\share\interpreter\linkResolver.cpp, line 805]
Event: 878.879 Thread 0x0000025d710387b0 Exception <a 'java/lang/NoSuchMethodError'{0x0000000088eb9b78}: 'void java.lang.invoke.DelegatingMethodHandle$Holder.delegate(java.lang.Object, java.lang.Object, int, java.lang.Object)'> (0x0000000088eb9b78) 
thrown [s\open\src\hotspot\share\interpreter\linkResolver.cpp, line 805]
Event: 878.891 Thread 0x0000025d710387b0 Exception <a 'java/lang/NoSuchMethodError'{0x0000000088efd088}: 'int java.lang.invoke.DirectMethodHandle$Holder.invokeSpecial(java.lang.Object, java.lang.Object, java.lang.Object, int, java.lang.Object)'> (0x0000000088efd088) 
thrown [s\open\src\hotspot\share\interpreter\linkResolver.cpp, line 805]
Event: 878.892 Thread 0x0000025d710387b0 Exception <a 'java/lang/NoSuchMethodError'{0x0000000088d05c98}: 'int java.lang.invoke.DelegatingMethodHandle$Holder.reinvoke_L(java.lang.Object, java.lang.Object, int, java.lang.Object)'> (0x0000000088d05c98) 
thrown [s\open\src\hotspot\share\interpreter\linkResolver.cpp, line 805]
Event: 878.895 Thread 0x0000025d710387b0 Exception <a 'java/lang/NoSuchMethodError'{0x0000000088d313d0}: 'int java.lang.invoke.DelegatingMethodHandle$Holder.reinvoke_L(java.lang.Object, java.lang.Object, int, long)'> (0x0000000088d313d0) 
thrown [s\open\src\hotspot\share\interpreter\linkResolver.cpp, line 805]
Event: 878.897 Thread 0x0000025d710387b0 Exception <a 'java/lang/NoSuchMethodError'{0x0000000088d41f78}: 'int java.lang.invoke.DirectMethodHandle$Holder.invokeSpecial(java.lang.Object, java.lang.Object, int, long)'> (0x0000000088d41f78) 
thrown [s\open\src\hotspot\share\interpreter\linkResolver.cpp, line 805]
Event: 878.898 Thread 0x0000025d710387b0 Exception <a 'java/lang/NoSuchMethodError'{0x0000000088d4a728}: 'int java.lang.invoke.Invokers$Holder.exactInvoker(java.lang.Object, java.lang.Object, int, long)'> (0x0000000088d4a728) 
thrown [s\open\src\hotspot\share\interpreter\linkResolver.cpp, line 805]
Event: 878.898 Thread 0x0000025d710387b0 Exception <a 'java/lang/NoSuchMethodError'{0x0000000088d53360}: 'int java.lang.invoke.DelegatingMethodHandle$Holder.delegate(java.lang.Object, java.lang.Object, int, long)'> (0x0000000088d53360) 
thrown [s\open\src\hotspot\share\interpreter\linkResolver.cpp, line 805]
Event: 878.900 Thread 0x0000025d710387b0 Exception <a 'java/lang/NoSuchMethodError'{0x0000000088d654b0}: 'long java.lang.invoke.DirectMethodHandle$Holder.invokeSpecial(java.lang.Object, java.lang.Object, long, long)'> (0x0000000088d654b0) 
thrown [s\open\src\hotspot\share\interpreter\linkResolver.cpp, line 805]
Event: 878.912 Thread 0x0000025d710387b0 Exception <a 'java/lang/NoSuchMethodError'{0x0000000088da8020}: 'void java.lang.invoke.DirectMethodHandle$Holder.invokeSpecial(java.lang.Object, java.lang.Object, float, java.lang.Object, java.lang.Object, java.lang.Object, int, int, int, int, int, float, float, int, int, java.lang.Object, java.lang.Object)'> (0x0000000088da8020) 
thrown [s\open\src\hotspot\share\interpreter\linkResolver.cpp, line 805]
Event: 878.915 Thread 0x0000025d710387b0 Exception <a 'java/lang/NoSuchMethodError'{0x0000000088dca5b8}: 'int java.lang.invoke.DirectMethodHandle$Holder.invokeSpecial(java.lang.Object, java.lang.Object, int, java.lang.Object)'> (0x0000000088dca5b8) 
thrown [s\open\src\hotspot\share\interpreter\linkResolver.cpp, line 805]
Event: 878.917 Thread 0x0000025d710387b0 Exception <a 'java/lang/NoSuchMethodError'{0x0000000088dd6ae8}: 'java.lang.Object java.lang.invoke.Invokers$Holder.invokeExact_MT(java.lang.Object, long, java.lang.Object)'> (0x0000000088dd6ae8) 
thrown [s\open\src\hotspot\share\interpreter\linkResolver.cpp, line 805]
Event: 878.925 Thread 0x0000025d710387b0 Exception <a 'java/lang/NoSuchMethodError'{0x0000000088c18730}: 'void java.lang.invoke.DelegatingMethodHandle$Holder.reinvoke_L(java.lang.Object, java.lang.Object, java.lang.Object, java.lang.Object, long, long, long)'> (0x0000000088c18730) 
thrown [s\open\src\hotspot\share\interpreter\linkResolver.cpp, line 805]
Event: 878.929 Thread 0x0000025d710387b0 Exception <a 'java/lang/NoSuchMethodError'{0x0000000088c42478}: 'java.lang.Object java.lang.invoke.DirectMethodHandle$Holder.invokeStatic(java.lang.Object, java.lang.Object, java.lang.Object, java.lang.Object, java.lang.Object, java.lang.Object, long)'> (0x0000000088c42478) 
thrown [s\open\src\hotspot\share\interpreter\linkResolver.cpp, line 805]
Event: 878.935 Thread 0x0000025d710387b0 Exception <a 'java/lang/NoSuchMethodError'{0x0000000088c93288}: 'void java.lang.invoke.DelegatingMethodHandle$Holder.reinvoke_L(java.lang.Object, java.lang.Object, java.lang.Object, java.lang.Object, long, long, int)'> (0x0000000088c93288) 
thrown [s\open\src\hotspot\share\interpreter\linkResolver.cpp, line 805]
Event: 878.940 Thread 0x0000025d710387b0 Exception <a 'java/lang/NoSuchMethodError'{0x0000000088cb0b40}: 'int java.lang.invoke.Invokers$Holder.invokeExact_MT(java.lang.Object, java.lang.Object, java.lang.Object, int, java.lang.Object, java.lang.Object)'> (0x0000000088cb0b40) 
thrown [s\open\src\hotspot\share\interpreter\linkResolver.cpp, line 805]
Event: 878.946 Thread 0x0000025d710387b0 Exception <a 'java/lang/NoSuchMethodError'{0x0000000088ce05a0}: 'java.lang.Object java.lang.invoke.DirectMethodHandle$Holder.invokeStatic(java.lang.Object, java.lang.Object, java.lang.Object, java.lang.Object, java.lang.Object, long, java.lang.Object)'> (0x0000000088ce05a0) 
thrown [s\open\src\hotspot\share\interpreter\linkResolver.cpp, line 805]
Event: 879.039 Thread 0x0000025d710387b0 Implicit null exception at 0x0000025d1f2529cd to 0x0000025d1f252b88

VM Operations (20 events):
Event: 878.890 Executing VM operation: HandshakeAllThreads (Deoptimize)
Event: 878.890 Executing VM operation: HandshakeAllThreads (Deoptimize) done
Event: 878.911 Executing VM operation: HandshakeAllThreads (Deoptimize)
Event: 878.911 Executing VM operation: HandshakeAllThreads (Deoptimize) done
Event: 902.258 Executing VM operation: HandshakeAllThreads (HandshakeForDeflation)
Event: 902.258 Executing VM operation: HandshakeAllThreads (HandshakeForDeflation) done
Event: 902.258 Executing VM operation: RendezvousGCThreads
Event: 902.258 Executing VM operation: RendezvousGCThreads done
Event: 1142.730 Executing VM operation: HandshakeAllThreads (HandshakeForDeflation)
Event: 1142.731 Executing VM operation: HandshakeAllThreads (HandshakeForDeflation) done
Event: 1142.731 Executing VM operation: RendezvousGCThreads
Event: 1142.731 Executing VM operation: RendezvousGCThreads done
Event: 2405.891 Executing VM operation: HandshakeAllThreads (HandshakeForDeflation)
Event: 2405.891 Executing VM operation: HandshakeAllThreads (HandshakeForDeflation) done
Event: 2405.891 Executing VM operation: RendezvousGCThreads
Event: 2405.891 Executing VM operation: RendezvousGCThreads done
Event: 5532.369 Executing VM operation: HandshakeAllThreads (HandshakeForDeflation)
Event: 5532.369 Executing VM operation: HandshakeAllThreads (HandshakeForDeflation) done
Event: 5532.370 Executing VM operation: RendezvousGCThreads
Event: 5532.370 Executing VM operation: RendezvousGCThreads done

Memory protections (0 events):
No events

Nmethod flushes (0 events):
No events

Events (20 events):
Event: 73.592 Thread 0x0000025d710387b0 Thread added: 0x0000025d71039650
Event: 77.418 Thread 0x0000025d716c20d0 Thread exited: 0x0000025d716c20d0
Event: 78.628 Thread 0x0000025d71039650 Thread exited: 0x0000025d71039650
Event: 78.878 Thread 0x0000025d7103ac40 Thread exited: 0x0000025d7103ac40
Event: 208.715 Thread 0x0000025d710387b0 Thread added: 0x0000025d71039650
Event: 208.763 Thread 0x0000025d2b28b490 Thread added: 0x0000025d714e1220
Event: 209.143 Thread 0x0000025d714e1220 Thread exited: 0x0000025d714e1220
Event: 213.765 Thread 0x0000025d71039650 Thread exited: 0x0000025d71039650
Event: 349.789 Thread 0x0000025d710387b0 Thread added: 0x0000025d7103bae0
Event: 349.878 Thread 0x0000025d2b28b490 Thread added: 0x0000025d7174d730
Event: 352.373 Thread 0x0000025d7174d730 Thread exited: 0x0000025d7174d730
Event: 354.807 Thread 0x0000025d7103bae0 Thread exited: 0x0000025d7103bae0
Event: 683.096 Thread 0x0000025d2b28b490 Thread added: 0x0000025d2b54f8b0
Event: 684.117 Thread 0x0000025d2b54f8b0 Thread exited: 0x0000025d2b54f8b0
Event: 684.740 Thread 0x0000025d710387b0 Thread added: 0x0000025d7103ac40
Event: 689.758 Thread 0x0000025d7103ac40 Thread exited: 0x0000025d7103ac40
Event: 878.779 Thread 0x0000025d2b28b490 Thread added: 0x0000025d7350ffb0
Event: 881.739 Thread 0x0000025d7350ffb0 Thread exited: 0x0000025d7350ffb0
Event: 1115.942 Thread 0x0000025d2b28b490 Thread added: 0x0000025d711ae0c0
Event: 1116.687 Thread 0x0000025d711ae0c0 Thread exited: 0x0000025d711ae0c0


Dynamic libraries:
0x00007ff6b9bd0000 - 0x00007ff6b9be0000 	C:\Program Files\Java\jdk-24\bin\java.exe
0x00007ffa5f8a0000 - 0x00007ffa5fb08000 	C:\Windows\SYSTEM32\ntdll.dll
0x00007ffa5efa0000 - 0x00007ffa5f069000 	C:\Windows\System32\KERNEL32.DLL
0x00007ffa5c9f0000 - 0x00007ffa5cddd000 	C:\Windows\System32\KERNELBASE.dll
0x00007ffa5d450000 - 0x00007ffa5d59b000 	C:\Windows\System32\ucrtbase.dll
0x00007ffa54a90000 - 0x00007ffa54aa6000 	C:\Program Files\Java\jdk-24\bin\jli.dll
0x00007ffa588c0000 - 0x00007ffa588db000 	C:\Program Files\Java\jdk-24\bin\VCRUNTIME140.dll
0x00007ffa5e220000 - 0x00007ffa5e3ec000 	C:\Windows\System32\USER32.dll
0x00007ffa48a70000 - 0x00007ffa48d0a000 	C:\Windows\WinSxS\amd64_microsoft.windows.common-controls_6595b64144ccf1df_6.0.26100.4484_none_3e0e6d4ce32ef3b3\COMCTL32.dll
0x00007ffa5f610000 - 0x00007ffa5f6b9000 	C:\Windows\System32\msvcrt.dll
0x00007ffa5d420000 - 0x00007ffa5d447000 	C:\Windows\System32\win32u.dll
0x00007ffa5d920000 - 0x00007ffa5d94b000 	C:\Windows\System32\GDI32.dll
0x00007ffa5d1a0000 - 0x00007ffa5d2d7000 	C:\Windows\System32\gdi32full.dll
0x00007ffa5d370000 - 0x00007ffa5d413000 	C:\Windows\System32\msvcp_win.dll
0x00007ffa5f260000 - 0x00007ffa5f28f000 	C:\Windows\System32\IMM32.DLL
0x00007ffa59200000 - 0x00007ffa5920c000 	C:\Program Files\Java\jdk-24\bin\vcruntime140_1.dll
0x00007ffa43350000 - 0x00007ffa433de000 	C:\Program Files\Java\jdk-24\bin\msvcp140.dll
0x00007ffa052d0000 - 0x00007ffa06072000 	C:\Program Files\Java\jdk-24\bin\server\jvm.dll
0x00007ffa5f550000 - 0x00007ffa5f604000 	C:\Windows\System32\ADVAPI32.dll
0x00007ffa5e170000 - 0x00007ffa5e216000 	C:\Windows\System32\sechost.dll
0x00007ffa5f6c0000 - 0x00007ffa5f7d8000 	C:\Windows\System32\RPCRT4.dll
0x00007ffa5d690000 - 0x00007ffa5d704000 	C:\Windows\System32\WS2_32.dll
0x00007ffa5c840000 - 0x00007ffa5c89e000 	C:\Windows\SYSTEM32\POWRPROF.dll
0x00007ffa48420000 - 0x00007ffa48455000 	C:\Windows\SYSTEM32\WINMM.dll
0x00007ffa542e0000 - 0x00007ffa542eb000 	C:\Windows\SYSTEM32\VERSION.dll
0x00007ffa5c820000 - 0x00007ffa5c834000 	C:\Windows\SYSTEM32\UMPDC.dll
0x00007ffa5b790000 - 0x00007ffa5b7ab000 	C:\Windows\SYSTEM32\kernel.appcore.dll
0x00007ffa58780000 - 0x00007ffa5878a000 	C:\Program Files\Java\jdk-24\bin\jimage.dll
0x00007ffa3e690000 - 0x00007ffa3e8d1000 	C:\Windows\SYSTEM32\DBGHELP.DLL
0x00007ffa5dde0000 - 0x00007ffa5e166000 	C:\Windows\System32\combase.dll
0x00007ffa5eeb0000 - 0x00007ffa5ef90000 	C:\Windows\System32\OLEAUT32.dll
0x00007ffa55ec0000 - 0x00007ffa55f03000 	C:\Windows\SYSTEM32\dbgcore.DLL
0x00007ffa5d5a0000 - 0x00007ffa5d639000 	C:\Windows\System32\bcryptPrimitives.dll
0x00007ffa58790000 - 0x00007ffa587ae000 	C:\Program Files\Java\jdk-24\bin\java.dll
0x00007ffa5f2a0000 - 0x00007ffa5f43e000 	C:\Windows\System32\ole32.dll
0x00007ffa5e6e0000 - 0x00007ffa5ee2a000 	C:\Windows\System32\SHELL32.dll
0x00007ffa5cde0000 - 0x00007ffa5cf54000 	C:\Windows\System32\wintypes.dll
0x00007ffa5a670000 - 0x00007ffa5aecb000 	C:\Windows\SYSTEM32\windows.storage.dll
0x00007ffa5f070000 - 0x00007ffa5f165000 	C:\Windows\System32\SHCORE.dll
0x00007ffa5f1d0000 - 0x00007ffa5f23a000 	C:\Windows\System32\shlwapi.dll
0x00007ffa5c900000 - 0x00007ffa5c92f000 	C:\Windows\SYSTEM32\profapi.dll
0x00007ffa3c6b0000 - 0x00007ffa3c787000 	C:\Program Files\Java\jdk-24\bin\jsvml.dll
0x00007ffa0e200000 - 0x00007ffa0e37f000 	C:\Program Files\Java\jdk-24\bin\awt.dll
0x00007ffa596b0000 - 0x00007ffa5974e000 	C:\Windows\SYSTEM32\apphelp.dll
0x00007ffa56a40000 - 0x00007ffa56a50000 	C:\Program Files\Java\jdk-24\bin\net.dll
0x00007ffa5bd20000 - 0x00007ffa5bd8a000 	C:\Windows\system32\mswsock.dll
0x00007ffa56880000 - 0x00007ffa56896000 	C:\Program Files\Java\jdk-24\bin\nio.dll
0x00007ffa51d90000 - 0x00007ffa51da7000 	C:\Program Files\Java\jdk-24\bin\zip.dll
0x00007ffa59c30000 - 0x00007ffa59cdf000 	C:\Windows\system32\uxtheme.dll
0x00007ffa5d7b0000 - 0x00007ffa5d910000 	C:\Windows\System32\MSCTF.dll
0x00007ffa59fc0000 - 0x00007ffa59ff6000 	C:\Windows\system32\DWMAPI.DLL
0x00007ffa37b50000 - 0x00007ffa37c68000 	C:\Windows\system32\opengl32.dll
0x00007ffa37fd0000 - 0x00007ffa37ffd000 	C:\Windows\SYSTEM32\GLU32.dll
0x00007ffa59e10000 - 0x00007ffa59e5d000 	C:\Windows\SYSTEM32\dxcore.dll
0x00007ffa3d620000 - 0x00007ffa3d6a7000 	C:\Program Files\Java\jdk-24\bin\freetype.dll
0x00007ffa29ee0000 - 0x00007ffa29fb7000 	C:\Program Files\Java\jdk-24\bin\fontmanager.dll
0x00007ffa5e5e0000 - 0x00007ffa5e688000 	C:\Windows\System32\clbcatq.dll
0x00007ffa59900000 - 0x00007ffa59b3b000 	C:\Windows\SYSTEM32\WindowsCodecs.dll
0x00007ffa36710000 - 0x00007ffa3676a000 	C:\Windows\system32\dataexchange.dll
0x00007ffa4d660000 - 0x00007ffa4d898000 	C:\Windows\system32\twinapi.appcore.dll
0x00007ffa49c90000 - 0x00007ffa49de0000 	C:\Windows\SYSTEM32\textinputframework.dll
0x00007ffa58ec0000 - 0x00007ffa58fe5000 	C:\Windows\SYSTEM32\CoreMessaging.dll
0x00007ffa4caa0000 - 0x00007ffa4cd83000 	C:\Windows\SYSTEM32\CoreUIComponents.dll
0x00007ffa5bff0000 - 0x00007ffa5bffc000 	C:\Windows\SYSTEM32\CRYPTBASE.DLL
0x00007ffa5b250000 - 0x00007ffa5b376000 	C:\Windows\SYSTEM32\DNSAPI.dll
0x00007ffa5b1c0000 - 0x00007ffa5b1f3000 	C:\Windows\SYSTEM32\IPHLPAPI.DLL
0x00007ffa5d640000 - 0x00007ffa5d64a000 	C:\Windows\System32\NSI.dll
0x00007ffa529a0000 - 0x00007ffa529ab000 	C:\Windows\System32\rasadhlp.dll
0x00007ffa55610000 - 0x00007ffa55696000 	C:\Windows\System32\fwpuclnt.dll
0x00007ffa55eb0000 - 0x00007ffa55eb9000 	C:\Program Files\Java\jdk-24\bin\extnet.dll
0x00007ffa44d40000 - 0x00007ffa44d6e000 	C:\Program Files\Java\jdk-24\bin\javajpeg.dll
0x00007ffa549d0000 - 0x00007ffa549d9000 	C:\Program Files\Java\jdk-24\bin\syslookup.dll

dbghelp: loaded successfully - version: 4.0.5 - missing functions: none
symbol engine: initialized successfully - sym options: 0x614 - pdb path: .;C:\Program Files\Java\jdk-24\bin;C:\Windows\SYSTEM32;C:\Windows\WinSxS\amd64_microsoft.windows.common-controls_6595b64144ccf1df_6.0.26100.4484_none_3e0e6d4ce32ef3b3;C:\Program Files\Java\jdk-24\bin\server

VM Arguments:
java_command: com.mycompany.pantallapricipal.Pantallapricipal
java_class_path (initial): C:\Users\holan\Documents\GitHub\healthTrack\target\classes;C:\Users\holan\.m2\repository\org\netbeans\external\AbsoluteLayout\RELEASE250\AbsoluteLayout-RELEASE250.jar;C:\Users\holan\.m2\repository\com\mysql\mysql-connector-j\8.0.33\mysql-connector-j-8.0.33.jar;C:\Users\holan\.m2\repository\com\google\protobuf\protobuf-java\3.21.9\protobuf-java-3.21.9.jar;C:\Users\holan\.m2\repository\io\github\cdimascio\dotenv-java\3.0.0\dotenv-java-3.0.0.jar;C:\Users\holan\.m2\repository\org\jfree\jfreechart\1.5.4\jfreechart-1.5.4.jar
Launcher Type: SUN_STANDARD

[Global flags]
     intx CICompilerCount                          = 3                                         {product} {ergonomic}
     uint ConcGCThreads                            = 1                                         {product} {ergonomic}
     uint G1ConcRefinementThreads                  = 4                                         {product} {ergonomic}
   size_t G1HeapRegionSize                         = 1048576                                   {product} {ergonomic}
   size_t InitialHeapSize                          = 130023424                                 {product} {ergonomic}
   size_t MarkStackSize                            = 4194304                                   {product} {ergonomic}
   size_t MarkStackSizeMax                         = 536870912                                 {product} {ergonomic}
   size_t MaxHeapSize                              = 2069889024                                {product} {ergonomic}
   size_t MaxNewSize                               = 1241513984                                {product} {ergonomic}
   size_t MinHeapDeltaBytes                        = 1048576                                   {product} {ergonomic}
   size_t MinHeapSize                              = 8388608                                   {product} {ergonomic}
    uintx NonNMethodCodeHeapSize                   = 5832704                                {pd product} {ergonomic}
    uintx NonProfiledCodeHeapSize                  = 122945536                              {pd product} {ergonomic}
    uintx ProfiledCodeHeapSize                     = 122880000                              {pd product} {ergonomic}
    uintx ReservedCodeCacheSize                    = 251658240                              {pd product} {ergonomic}
     bool SegmentedCodeCache                       = true                                      {product} {ergonomic}
   size_t SoftMaxHeapSize                          = 2069889024                             {manageable} {ergonomic}
     bool UseCompressedOops                        = true                           {product lp64_product} {ergonomic}
     bool UseG1GC                                  = true                                      {product} {ergonomic}
     bool UseLargePagesIndividualAllocation        = false                                  {pd product} {ergonomic}

Logging:
Log output configuration:
 #0: stdout all=warning uptime,level,tags foldmultilines=false
 #1: stderr all=off uptime,level,tags foldmultilines=false

Environment Variables:
JAVA_HOME=C:\Program Files\Java\jdk-24
PATH=C:\Program Files\Common Files\Oracle\Java\javapath;C:\Windows\system32;C:\Windows;C:\Windows\System32\Wbem;C:\Windows\System32\WindowsPowerShell\v1.0\;C:\Windows\System32\OpenSSH\;C:\Program Files\dotnet\;C:\Program Files\Git\cmd;C:\Users\holan\AppData\Local\Microsoft\WindowsApps;C:\Users\holan\AppData\Local\GitHubDesktop\bin;C:\Users\holan\AppData\Local\Programs\Microsoft VS Code\bin
USERNAME=holan
OS=Windows_NT
PROCESSOR_IDENTIFIER=Intel64 Family 6 Model 61 Stepping 4, GenuineIntel
TMP=C:\Users\holan\AppData\Local\Temp
TEMP=C:\Users\holan\AppData\Local\Temp




Periodic native trim disabled

---------------  S Y S T E M  ---------------

OS:
 Windows 11 , 64 bit Build 26100 (10.0.26100.4484)
OS uptime: 0 days 21:52 hours

CPU: total 4 (initial active 4) (2 cores per cpu, 2 threads per core) family 6 model 61 stepping 4 microcode 0x2f, cx8, cmov, fxsr, ht, mmx, 3dnowpref, sse, sse2, sse3, ssse3, sse4.1, sse4.2, popcnt, lzcnt, tsc, tscinvbit, avx, avx2, aes, erms, clmul, bmi1, bmi2, rtm, adx, fma, vzeroupper, clflush, rdtscp, f16c
Processor Information for the first 4 processors :
  Max Mhz: 2295, Current Mhz: 2295, Mhz Limit: 2295

Memory: 4k page, system-wide physical 7888M (1247M free)
TotalPageFile size 10192M (AvailPageFile size 1972M)
current process WorkingSet (physical memory assigned to process): 48M, peak: 215M
current process commit charge ("private bytes"): 242M, peak: 260M

vm_info: Java HotSpot(TM) 64-Bit Server VM (24+36-3646) for windows-amd64 JRE (24+36-3646), built on 2025-02-06T00:20:43Z with MS VC++ 17.6 (VS2022)

END.
